[1.063s] DEBUG:colcon:Command line arguments: ['/usr/bin/colcon', 'build']
[1.063s] DEBUG:colcon:Parsed command line arguments: Namespace(log_base=None, log_level=None, verb_name='build', build_base='build', install_base='install', merge_install=False, symlink_install=False, test_result_base=None, continue_on_error=False, executor='parallel', parallel_workers=2, event_handlers=None, ignore_user_meta=False, metas=['./colcon.meta'], base_paths=['.'], packages_ignore=None, packages_ignore_regex=None, paths=None, packages_up_to=None, packages_up_to_regex=None, packages_above=None, packages_above_and_dependencies=None, packages_above_depth=None, packages_select_by_dep=None, packages_skip_by_dep=None, packages_skip_up_to=None, packages_select_build_failed=False, packages_skip_build_finished=False, packages_select_test_failures=False, packages_skip_test_passed=False, packages_select=None, packages_skip=None, packages_select_regex=None, packages_skip_regex=None, packages_start=None, packages_end=None, cmake_args=None, cmake_target=None, cmake_target_skip_unavailable=False, cmake_clean_cache=False, cmake_clean_first=False, cmake_force_configure=False, ament_cmake_args=None, catkin_cmake_args=None, catkin_skip_building_tests=False, mixin_files=None, mixin=None, verb_parser=<colcon_mixin.mixin.mixin_argument.MixinArgumentDecorator object at 0x7f77835b2110>, verb_extension=<colcon_core.verb.build.BuildVerb object at 0x7f7783f30100>, main=<bound method BuildVerb.main of <colcon_core.verb.build.BuildVerb object at 0x7f7783f30100>>, mixin_verb=('build',))
[1.233s] Level 1:colcon.colcon_core.package_discovery:discover_packages(colcon_meta) check parameters
[1.237s] INFO:colcon.colcon_metadata.package_discovery.colcon_meta:Using configuration from '/root/.colcon/metadata/default/Gazebo.meta'
[1.238s] INFO:colcon.colcon_metadata.package_discovery.colcon_meta:Using configuration from '/root/.colcon/metadata/default/fastrtps.meta'
[1.239s] Level 1:colcon.colcon_core.package_discovery:discover_packages(recursive) check parameters
[1.239s] Level 1:colcon.colcon_core.package_discovery:discover_packages(ignore) check parameters
[1.239s] Level 1:colcon.colcon_core.package_discovery:discover_packages(path) check parameters
[1.239s] Level 1:colcon.colcon_core.package_discovery:discover_packages(colcon_meta) discover
[1.239s] Level 1:colcon.colcon_core.package_discovery:discover_packages(recursive) discover
[1.239s] INFO:colcon.colcon_core.package_discovery:Crawling recursively for packages in '/home/rdpi/Documents/TieDan/d2ros2/chapt3/chapt3_ws'
[1.239s] Level 1:colcon.colcon_core.package_identification:_identify(.) by extensions ['ignore', 'ignore_ament_install']
[1.239s] Level 1:colcon.colcon_core.package_identification:_identify(.) by extension 'ignore'
[1.239s] Level 1:colcon.colcon_core.package_identification:_identify(.) by extension 'ignore_ament_install'
[1.239s] Level 1:colcon.colcon_core.package_identification:_identify(.) by extensions ['colcon_pkg']
[1.239s] Level 1:colcon.colcon_core.package_identification:_identify(.) by extension 'colcon_pkg'
[1.239s] Level 1:colcon.colcon_core.package_identification:_identify(.) by extensions ['colcon_meta']
[1.239s] Level 1:colcon.colcon_core.package_identification:_identify(.) by extension 'colcon_meta'
[1.239s] Level 1:colcon.colcon_core.package_identification:_identify(.) by extensions ['ros']
[1.239s] Level 1:colcon.colcon_core.package_identification:_identify(.) by extension 'ros'
[1.273s] Level 1:colcon.colcon_core.package_identification:_identify(.) by extensions ['cmake', 'python']
[1.273s] Level 1:colcon.colcon_core.package_identification:_identify(.) by extension 'cmake'
[1.274s] Level 1:colcon.colcon_core.package_identification:_identify(.) by extension 'python'
[1.274s] Level 1:colcon.colcon_core.package_identification:_identify(.) by extensions ['python_setup_py']
[1.274s] Level 1:colcon.colcon_core.package_identification:_identify(.) by extension 'python_setup_py'
[1.274s] Level 1:colcon.colcon_core.package_identification:_identify(build) by extensions ['ignore', 'ignore_ament_install']
[1.274s] Level 1:colcon.colcon_core.package_identification:_identify(build) by extension 'ignore'
[1.274s] Level 1:colcon.colcon_core.package_identification:_identify(build) ignored
[1.274s] Level 1:colcon.colcon_core.package_identification:_identify(install) by extensions ['ignore', 'ignore_ament_install']
[1.275s] Level 1:colcon.colcon_core.package_identification:_identify(install) by extension 'ignore'
[1.275s] Level 1:colcon.colcon_core.package_identification:_identify(install) ignored
[1.275s] Level 1:colcon.colcon_core.package_identification:_identify(log) by extensions ['ignore', 'ignore_ament_install']
[1.275s] Level 1:colcon.colcon_core.package_identification:_identify(log) by extension 'ignore'
[1.275s] Level 1:colcon.colcon_core.package_identification:_identify(log) ignored
[1.275s] Level 1:colcon.colcon_core.package_identification:_identify(src) by extensions ['ignore', 'ignore_ament_install']
[1.275s] Level 1:colcon.colcon_core.package_identification:_identify(src) by extension 'ignore'
[1.275s] Level 1:colcon.colcon_core.package_identification:_identify(src) by extension 'ignore_ament_install'
[1.275s] Level 1:colcon.colcon_core.package_identification:_identify(src) by extensions ['colcon_pkg']
[1.275s] Level 1:colcon.colcon_core.package_identification:_identify(src) by extension 'colcon_pkg'
[1.275s] Level 1:colcon.colcon_core.package_identification:_identify(src) by extensions ['colcon_meta']
[1.275s] Level 1:colcon.colcon_core.package_identification:_identify(src) by extension 'colcon_meta'
[1.275s] Level 1:colcon.colcon_core.package_identification:_identify(src) by extensions ['ros']
[1.276s] Level 1:colcon.colcon_core.package_identification:_identify(src) by extension 'ros'
[1.276s] Level 1:colcon.colcon_core.package_identification:_identify(src) by extensions ['cmake', 'python']
[1.276s] Level 1:colcon.colcon_core.package_identification:_identify(src) by extension 'cmake'
[1.276s] Level 1:colcon.colcon_core.package_identification:_identify(src) by extension 'python'
[1.276s] Level 1:colcon.colcon_core.package_identification:_identify(src) by extensions ['python_setup_py']
[1.276s] Level 1:colcon.colcon_core.package_identification:_identify(src) by extension 'python_setup_py'
[1.276s] Level 1:colcon.colcon_core.package_identification:_identify(src/example_service_rclpy) by extensions ['ignore', 'ignore_ament_install']
[1.276s] Level 1:colcon.colcon_core.package_identification:_identify(src/example_service_rclpy) by extension 'ignore'
[1.276s] Level 1:colcon.colcon_core.package_identification:_identify(src/example_service_rclpy) by extension 'ignore_ament_install'
[1.276s] Level 1:colcon.colcon_core.package_identification:_identify(src/example_service_rclpy) by extensions ['colcon_pkg']
[1.276s] Level 1:colcon.colcon_core.package_identification:_identify(src/example_service_rclpy) by extension 'colcon_pkg'
[1.277s] Level 1:colcon.colcon_core.package_identification:_identify(src/example_service_rclpy) by extensions ['colcon_meta']
[1.277s] Level 1:colcon.colcon_core.package_identification:_identify(src/example_service_rclpy) by extension 'colcon_meta'
[1.277s] Level 1:colcon.colcon_core.package_identification:_identify(src/example_service_rclpy) by extensions ['ros']
[1.277s] Level 1:colcon.colcon_core.package_identification:_identify(src/example_service_rclpy) by extension 'ros'
[1.284s] DEBUG:colcon.colcon_core.package_identification:Package 'src/example_service_rclpy' with type 'ros.ament_python' and name 'example_service_rclpy'
[1.284s] Level 1:colcon.colcon_core.package_discovery:discover_packages(recursive) using defaults
[1.288s] Level 1:colcon.colcon_core.package_discovery:discover_packages(ignore) discover
[1.288s] Level 1:colcon.colcon_core.package_discovery:discover_packages(ignore) using defaults
[1.288s] Level 1:colcon.colcon_core.package_discovery:discover_packages(path) discover
[1.288s] Level 1:colcon.colcon_core.package_discovery:discover_packages(path) using defaults
[1.360s] Level 5:colcon.colcon_core.verb:set package 'example_service_rclpy' build argument 'cmake_args' from command line to 'None'
[1.360s] Level 5:colcon.colcon_core.verb:set package 'example_service_rclpy' build argument 'cmake_target' from command line to 'None'
[1.360s] Level 5:colcon.colcon_core.verb:set package 'example_service_rclpy' build argument 'cmake_target_skip_unavailable' from command line to 'False'
[1.360s] Level 5:colcon.colcon_core.verb:set package 'example_service_rclpy' build argument 'cmake_clean_cache' from command line to 'False'
[1.360s] Level 5:colcon.colcon_core.verb:set package 'example_service_rclpy' build argument 'cmake_clean_first' from command line to 'False'
[1.360s] Level 5:colcon.colcon_core.verb:set package 'example_service_rclpy' build argument 'cmake_force_configure' from command line to 'False'
[1.360s] Level 5:colcon.colcon_core.verb:set package 'example_service_rclpy' build argument 'ament_cmake_args' from command line to 'None'
[1.360s] Level 5:colcon.colcon_core.verb:set package 'example_service_rclpy' build argument 'catkin_cmake_args' from command line to 'None'
[1.360s] Level 5:colcon.colcon_core.verb:set package 'example_service_rclpy' build argument 'catkin_skip_building_tests' from command line to 'False'
[1.360s] DEBUG:colcon.colcon_core.verb:Building package 'example_service_rclpy' with the following arguments: {'ament_cmake_args': None, 'build_base': '/home/rdpi/Documents/TieDan/d2ros2/chapt3/chapt3_ws/build/example_service_rclpy', 'catkin_cmake_args': None, 'catkin_skip_building_tests': False, 'cmake_args': None, 'cmake_clean_cache': False, 'cmake_clean_first': False, 'cmake_force_configure': False, 'cmake_target': None, 'cmake_target_skip_unavailable': False, 'install_base': '/home/rdpi/Documents/TieDan/d2ros2/chapt3/chapt3_ws/install/example_service_rclpy', 'merge_install': False, 'path': '/home/rdpi/Documents/TieDan/d2ros2/chapt3/chapt3_ws/src/example_service_rclpy', 'symlink_install': False, 'test_result_base': None}
[1.361s] INFO:colcon.colcon_core.executor:Executing jobs using 'parallel' executor
[1.379s] DEBUG:colcon.colcon_parallel_executor.executor.parallel:run_until_complete
[1.379s] INFO:colcon.colcon_ros.task.ament_python.build:Building ROS package in '/home/rdpi/Documents/TieDan/d2ros2/chapt3/chapt3_ws/src/example_service_rclpy' with build type 'ament_python'
[1.380s] Level 1:colcon.colcon_core.shell:create_environment_hook('example_service_rclpy', 'ament_prefix_path')
[1.412s] INFO:colcon.colcon_core.plugin_system:Skipping extension 'colcon_core.shell.bat': Not used on non-Windows systems
[1.412s] INFO:colcon.colcon_core.shell:Creating environment hook '/home/rdpi/Documents/TieDan/d2ros2/chapt3/chapt3_ws/install/example_service_rclpy/share/example_service_rclpy/hook/ament_prefix_path.ps1'
[1.419s] INFO:colcon.colcon_core.shell:Creating environment descriptor '/home/rdpi/Documents/TieDan/d2ros2/chapt3/chapt3_ws/install/example_service_rclpy/share/example_service_rclpy/hook/ament_prefix_path.dsv'
[1.422s] INFO:colcon.colcon_core.shell:Creating environment hook '/home/rdpi/Documents/TieDan/d2ros2/chapt3/chapt3_ws/install/example_service_rclpy/share/example_service_rclpy/hook/ament_prefix_path.sh'
[1.425s] INFO:colcon.colcon_core.shell:Skip shell extension 'powershell' for command environment: Not usable outside of PowerShell
[1.425s] DEBUG:colcon.colcon_core.shell:Skip shell extension 'dsv' for command environment
[2.819s] INFO:colcon.colcon_core.task.python.build:Building Python package in '/home/rdpi/Documents/TieDan/d2ros2/chapt3/chapt3_ws/src/example_service_rclpy'
[2.823s] INFO:colcon.colcon_core.shell:Skip shell extension 'powershell' for command environment: Not usable outside of PowerShell
[2.823s] DEBUG:colcon.colcon_core.shell:Skip shell extension 'dsv' for command environment
[4.347s] DEBUG:colcon.colcon_core.event_handler.log_command:Invoking command in '/home/rdpi/Documents/TieDan/d2ros2/chapt3/chapt3_ws/src/example_service_rclpy': PYTHONPATH=/home/rdpi/Documents/TieDan/d2ros2/chapt3/chapt3_ws/install/example_service_rclpy/lib/python3.10/site-packages:${PYTHONPATH} /usr/bin/python3 setup.py egg_info --egg-base ../../build/example_service_rclpy build --build-base /home/rdpi/Documents/TieDan/d2ros2/chapt3/chapt3_ws/build/example_service_rclpy/build install --prefix /home/rdpi/Documents/TieDan/d2ros2/chapt3/chapt3_ws/install/example_service_rclpy --record /home/rdpi/Documents/TieDan/d2ros2/chapt3/chapt3_ws/build/example_service_rclpy/install.log --single-version-externally-managed
[5.681s] DEBUG:colcon.colcon_core.event_handler.log_command:Invoked command in '/home/rdpi/Documents/TieDan/d2ros2/chapt3/chapt3_ws/src/example_service_rclpy' returned '0': PYTHONPATH=/home/rdpi/Documents/TieDan/d2ros2/chapt3/chapt3_ws/install/example_service_rclpy/lib/python3.10/site-packages:${PYTHONPATH} /usr/bin/python3 setup.py egg_info --egg-base ../../build/example_service_rclpy build --build-base /home/rdpi/Documents/TieDan/d2ros2/chapt3/chapt3_ws/build/example_service_rclpy/build install --prefix /home/rdpi/Documents/TieDan/d2ros2/chapt3/chapt3_ws/install/example_service_rclpy --record /home/rdpi/Documents/TieDan/d2ros2/chapt3/chapt3_ws/build/example_service_rclpy/install.log --single-version-externally-managed
[5.735s] Level 1:colcon.colcon_core.environment:checking '/home/rdpi/Documents/TieDan/d2ros2/chapt3/chapt3_ws/install/example_service_rclpy' for CMake module files
[5.735s] Level 1:colcon.colcon_core.environment:checking '/home/rdpi/Documents/TieDan/d2ros2/chapt3/chapt3_ws/install/example_service_rclpy' for CMake config files
[5.736s] Level 1:colcon.colcon_core.environment:checking '/home/rdpi/Documents/TieDan/d2ros2/chapt3/chapt3_ws/install/example_service_rclpy/lib'
[5.736s] Level 1:colcon.colcon_core.environment:checking '/home/rdpi/Documents/TieDan/d2ros2/chapt3/chapt3_ws/install/example_service_rclpy/bin'
[5.736s] Level 1:colcon.colcon_core.environment:checking '/home/rdpi/Documents/TieDan/d2ros2/chapt3/chapt3_ws/install/example_service_rclpy/lib/pkgconfig/example_service_rclpy.pc'
[5.737s] Level 1:colcon.colcon_core.environment:checking '/home/rdpi/Documents/TieDan/d2ros2/chapt3/chapt3_ws/install/example_service_rclpy/lib/python3.10/site-packages'
[5.737s] Level 1:colcon.colcon_core.shell:create_environment_hook('example_service_rclpy', 'pythonpath')
[5.737s] INFO:colcon.colcon_core.shell:Creating environment hook '/home/rdpi/Documents/TieDan/d2ros2/chapt3/chapt3_ws/install/example_service_rclpy/share/example_service_rclpy/hook/pythonpath.ps1'
[5.740s] INFO:colcon.colcon_core.shell:Creating environment descriptor '/home/rdpi/Documents/TieDan/d2ros2/chapt3/chapt3_ws/install/example_service_rclpy/share/example_service_rclpy/hook/pythonpath.dsv'
[5.742s] INFO:colcon.colcon_core.shell:Creating environment hook '/home/rdpi/Documents/TieDan/d2ros2/chapt3/chapt3_ws/install/example_service_rclpy/share/example_service_rclpy/hook/pythonpath.sh'
[5.743s] Level 1:colcon.colcon_core.environment:checking '/home/rdpi/Documents/TieDan/d2ros2/chapt3/chapt3_ws/install/example_service_rclpy/bin'
[5.743s] Level 1:colcon.colcon_core.environment:create_environment_scripts_only(example_service_rclpy)
[5.744s] INFO:colcon.colcon_core.shell:Creating package script '/home/rdpi/Documents/TieDan/d2ros2/chapt3/chapt3_ws/install/example_service_rclpy/share/example_service_rclpy/package.ps1'
[5.762s] INFO:colcon.colcon_core.shell:Creating package descriptor '/home/rdpi/Documents/TieDan/d2ros2/chapt3/chapt3_ws/install/example_service_rclpy/share/example_service_rclpy/package.dsv'
[5.772s] INFO:colcon.colcon_core.shell:Creating package script '/home/rdpi/Documents/TieDan/d2ros2/chapt3/chapt3_ws/install/example_service_rclpy/share/example_service_rclpy/package.sh'
[5.777s] INFO:colcon.colcon_core.shell:Creating package script '/home/rdpi/Documents/TieDan/d2ros2/chapt3/chapt3_ws/install/example_service_rclpy/share/example_service_rclpy/package.bash'
[5.798s] INFO:colcon.colcon_core.shell:Creating package script '/home/rdpi/Documents/TieDan/d2ros2/chapt3/chapt3_ws/install/example_service_rclpy/share/example_service_rclpy/package.zsh'
[5.813s] Level 1:colcon.colcon_core.environment:create_file_with_runtime_dependencies(/home/rdpi/Documents/TieDan/d2ros2/chapt3/chapt3_ws/install/example_service_rclpy/share/colcon-core/packages/example_service_rclpy)
[5.823s] DEBUG:colcon.colcon_parallel_executor.executor.parallel:closing loop
[5.825s] DEBUG:colcon.colcon_parallel_executor.executor.parallel:loop closed
[5.825s] DEBUG:colcon.colcon_parallel_executor.executor.parallel:run_until_complete finished with '0'
[5.825s] DEBUG:colcon.colcon_core.event_reactor:joining thread
[5.958s] INFO:colcon.colcon_core.plugin_system:Skipping extension 'colcon_notification.desktop_notification.notify_send': Could not find 'notify-send'
[5.958s] INFO:colcon.colcon_core.plugin_system:Skipping extension 'colcon_notification.desktop_notification.terminal_notifier': Not used on non-Darwin systems
[5.958s] INFO:colcon.colcon_core.plugin_system:Skipping extension 'colcon_notification.desktop_notification.win32': Not used on non-Windows systems
[5.958s] INFO:colcon.colcon_notification.desktop_notification:Sending desktop notification using 'notify2'
[5.985s] DEBUG:colcon.colcon_notification.desktop_notification.notify2:Failed to initialize notify2: org.freedesktop.DBus.Error.Spawn.ExecFailed: /usr/bin/dbus-launch terminated abnormally without any error message
[5.986s] DEBUG:colcon.colcon_core.event_reactor:joined thread
[5.988s] INFO:colcon.colcon_core.shell:Creating prefix script '/home/rdpi/Documents/TieDan/d2ros2/chapt3/chapt3_ws/install/local_setup.ps1'
[6.003s] INFO:colcon.colcon_core.shell:Creating prefix util module '/home/rdpi/Documents/TieDan/d2ros2/chapt3/chapt3_ws/install/_local_setup_util_ps1.py'
[6.006s] INFO:colcon.colcon_core.shell:Creating prefix chain script '/home/rdpi/Documents/TieDan/d2ros2/chapt3/chapt3_ws/install/setup.ps1'
[6.018s] INFO:colcon.colcon_core.shell:Creating prefix script '/home/rdpi/Documents/TieDan/d2ros2/chapt3/chapt3_ws/install/local_setup.sh'
[6.028s] INFO:colcon.colcon_core.shell:Creating prefix util module '/home/rdpi/Documents/TieDan/d2ros2/chapt3/chapt3_ws/install/_local_setup_util_sh.py'
[6.038s] INFO:colcon.colcon_core.shell:Creating prefix chain script '/home/rdpi/Documents/TieDan/d2ros2/chapt3/chapt3_ws/install/setup.sh'
[6.045s] INFO:colcon.colcon_core.shell:Creating prefix script '/home/rdpi/Documents/TieDan/d2ros2/chapt3/chapt3_ws/install/local_setup.bash'
[6.054s] INFO:colcon.colcon_core.shell:Creating prefix chain script '/home/rdpi/Documents/TieDan/d2ros2/chapt3/chapt3_ws/install/setup.bash'
[6.058s] INFO:colcon.colcon_core.shell:Creating prefix script '/home/rdpi/Documents/TieDan/d2ros2/chapt3/chapt3_ws/install/local_setup.zsh'
[6.065s] INFO:colcon.colcon_core.shell:Creating prefix chain script '/home/rdpi/Documents/TieDan/d2ros2/chapt3/chapt3_ws/install/setup.zsh'
