-- The C compiler identification is GNU 11.2.0
-- The CXX compiler identification is GNU 11.2.0
-- Detecting C compiler ABI info
-- Detecting C compiler ABI info - done
-- Check for working C compiler: /usr/bin/cc - skipped
-- Detecting C compile features
-- Detecting C compile features - done
-- Detecting CXX compiler ABI info
-- Detecting CXX compiler ABI info - done
-- Check for working CXX compiler: /usr/bin/c++ - skipped
-- Detecting CXX compile features
-- Detecting CXX compile features - done
-- Found ament_cmake: 1.3.2 (/opt/ros/humble/share/ament_cmake/cmake)
-- Found Python3: /usr/bin/python3.10 (found version "3.10.4") found components: Interpreter 
-- Found rosidl_default_generators: 1.2.0 (/opt/ros/humble/share/rosidl_default_generators/cmake)
-- Using all available rosidl_typesupport_c: rosidl_typesupport_fastrtps_c;rosidl_typesupport_introspection_c
-- Found rosidl_adapter: 3.1.3 (/opt/ros/humble/share/rosidl_adapter/cmake)
-- Using all available rosidl_typesupport_cpp: rosidl_typesupport_fastrtps_cpp;rosidl_typesupport_introspection_cpp
-- Found geometry_msgs: 4.2.2 (/opt/ros/humble/share/geometry_msgs/cmake)
-- Found ament_cmake_ros: 0.10.0 (/opt/ros/humble/share/ament_cmake_ros/cmake)
-- Using all available rosidl_typesupport_c: rosidl_typesupport_fastrtps_c;rosidl_typesupport_introspection_c
-- Using all available rosidl_typesupport_cpp: rosidl_typesupport_fastrtps_cpp;rosidl_typesupport_introspection_cpp
-- Found PythonInterp: /usr/bin/python3 (found suitable version "3.10.4", minimum required is "3.6") 
-- Found python_cmake_module: 0.10.0 (/opt/ros/humble/share/python_cmake_module/cmake)
-- Found PythonLibs: /usr/lib/x86_64-linux-gnu/libpython3.10.so (found suitable version "3.10.4", minimum required is "3.5") 
-- Using PYTHON_EXECUTABLE: /usr/bin/python3
-- Using PYTHON_INCLUDE_DIRS: /usr/include/python3.10
-- Using PYTHON_LIBRARIES: /usr/lib/x86_64-linux-gnu/libpython3.10.so
-- Found PythonExtra: .so  
-- Found ament_lint_auto: 0.12.4 (/opt/ros/humble/share/ament_lint_auto/cmake)
-- Added test 'lint_cmake' to check CMake code style
-- Added test 'xmllint' to check XML markup files
-- Configuring done
-- Generating done
-- Build files have been written to: /home/rdpi/Documents/TieDan/d2ros2/chapt3/chapt3_ws/build/example_ros2_interfaces
[  2%] [34m[1mGenerating C code for ROS interfaces[0m
[  4%] [34m[1mGenerating C++ code for ROS interfaces[0m
[  6%] [32mBuilding C object CMakeFiles/example_ros2_interfaces__rosidl_generator_c.dir/rosidl_generator_c/example_ros2_interfaces/msg/detail/robot_pose__functions.c.o[0m
[  6%] Built target example_ros2_interfaces__cpp
[  8%] [32mBuilding C object CMakeFiles/example_ros2_interfaces__rosidl_generator_c.dir/rosidl_generator_c/example_ros2_interfaces/msg/detail/robot_status__functions.c.o[0m
[  8%] Built target ament_cmake_python_copy_example_ros2_interfaces
[ 10%] [34m[1mGenerating C++ type support dispatch for ROS interfaces[0m
[ 12%] [32mBuilding C object CMakeFiles/example_ros2_interfaces__rosidl_generator_c.dir/rosidl_generator_c/example_ros2_interfaces/srv/detail/move_robot__functions.c.o[0m
[ 14%] [32m[1mLinking C shared library libexample_ros2_interfaces__rosidl_generator_c.so[0m
[ 14%] Built target example_ros2_interfaces__rosidl_generator_c
[ 17%] [34m[1mGenerating C++ type support for eProsima Fast-RTPS[0m
[ 19%] [32mBuilding CXX object CMakeFiles/example_ros2_interfaces__rosidl_typesupport_cpp.dir/rosidl_typesupport_cpp/example_ros2_interfaces/msg/robot_pose__type_support.cpp.o[0m
[ 21%] [32mBuilding CXX object CMakeFiles/example_ros2_interfaces__rosidl_typesupport_fastrtps_cpp.dir/rosidl_typesupport_fastrtps_cpp/example_ros2_interfaces/msg/detail/dds_fastrtps/robot_pose__type_support.cpp.o[0m
[ 23%] [32mBuilding CXX object CMakeFiles/example_ros2_interfaces__rosidl_typesupport_cpp.dir/rosidl_typesupport_cpp/example_ros2_interfaces/msg/robot_status__type_support.cpp.o[0m
[ 25%] [32mBuilding CXX object CMakeFiles/example_ros2_interfaces__rosidl_typesupport_cpp.dir/rosidl_typesupport_cpp/example_ros2_interfaces/srv/move_robot__type_support.cpp.o[0m
[ 27%] [32mBuilding CXX object CMakeFiles/example_ros2_interfaces__rosidl_typesupport_fastrtps_cpp.dir/rosidl_typesupport_fastrtps_cpp/example_ros2_interfaces/msg/detail/dds_fastrtps/robot_status__type_support.cpp.o[0m
gmake[2]: *** [CMakeFiles/example_ros2_interfaces__rosidl_typesupport_cpp.dir/build.make:181: CMakeFiles/example_ros2_interfaces__rosidl_typesupport_cpp.dir/rosidl_typesupport_cpp/example_ros2_interfaces/srv/move_robot__type_support.cpp.o] Interrupt
gmake[2]: *** [CMakeFiles/example_ros2_interfaces__rosidl_typesupport_fastrtps_cpp.dir/build.make:178: CMakeFiles/example_ros2_interfaces__rosidl_typesupport_fastrtps_cpp.dir/rosidl_typesupport_fastrtps_cpp/example_ros2_interfaces/msg/detail/dds_fastrtps/robot_status__type_support.cpp.o] Interrupt
gmake[1]: *** [CMakeFiles/Makefile2:343: CMakeFiles/example_ros2_interfaces__rosidl_typesupport_fastrtps_cpp.dir/all] Interrupt
gmake[1]: *** [CMakeFiles/Makefile2:395: CMakeFiles/example_ros2_interfaces__rosidl_typesupport_cpp.dir/all] Interrupt
gmake: *** [Makefile:146: all] Interrupt
