[0.024s] Invoking command in '/home/rdpi/Documents/TieDan/d2ros2/chapt3/chapt3_ws/build/example_ros2_interfaces': CMAKE_PREFIX_PATH=/home/rdpi/Documents/TieDan/d2ros2/chapt3/chapt3_ws/src/install/example_service_rclpy:/home/rdpi/Documents/TieDan/d2ros2/chapt3/chapt3_ws/src/install/example_interfaces_rclpy:/opt/ros/humble /usr/bin/cmake /home/rdpi/Documents/TieDan/d2ros2/chapt3/chapt3_ws/src/example_ros2_interfaces -DCMAKE_INSTALL_PREFIX=/home/rdpi/Documents/TieDan/d2ros2/chapt3/chapt3_ws/install/example_ros2_interfaces
[0.365s] -- The C compiler identification is GNU 11.2.0
[0.671s] -- The CXX compiler identification is GNU 11.2.0
[0.698s] -- Detecting C compiler ABI info
[0.835s] -- Detecting C compiler ABI info - done
[0.850s] -- Check for working C compiler: /usr/bin/cc - skipped
[0.852s] -- Detecting C compile features
[0.855s] -- Detecting C compile features - done
[0.866s] -- Detecting CXX compiler ABI info
[1.082s] -- Detecting CXX compiler ABI info - done
[1.087s] -- Check for working CXX compiler: /usr/bin/c++ - skipped
[1.088s] -- Detecting CXX compile features
[1.089s] -- Detecting CXX compile features - done
[1.105s] -- Found ament_cmake: 1.3.2 (/opt/ros/humble/share/ament_cmake/cmake)
[1.390s] -- Found Python3: /usr/bin/python3.10 (found version "3.10.4") found components: Interpreter 
[1.652s] -- Found rosidl_default_generators: 1.2.0 (/opt/ros/humble/share/rosidl_default_generators/cmake)
[1.668s] -- Using all available rosidl_typesupport_c: rosidl_typesupport_fastrtps_c;rosidl_typesupport_introspection_c
[1.690s] -- Found rosidl_adapter: 3.1.3 (/opt/ros/humble/share/rosidl_adapter/cmake)
[1.839s] -- Using all available rosidl_typesupport_cpp: rosidl_typesupport_fastrtps_cpp;rosidl_typesupport_introspection_cpp
[1.946s] -- Found geometry_msgs: 4.2.2 (/opt/ros/humble/share/geometry_msgs/cmake)
[2.659s] -- Found ament_cmake_ros: 0.10.0 (/opt/ros/humble/share/ament_cmake_ros/cmake)
[3.036s] -- Using all available rosidl_typesupport_c: rosidl_typesupport_fastrtps_c;rosidl_typesupport_introspection_c
[3.545s] -- Using all available rosidl_typesupport_cpp: rosidl_typesupport_fastrtps_cpp;rosidl_typesupport_introspection_cpp
[3.582s] -- Found PythonInterp: /usr/bin/python3 (found suitable version "3.10.4", minimum required is "3.6") 
[3.589s] -- Found python_cmake_module: 0.10.0 (/opt/ros/humble/share/python_cmake_module/cmake)
[3.626s] -- Found PythonLibs: /usr/lib/x86_64-linux-gnu/libpython3.10.so (found suitable version "3.10.4", minimum required is "3.5") 
[3.626s] -- Using PYTHON_EXECUTABLE: /usr/bin/python3
[3.627s] -- Using PYTHON_INCLUDE_DIRS: /usr/include/python3.10
[3.627s] -- Using PYTHON_LIBRARIES: /usr/lib/x86_64-linux-gnu/libpython3.10.so
[3.658s] -- Found PythonExtra: .so  
[3.750s] -- Found ament_lint_auto: 0.12.4 (/opt/ros/humble/share/ament_lint_auto/cmake)
[3.883s] -- Added test 'lint_cmake' to check CMake code style
[3.888s] -- Added test 'xmllint' to check XML markup files
[3.897s] -- Configuring done
[4.011s] -- Generating done
[4.019s] -- Build files have been written to: /home/rdpi/Documents/TieDan/d2ros2/chapt3/chapt3_ws/build/example_ros2_interfaces
[4.036s] Invoked command in '/home/rdpi/Documents/TieDan/d2ros2/chapt3/chapt3_ws/build/example_ros2_interfaces' returned '0': CMAKE_PREFIX_PATH=/home/rdpi/Documents/TieDan/d2ros2/chapt3/chapt3_ws/src/install/example_service_rclpy:/home/rdpi/Documents/TieDan/d2ros2/chapt3/chapt3_ws/src/install/example_interfaces_rclpy:/opt/ros/humble /usr/bin/cmake /home/rdpi/Documents/TieDan/d2ros2/chapt3/chapt3_ws/src/example_ros2_interfaces -DCMAKE_INSTALL_PREFIX=/home/rdpi/Documents/TieDan/d2ros2/chapt3/chapt3_ws/install/example_ros2_interfaces
[4.037s] Invoking command in '/home/rdpi/Documents/TieDan/d2ros2/chapt3/chapt3_ws/build/example_ros2_interfaces': CMAKE_PREFIX_PATH=/home/rdpi/Documents/TieDan/d2ros2/chapt3/chapt3_ws/src/install/example_service_rclpy:/home/rdpi/Documents/TieDan/d2ros2/chapt3/chapt3_ws/src/install/example_interfaces_rclpy:/opt/ros/humble /usr/bin/cmake --build /home/rdpi/Documents/TieDan/d2ros2/chapt3/chapt3_ws/build/example_ros2_interfaces -- -j2 -l2
[4.296s] [  2%] [34m[1mGenerating C code for ROS interfaces[0m
[4.316s] [  4%] [34m[1mGenerating C++ code for ROS interfaces[0m
[7.436s] [  6%] [32mBuilding C object CMakeFiles/example_ros2_interfaces__rosidl_generator_c.dir/rosidl_generator_c/example_ros2_interfaces/msg/detail/robot_pose__functions.c.o[0m
[7.898s] [  6%] Built target example_ros2_interfaces__cpp
[7.938s] [  8%] [32mBuilding C object CMakeFiles/example_ros2_interfaces__rosidl_generator_c.dir/rosidl_generator_c/example_ros2_interfaces/msg/detail/robot_status__functions.c.o[0m
[8.041s] [  8%] Built target ament_cmake_python_copy_example_ros2_interfaces
[8.201s] [ 10%] [34m[1mGenerating C++ type support dispatch for ROS interfaces[0m
[8.360s] [ 12%] [32mBuilding C object CMakeFiles/example_ros2_interfaces__rosidl_generator_c.dir/rosidl_generator_c/example_ros2_interfaces/srv/detail/move_robot__functions.c.o[0m
[8.682s] [ 14%] [32m[1mLinking C shared library libexample_ros2_interfaces__rosidl_generator_c.so[0m
[9.066s] [ 14%] Built target example_ros2_interfaces__rosidl_generator_c
[9.164s] [ 17%] [34m[1mGenerating C++ type support for eProsima Fast-RTPS[0m
[10.143s] [ 19%] [32mBuilding CXX object CMakeFiles/example_ros2_interfaces__rosidl_typesupport_cpp.dir/rosidl_typesupport_cpp/example_ros2_interfaces/msg/robot_pose__type_support.cpp.o[0m
[11.066s] [ 21%] [32mBuilding CXX object CMakeFiles/example_ros2_interfaces__rosidl_typesupport_fastrtps_cpp.dir/rosidl_typesupport_fastrtps_cpp/example_ros2_interfaces/msg/detail/dds_fastrtps/robot_pose__type_support.cpp.o[0m
[11.534s] [ 23%] [32mBuilding CXX object CMakeFiles/example_ros2_interfaces__rosidl_typesupport_cpp.dir/rosidl_typesupport_cpp/example_ros2_interfaces/msg/robot_status__type_support.cpp.o[0m
[12.505s] [ 25%] [32mBuilding CXX object CMakeFiles/example_ros2_interfaces__rosidl_typesupport_cpp.dir/rosidl_typesupport_cpp/example_ros2_interfaces/srv/move_robot__type_support.cpp.o[0m
[12.609s] [ 27%] [32mBuilding CXX object CMakeFiles/example_ros2_interfaces__rosidl_typesupport_fastrtps_cpp.dir/rosidl_typesupport_fastrtps_cpp/example_ros2_interfaces/msg/detail/dds_fastrtps/robot_status__type_support.cpp.o[0m
[12.680s] gmake[2]: *** [CMakeFiles/example_ros2_interfaces__rosidl_typesupport_cpp.dir/build.make:181: CMakeFiles/example_ros2_interfaces__rosidl_typesupport_cpp.dir/rosidl_typesupport_cpp/example_ros2_interfaces/srv/move_robot__type_support.cpp.o] Interrupt
[12.681s] gmake[2]: *** [CMakeFiles/example_ros2_interfaces__rosidl_typesupport_fastrtps_cpp.dir/build.make:178: CMakeFiles/example_ros2_interfaces__rosidl_typesupport_fastrtps_cpp.dir/rosidl_typesupport_fastrtps_cpp/example_ros2_interfaces/msg/detail/dds_fastrtps/robot_status__type_support.cpp.o] Interrupt
[12.683s] gmake[1]: *** [CMakeFiles/Makefile2:343: CMakeFiles/example_ros2_interfaces__rosidl_typesupport_fastrtps_cpp.dir/all] Interrupt
[12.683s] gmake[1]: *** [CMakeFiles/Makefile2:395: CMakeFiles/example_ros2_interfaces__rosidl_typesupport_cpp.dir/all] Interrupt
[12.692s] gmake: *** [Makefile:146: all] Interrupt
[12.704s] Invoked command in '/home/rdpi/Documents/TieDan/d2ros2/chapt3/chapt3_ws/build/example_ros2_interfaces' returned '-2': CMAKE_PREFIX_PATH=/home/rdpi/Documents/TieDan/d2ros2/chapt3/chapt3_ws/src/install/example_service_rclpy:/home/rdpi/Documents/TieDan/d2ros2/chapt3/chapt3_ws/src/install/example_interfaces_rclpy:/opt/ros/humble /usr/bin/cmake --build /home/rdpi/Documents/TieDan/d2ros2/chapt3/chapt3_ws/build/example_ros2_interfaces -- -j2 -l2
