[2.951s] Invoking command in '/home/rdpi/Documents/TieDan/d2ros2/chapt3/chapt3_ws/src/example_service_rclpy': PYTHONPATH=/home/rdpi/Documents/TieDan/d2ros2/chapt3/chapt3_ws/install/example_service_rclpy/lib/python3.10/site-packages:${PYTHONPATH} /usr/bin/python3 setup.py egg_info --egg-base ../../build/example_service_rclpy build --build-base /home/rdpi/Documents/TieDan/d2ros2/chapt3/chapt3_ws/build/example_service_rclpy/build install --prefix /home/rdpi/Documents/TieDan/d2ros2/chapt3/chapt3_ws/install/example_service_rclpy --record /home/rdpi/Documents/TieDan/d2ros2/chapt3/chapt3_ws/build/example_service_rclpy/install.log --single-version-externally-managed
[3.820s] running egg_info
[3.830s] creating ../../build/example_service_rclpy/example_service_rclpy.egg-info
[3.831s] writing ../../build/example_service_rclpy/example_service_rclpy.egg-info/PKG-INFO
[3.834s] writing dependency_links to ../../build/example_service_rclpy/example_service_rclpy.egg-info/dependency_links.txt
[3.855s] writing entry points to ../../build/example_service_rclpy/example_service_rclpy.egg-info/entry_points.txt
[3.856s] writing requirements to ../../build/example_service_rclpy/example_service_rclpy.egg-info/requires.txt
[3.858s] writing top-level names to ../../build/example_service_rclpy/example_service_rclpy.egg-info/top_level.txt
[3.860s] writing manifest file '../../build/example_service_rclpy/example_service_rclpy.egg-info/SOURCES.txt'
[3.865s] reading manifest file '../../build/example_service_rclpy/example_service_rclpy.egg-info/SOURCES.txt'
[3.866s] writing manifest file '../../build/example_service_rclpy/example_service_rclpy.egg-info/SOURCES.txt'
[3.868s] running build
[3.868s] running build_py
[3.868s] creating /home/rdpi/Documents/TieDan/d2ros2/chapt3/chapt3_ws/build/example_service_rclpy/build
[3.869s] creating /home/rdpi/Documents/TieDan/d2ros2/chapt3/chapt3_ws/build/example_service_rclpy/build/lib
[3.869s] creating /home/rdpi/Documents/TieDan/d2ros2/chapt3/chapt3_ws/build/example_service_rclpy/build/lib/example_service_rclpy
[3.870s] copying example_service_rclpy/service_client_02.py -> /home/rdpi/Documents/TieDan/d2ros2/chapt3/chapt3_ws/build/example_service_rclpy/build/lib/example_service_rclpy
[3.872s] copying example_service_rclpy/__init__.py -> /home/rdpi/Documents/TieDan/d2ros2/chapt3/chapt3_ws/build/example_service_rclpy/build/lib/example_service_rclpy
[3.873s] copying example_service_rclpy/service_server_02.py -> /home/rdpi/Documents/TieDan/d2ros2/chapt3/chapt3_ws/build/example_service_rclpy/build/lib/example_service_rclpy
[3.874s] running install
[3.876s] /usr/lib/python3/dist-packages/setuptools/command/install.py:34: SetuptoolsDeprecationWarning: setup.py install is deprecated. Use build and pip and other standards-based tools.
[3.876s]   warnings.warn(
[3.877s] running install_lib
[3.879s] creating /home/rdpi/Documents/TieDan/d2ros2/chapt3/chapt3_ws/install/example_service_rclpy/lib/python3.10/site-packages/example_service_rclpy
[3.880s] copying /home/rdpi/Documents/TieDan/d2ros2/chapt3/chapt3_ws/build/example_service_rclpy/build/lib/example_service_rclpy/service_client_02.py -> /home/rdpi/Documents/TieDan/d2ros2/chapt3/chapt3_ws/install/example_service_rclpy/lib/python3.10/site-packages/example_service_rclpy
[3.881s] copying /home/rdpi/Documents/TieDan/d2ros2/chapt3/chapt3_ws/build/example_service_rclpy/build/lib/example_service_rclpy/__init__.py -> /home/rdpi/Documents/TieDan/d2ros2/chapt3/chapt3_ws/install/example_service_rclpy/lib/python3.10/site-packages/example_service_rclpy
[3.882s] copying /home/rdpi/Documents/TieDan/d2ros2/chapt3/chapt3_ws/build/example_service_rclpy/build/lib/example_service_rclpy/service_server_02.py -> /home/rdpi/Documents/TieDan/d2ros2/chapt3/chapt3_ws/install/example_service_rclpy/lib/python3.10/site-packages/example_service_rclpy
[3.883s] byte-compiling /home/rdpi/Documents/TieDan/d2ros2/chapt3/chapt3_ws/install/example_service_rclpy/lib/python3.10/site-packages/example_service_rclpy/service_client_02.py to service_client_02.cpython-310.pyc
[3.888s] byte-compiling /home/rdpi/Documents/TieDan/d2ros2/chapt3/chapt3_ws/install/example_service_rclpy/lib/python3.10/site-packages/example_service_rclpy/__init__.py to __init__.cpython-310.pyc
[3.888s] byte-compiling /home/rdpi/Documents/TieDan/d2ros2/chapt3/chapt3_ws/install/example_service_rclpy/lib/python3.10/site-packages/example_service_rclpy/service_server_02.py to service_server_02.cpython-310.pyc
[3.890s] running install_data
[3.898s] creating /home/rdpi/Documents/TieDan/d2ros2/chapt3/chapt3_ws/install/example_service_rclpy/share/ament_index
[3.898s] creating /home/rdpi/Documents/TieDan/d2ros2/chapt3/chapt3_ws/install/example_service_rclpy/share/ament_index/resource_index
[3.899s] creating /home/rdpi/Documents/TieDan/d2ros2/chapt3/chapt3_ws/install/example_service_rclpy/share/ament_index/resource_index/packages
[3.899s] copying resource/example_service_rclpy -> /home/rdpi/Documents/TieDan/d2ros2/chapt3/chapt3_ws/install/example_service_rclpy/share/ament_index/resource_index/packages
[3.900s] copying package.xml -> /home/rdpi/Documents/TieDan/d2ros2/chapt3/chapt3_ws/install/example_service_rclpy/share/example_service_rclpy
[3.901s] running install_egg_info
[3.917s] Copying ../../build/example_service_rclpy/example_service_rclpy.egg-info to /home/rdpi/Documents/TieDan/d2ros2/chapt3/chapt3_ws/install/example_service_rclpy/lib/python3.10/site-packages/example_service_rclpy-0.0.0-py3.10.egg-info
[3.920s] running install_scripts
[3.993s] Installing service_client_02 script to /home/rdpi/Documents/TieDan/d2ros2/chapt3/chapt3_ws/install/example_service_rclpy/lib/example_service_rclpy
[3.994s] Installing service_server_02 script to /home/rdpi/Documents/TieDan/d2ros2/chapt3/chapt3_ws/install/example_service_rclpy/lib/example_service_rclpy
[3.996s] writing list of installed files to '/home/rdpi/Documents/TieDan/d2ros2/chapt3/chapt3_ws/build/example_service_rclpy/install.log'
[4.286s] Invoked command in '/home/rdpi/Documents/TieDan/d2ros2/chapt3/chapt3_ws/src/example_service_rclpy' returned '0': PYTHONPATH=/home/rdpi/Documents/TieDan/d2ros2/chapt3/chapt3_ws/install/example_service_rclpy/lib/python3.10/site-packages:${PYTHONPATH} /usr/bin/python3 setup.py egg_info --egg-base ../../build/example_service_rclpy build --build-base /home/rdpi/Documents/TieDan/d2ros2/chapt3/chapt3_ws/build/example_service_rclpy/build install --prefix /home/rdpi/Documents/TieDan/d2ros2/chapt3/chapt3_ws/install/example_service_rclpy --record /home/rdpi/Documents/TieDan/d2ros2/chapt3/chapt3_ws/build/example_service_rclpy/install.log --single-version-externally-managed
