[0.047s] Invoking command in '/home/rdpi/Documents/TieDan/d2ros2/chapt3/chapt3_ws/build/example_ros2_interfaces': CMAKE_PREFIX_PATH=${CMAKE_PREFIX_PATH}:/home/rdpi/Documents/TieDan/d2ros2/chapt3/chapt3_ws/install/example_service_rclpy:/home/rdpi/Documents/TieDan/d2ros2/chapt3/chapt3_ws/install/example_interfaces_rclpy:/home/rdpi/Documents/TieDan/d2ros2/chapt3/chapt3_ws/src/install/example_service_rclpy:/home/rdpi/Documents/TieDan/d2ros2/chapt3/chapt3_ws/src/install/example_interfaces_rclpy:/opt/ros/humble /usr/bin/cmake --build /home/rdpi/Documents/TieDan/d2ros2/chapt3/chapt3_ws/build/example_ros2_interfaces -- -j2 -l2
[0.311s] [ 10%] Built target example_ros2_interfaces__rosidl_generator_c
[0.327s] [ 12%] Built target example_ros2_interfaces__cpp
[0.397s] [ 12%] Built target ament_cmake_python_copy_example_ros2_interfaces
[0.421s] [ 23%] Built target example_ros2_interfaces__rosidl_typesupport_cpp
[0.459s] [ 34%] Built target example_ros2_interfaces__rosidl_typesupport_fastrtps_c
[0.499s] [ 44%] Built target example_ros2_interfaces__rosidl_typesupport_introspection_c
[0.512s] [ 55%] Built target example_ros2_interfaces__rosidl_typesupport_c
[0.662s] [ 65%] Built target example_ros2_interfaces__rosidl_typesupport_fastrtps_cpp
[0.693s] [ 76%] Built target example_ros2_interfaces__rosidl_typesupport_introspection_cpp
[0.946s] [ 76%] Built target example_ros2_interfaces
[1.211s] [ 78%] Built target example_ros2_interfaces__py
[1.404s] [ 87%] Built target example_ros2_interfaces__rosidl_generator_py
[1.527s] [ 91%] Built target example_ros2_interfaces__rosidl_typesupport_fastrtps_c__pyext
[1.653s] [ 95%] Built target example_ros2_interfaces__rosidl_typesupport_introspection_c__pyext
[1.803s] running egg_info
[1.805s] [100%] Built target example_ros2_interfaces__rosidl_typesupport_c__pyext
[1.816s] writing example_ros2_interfaces.egg-info/PKG-INFO
[1.817s] writing dependency_links to example_ros2_interfaces.egg-info/dependency_links.txt
[1.817s] writing top-level names to example_ros2_interfaces.egg-info/top_level.txt
[1.829s] reading manifest file 'example_ros2_interfaces.egg-info/SOURCES.txt'
[1.830s] writing manifest file 'example_ros2_interfaces.egg-info/SOURCES.txt'
[1.926s] [100%] Built target ament_cmake_python_build_example_ros2_interfaces_egg
[1.968s] Invoked command in '/home/rdpi/Documents/TieDan/d2ros2/chapt3/chapt3_ws/build/example_ros2_interfaces' returned '0': CMAKE_PREFIX_PATH=${CMAKE_PREFIX_PATH}:/home/rdpi/Documents/TieDan/d2ros2/chapt3/chapt3_ws/install/example_service_rclpy:/home/rdpi/Documents/TieDan/d2ros2/chapt3/chapt3_ws/install/example_interfaces_rclpy:/home/rdpi/Documents/TieDan/d2ros2/chapt3/chapt3_ws/src/install/example_service_rclpy:/home/rdpi/Documents/TieDan/d2ros2/chapt3/chapt3_ws/src/install/example_interfaces_rclpy:/opt/ros/humble /usr/bin/cmake --build /home/rdpi/Documents/TieDan/d2ros2/chapt3/chapt3_ws/build/example_ros2_interfaces -- -j2 -l2
[2.317s] Invoking command in '/home/rdpi/Documents/TieDan/d2ros2/chapt3/chapt3_ws/build/example_ros2_interfaces': CMAKE_PREFIX_PATH=${CMAKE_PREFIX_PATH}:/home/rdpi/Documents/TieDan/d2ros2/chapt3/chapt3_ws/install/example_service_rclpy:/home/rdpi/Documents/TieDan/d2ros2/chapt3/chapt3_ws/install/example_interfaces_rclpy:/home/rdpi/Documents/TieDan/d2ros2/chapt3/chapt3_ws/src/install/example_service_rclpy:/home/rdpi/Documents/TieDan/d2ros2/chapt3/chapt3_ws/src/install/example_interfaces_rclpy:/opt/ros/humble /usr/bin/cmake --install /home/rdpi/Documents/TieDan/d2ros2/chapt3/chapt3_ws/build/example_ros2_interfaces
[2.374s] -- Install configuration: ""
[2.379s] -- Up-to-date: /home/rdpi/Documents/TieDan/d2ros2/chapt3/chapt3_ws/install/example_ros2_interfaces/share/ament_index/resource_index/rosidl_interfaces/example_ros2_interfaces
[2.380s] -- Up-to-date: /home/rdpi/Documents/TieDan/d2ros2/chapt3/chapt3_ws/install/example_ros2_interfaces/include/example_ros2_interfaces/example_ros2_interfaces
[2.380s] -- Up-to-date: /home/rdpi/Documents/TieDan/d2ros2/chapt3/chapt3_ws/install/example_ros2_interfaces/include/example_ros2_interfaces/example_ros2_interfaces/msg
[2.381s] -- Up-to-date: /home/rdpi/Documents/TieDan/d2ros2/chapt3/chapt3_ws/install/example_ros2_interfaces/include/example_ros2_interfaces/example_ros2_interfaces/msg/robot_status.h
[2.381s] -- Up-to-date: /home/rdpi/Documents/TieDan/d2ros2/chapt3/chapt3_ws/install/example_ros2_interfaces/include/example_ros2_interfaces/example_ros2_interfaces/msg/rosidl_generator_c__visibility_control.h
[2.381s] -- Up-to-date: /home/rdpi/Documents/TieDan/d2ros2/chapt3/chapt3_ws/install/example_ros2_interfaces/include/example_ros2_interfaces/example_ros2_interfaces/msg/robot_pose.h
[2.381s] -- Up-to-date: /home/rdpi/Documents/TieDan/d2ros2/chapt3/chapt3_ws/install/example_ros2_interfaces/include/example_ros2_interfaces/example_ros2_interfaces/msg/detail
[2.382s] -- Up-to-date: /home/rdpi/Documents/TieDan/d2ros2/chapt3/chapt3_ws/install/example_ros2_interfaces/include/example_ros2_interfaces/example_ros2_interfaces/msg/detail/robot_status__type_support.h
[2.382s] -- Up-to-date: /home/rdpi/Documents/TieDan/d2ros2/chapt3/chapt3_ws/install/example_ros2_interfaces/include/example_ros2_interfaces/example_ros2_interfaces/msg/detail/robot_pose__functions.h
[2.382s] -- Up-to-date: /home/rdpi/Documents/TieDan/d2ros2/chapt3/chapt3_ws/install/example_ros2_interfaces/include/example_ros2_interfaces/example_ros2_interfaces/msg/detail/robot_pose__functions.c
[2.383s] -- Up-to-date: /home/rdpi/Documents/TieDan/d2ros2/chapt3/chapt3_ws/install/example_ros2_interfaces/include/example_ros2_interfaces/example_ros2_interfaces/msg/detail/robot_status__functions.h
[2.383s] -- Up-to-date: /home/rdpi/Documents/TieDan/d2ros2/chapt3/chapt3_ws/install/example_ros2_interfaces/include/example_ros2_interfaces/example_ros2_interfaces/msg/detail/robot_status__functions.c
[2.384s] -- Up-to-date: /home/rdpi/Documents/TieDan/d2ros2/chapt3/chapt3_ws/install/example_ros2_interfaces/include/example_ros2_interfaces/example_ros2_interfaces/msg/detail/robot_pose__struct.h
[2.384s] -- Up-to-date: /home/rdpi/Documents/TieDan/d2ros2/chapt3/chapt3_ws/install/example_ros2_interfaces/include/example_ros2_interfaces/example_ros2_interfaces/msg/detail/robot_pose__type_support.h
[2.386s] -- Up-to-date: /home/rdpi/Documents/TieDan/d2ros2/chapt3/chapt3_ws/install/example_ros2_interfaces/include/example_ros2_interfaces/example_ros2_interfaces/msg/detail/robot_status__struct.h
[2.386s] -- Up-to-date: /home/rdpi/Documents/TieDan/d2ros2/chapt3/chapt3_ws/install/example_ros2_interfaces/include/example_ros2_interfaces/example_ros2_interfaces/srv
[2.387s] -- Up-to-date: /home/rdpi/Documents/TieDan/d2ros2/chapt3/chapt3_ws/install/example_ros2_interfaces/include/example_ros2_interfaces/example_ros2_interfaces/srv/move_robot.h
[2.388s] -- Up-to-date: /home/rdpi/Documents/TieDan/d2ros2/chapt3/chapt3_ws/install/example_ros2_interfaces/include/example_ros2_interfaces/example_ros2_interfaces/srv/detail
[2.388s] -- Up-to-date: /home/rdpi/Documents/TieDan/d2ros2/chapt3/chapt3_ws/install/example_ros2_interfaces/include/example_ros2_interfaces/example_ros2_interfaces/srv/detail/move_robot__type_support.h
[2.388s] -- Up-to-date: /home/rdpi/Documents/TieDan/d2ros2/chapt3/chapt3_ws/install/example_ros2_interfaces/include/example_ros2_interfaces/example_ros2_interfaces/srv/detail/move_robot__functions.h
[2.389s] -- Up-to-date: /home/rdpi/Documents/TieDan/d2ros2/chapt3/chapt3_ws/install/example_ros2_interfaces/include/example_ros2_interfaces/example_ros2_interfaces/srv/detail/move_robot__struct.h
[2.389s] -- Up-to-date: /home/rdpi/Documents/TieDan/d2ros2/chapt3/chapt3_ws/install/example_ros2_interfaces/include/example_ros2_interfaces/example_ros2_interfaces/srv/detail/move_robot__functions.c
[2.390s] -- Up-to-date: /home/rdpi/Documents/TieDan/d2ros2/chapt3/chapt3_ws/install/example_ros2_interfaces/share/example_ros2_interfaces/environment/library_path.sh
[2.390s] -- Up-to-date: /home/rdpi/Documents/TieDan/d2ros2/chapt3/chapt3_ws/install/example_ros2_interfaces/share/example_ros2_interfaces/environment/library_path.dsv
[2.391s] -- Up-to-date: /home/rdpi/Documents/TieDan/d2ros2/chapt3/chapt3_ws/install/example_ros2_interfaces/lib/libexample_ros2_interfaces__rosidl_generator_c.so
[2.393s] -- Up-to-date: /home/rdpi/Documents/TieDan/d2ros2/chapt3/chapt3_ws/install/example_ros2_interfaces/include/example_ros2_interfaces/example_ros2_interfaces
[2.396s] -- Up-to-date: /home/rdpi/Documents/TieDan/d2ros2/chapt3/chapt3_ws/install/example_ros2_interfaces/include/example_ros2_interfaces/example_ros2_interfaces/msg
[2.397s] -- Up-to-date: /home/rdpi/Documents/TieDan/d2ros2/chapt3/chapt3_ws/install/example_ros2_interfaces/include/example_ros2_interfaces/example_ros2_interfaces/msg/rosidl_typesupport_fastrtps_c__visibility_control.h
[2.398s] -- Up-to-date: /home/rdpi/Documents/TieDan/d2ros2/chapt3/chapt3_ws/install/example_ros2_interfaces/include/example_ros2_interfaces/example_ros2_interfaces/msg/detail
[2.398s] -- Up-to-date: /home/rdpi/Documents/TieDan/d2ros2/chapt3/chapt3_ws/install/example_ros2_interfaces/include/example_ros2_interfaces/example_ros2_interfaces/msg/detail/robot_pose__rosidl_typesupport_fastrtps_c.h
[2.399s] -- Up-to-date: /home/rdpi/Documents/TieDan/d2ros2/chapt3/chapt3_ws/install/example_ros2_interfaces/include/example_ros2_interfaces/example_ros2_interfaces/msg/detail/robot_status__rosidl_typesupport_fastrtps_c.h
[2.399s] -- Up-to-date: /home/rdpi/Documents/TieDan/d2ros2/chapt3/chapt3_ws/install/example_ros2_interfaces/include/example_ros2_interfaces/example_ros2_interfaces/srv
[2.400s] -- Up-to-date: /home/rdpi/Documents/TieDan/d2ros2/chapt3/chapt3_ws/install/example_ros2_interfaces/include/example_ros2_interfaces/example_ros2_interfaces/srv/detail
[2.400s] -- Up-to-date: /home/rdpi/Documents/TieDan/d2ros2/chapt3/chapt3_ws/install/example_ros2_interfaces/include/example_ros2_interfaces/example_ros2_interfaces/srv/detail/move_robot__rosidl_typesupport_fastrtps_c.h
[2.401s] -- Up-to-date: /home/rdpi/Documents/TieDan/d2ros2/chapt3/chapt3_ws/install/example_ros2_interfaces/lib/libexample_ros2_interfaces__rosidl_typesupport_fastrtps_c.so
[2.402s] -- Up-to-date: /home/rdpi/Documents/TieDan/d2ros2/chapt3/chapt3_ws/install/example_ros2_interfaces/include/example_ros2_interfaces/example_ros2_interfaces
[2.403s] -- Up-to-date: /home/rdpi/Documents/TieDan/d2ros2/chapt3/chapt3_ws/install/example_ros2_interfaces/include/example_ros2_interfaces/example_ros2_interfaces/msg
[2.404s] -- Up-to-date: /home/rdpi/Documents/TieDan/d2ros2/chapt3/chapt3_ws/install/example_ros2_interfaces/include/example_ros2_interfaces/example_ros2_interfaces/msg/rosidl_typesupport_introspection_c__visibility_control.h
[2.406s] -- Up-to-date: /home/rdpi/Documents/TieDan/d2ros2/chapt3/chapt3_ws/install/example_ros2_interfaces/include/example_ros2_interfaces/example_ros2_interfaces/msg/detail
[2.407s] -- Up-to-date: /home/rdpi/Documents/TieDan/d2ros2/chapt3/chapt3_ws/install/example_ros2_interfaces/include/example_ros2_interfaces/example_ros2_interfaces/msg/detail/robot_pose__type_support.c
[2.436s] -- Up-to-date: /home/rdpi/Documents/TieDan/d2ros2/chapt3/chapt3_ws/install/example_ros2_interfaces/include/example_ros2_interfaces/example_ros2_interfaces/msg/detail/robot_pose__rosidl_typesupport_introspection_c.h
[2.436s] -- Up-to-date: /home/rdpi/Documents/TieDan/d2ros2/chapt3/chapt3_ws/install/example_ros2_interfaces/include/example_ros2_interfaces/example_ros2_interfaces/msg/detail/robot_status__type_support.c
[2.436s] -- Up-to-date: /home/rdpi/Documents/TieDan/d2ros2/chapt3/chapt3_ws/install/example_ros2_interfaces/include/example_ros2_interfaces/example_ros2_interfaces/msg/detail/robot_status__rosidl_typesupport_introspection_c.h
[2.437s] -- Up-to-date: /home/rdpi/Documents/TieDan/d2ros2/chapt3/chapt3_ws/install/example_ros2_interfaces/include/example_ros2_interfaces/example_ros2_interfaces/srv
[2.440s] -- Up-to-date: /home/rdpi/Documents/TieDan/d2ros2/chapt3/chapt3_ws/install/example_ros2_interfaces/include/example_ros2_interfaces/example_ros2_interfaces/srv/detail
[2.443s] -- Up-to-date: /home/rdpi/Documents/TieDan/d2ros2/chapt3/chapt3_ws/install/example_ros2_interfaces/include/example_ros2_interfaces/example_ros2_interfaces/srv/detail/move_robot__type_support.c
[2.444s] -- Up-to-date: /home/rdpi/Documents/TieDan/d2ros2/chapt3/chapt3_ws/install/example_ros2_interfaces/include/example_ros2_interfaces/example_ros2_interfaces/srv/detail/move_robot__rosidl_typesupport_introspection_c.h
[2.445s] -- Up-to-date: /home/rdpi/Documents/TieDan/d2ros2/chapt3/chapt3_ws/install/example_ros2_interfaces/lib/libexample_ros2_interfaces__rosidl_typesupport_introspection_c.so
[2.445s] -- Up-to-date: /home/rdpi/Documents/TieDan/d2ros2/chapt3/chapt3_ws/install/example_ros2_interfaces/lib/libexample_ros2_interfaces__rosidl_typesupport_c.so
[2.445s] -- Up-to-date: /home/rdpi/Documents/TieDan/d2ros2/chapt3/chapt3_ws/install/example_ros2_interfaces/include/example_ros2_interfaces/example_ros2_interfaces
[2.445s] -- Up-to-date: /home/rdpi/Documents/TieDan/d2ros2/chapt3/chapt3_ws/install/example_ros2_interfaces/include/example_ros2_interfaces/example_ros2_interfaces/msg
[2.446s] -- Up-to-date: /home/rdpi/Documents/TieDan/d2ros2/chapt3/chapt3_ws/install/example_ros2_interfaces/include/example_ros2_interfaces/example_ros2_interfaces/msg/robot_status.hpp
[2.448s] -- Up-to-date: /home/rdpi/Documents/TieDan/d2ros2/chapt3/chapt3_ws/install/example_ros2_interfaces/include/example_ros2_interfaces/example_ros2_interfaces/msg/robot_pose.hpp
[2.450s] -- Up-to-date: /home/rdpi/Documents/TieDan/d2ros2/chapt3/chapt3_ws/install/example_ros2_interfaces/include/example_ros2_interfaces/example_ros2_interfaces/msg/detail
[2.453s] -- Up-to-date: /home/rdpi/Documents/TieDan/d2ros2/chapt3/chapt3_ws/install/example_ros2_interfaces/include/example_ros2_interfaces/example_ros2_interfaces/msg/detail/robot_status__struct.hpp
[2.453s] -- Up-to-date: /home/rdpi/Documents/TieDan/d2ros2/chapt3/chapt3_ws/install/example_ros2_interfaces/include/example_ros2_interfaces/example_ros2_interfaces/msg/detail/robot_pose__struct.hpp
[2.453s] -- Up-to-date: /home/rdpi/Documents/TieDan/d2ros2/chapt3/chapt3_ws/install/example_ros2_interfaces/include/example_ros2_interfaces/example_ros2_interfaces/msg/detail/robot_status__traits.hpp
[2.454s] -- Up-to-date: /home/rdpi/Documents/TieDan/d2ros2/chapt3/chapt3_ws/install/example_ros2_interfaces/include/example_ros2_interfaces/example_ros2_interfaces/msg/detail/robot_pose__builder.hpp
[2.456s] -- Up-to-date: /home/rdpi/Documents/TieDan/d2ros2/chapt3/chapt3_ws/install/example_ros2_interfaces/include/example_ros2_interfaces/example_ros2_interfaces/msg/detail/robot_status__builder.hpp
[2.458s] -- Up-to-date: /home/rdpi/Documents/TieDan/d2ros2/chapt3/chapt3_ws/install/example_ros2_interfaces/include/example_ros2_interfaces/example_ros2_interfaces/msg/detail/robot_pose__traits.hpp
[2.458s] -- Up-to-date: /home/rdpi/Documents/TieDan/d2ros2/chapt3/chapt3_ws/install/example_ros2_interfaces/include/example_ros2_interfaces/example_ros2_interfaces/srv
[2.458s] -- Up-to-date: /home/rdpi/Documents/TieDan/d2ros2/chapt3/chapt3_ws/install/example_ros2_interfaces/include/example_ros2_interfaces/example_ros2_interfaces/srv/move_robot.hpp
[2.468s] -- Up-to-date: /home/rdpi/Documents/TieDan/d2ros2/chapt3/chapt3_ws/install/example_ros2_interfaces/include/example_ros2_interfaces/example_ros2_interfaces/srv/detail
[2.468s] -- Up-to-date: /home/rdpi/Documents/TieDan/d2ros2/chapt3/chapt3_ws/install/example_ros2_interfaces/include/example_ros2_interfaces/example_ros2_interfaces/srv/detail/move_robot__builder.hpp
[2.468s] -- Up-to-date: /home/rdpi/Documents/TieDan/d2ros2/chapt3/chapt3_ws/install/example_ros2_interfaces/include/example_ros2_interfaces/example_ros2_interfaces/srv/detail/move_robot__traits.hpp
[2.468s] -- Up-to-date: /home/rdpi/Documents/TieDan/d2ros2/chapt3/chapt3_ws/install/example_ros2_interfaces/include/example_ros2_interfaces/example_ros2_interfaces/srv/detail/move_robot__struct.hpp
[2.469s] -- Up-to-date: /home/rdpi/Documents/TieDan/d2ros2/chapt3/chapt3_ws/install/example_ros2_interfaces/include/example_ros2_interfaces/example_ros2_interfaces
[2.471s] -- Up-to-date: /home/rdpi/Documents/TieDan/d2ros2/chapt3/chapt3_ws/install/example_ros2_interfaces/include/example_ros2_interfaces/example_ros2_interfaces/msg
[2.472s] -- Up-to-date: /home/rdpi/Documents/TieDan/d2ros2/chapt3/chapt3_ws/install/example_ros2_interfaces/include/example_ros2_interfaces/example_ros2_interfaces/msg/rosidl_typesupport_fastrtps_cpp__visibility_control.h
[2.475s] -- Up-to-date: /home/rdpi/Documents/TieDan/d2ros2/chapt3/chapt3_ws/install/example_ros2_interfaces/include/example_ros2_interfaces/example_ros2_interfaces/msg/detail
[2.476s] -- Up-to-date: /home/rdpi/Documents/TieDan/d2ros2/chapt3/chapt3_ws/install/example_ros2_interfaces/include/example_ros2_interfaces/example_ros2_interfaces/msg/detail/robot_pose__rosidl_typesupport_fastrtps_cpp.hpp
[2.476s] -- Up-to-date: /home/rdpi/Documents/TieDan/d2ros2/chapt3/chapt3_ws/install/example_ros2_interfaces/include/example_ros2_interfaces/example_ros2_interfaces/msg/detail/dds_fastrtps
[2.476s] -- Up-to-date: /home/rdpi/Documents/TieDan/d2ros2/chapt3/chapt3_ws/install/example_ros2_interfaces/include/example_ros2_interfaces/example_ros2_interfaces/msg/detail/robot_status__rosidl_typesupport_fastrtps_cpp.hpp
[2.476s] -- Up-to-date: /home/rdpi/Documents/TieDan/d2ros2/chapt3/chapt3_ws/install/example_ros2_interfaces/include/example_ros2_interfaces/example_ros2_interfaces/srv
[2.483s] -- Up-to-date: /home/rdpi/Documents/TieDan/d2ros2/chapt3/chapt3_ws/install/example_ros2_interfaces/include/example_ros2_interfaces/example_ros2_interfaces/srv/detail
[2.483s] -- Up-to-date: /home/rdpi/Documents/TieDan/d2ros2/chapt3/chapt3_ws/install/example_ros2_interfaces/include/example_ros2_interfaces/example_ros2_interfaces/srv/detail/dds_fastrtps
[2.484s] -- Up-to-date: /home/rdpi/Documents/TieDan/d2ros2/chapt3/chapt3_ws/install/example_ros2_interfaces/include/example_ros2_interfaces/example_ros2_interfaces/srv/detail/move_robot__rosidl_typesupport_fastrtps_cpp.hpp
[2.485s] -- Up-to-date: /home/rdpi/Documents/TieDan/d2ros2/chapt3/chapt3_ws/install/example_ros2_interfaces/lib/libexample_ros2_interfaces__rosidl_typesupport_fastrtps_cpp.so
[2.485s] -- Up-to-date: /home/rdpi/Documents/TieDan/d2ros2/chapt3/chapt3_ws/install/example_ros2_interfaces/include/example_ros2_interfaces/example_ros2_interfaces
[2.488s] -- Up-to-date: /home/rdpi/Documents/TieDan/d2ros2/chapt3/chapt3_ws/install/example_ros2_interfaces/include/example_ros2_interfaces/example_ros2_interfaces/msg
[2.488s] -- Up-to-date: /home/rdpi/Documents/TieDan/d2ros2/chapt3/chapt3_ws/install/example_ros2_interfaces/include/example_ros2_interfaces/example_ros2_interfaces/msg/detail
[2.489s] -- Up-to-date: /home/rdpi/Documents/TieDan/d2ros2/chapt3/chapt3_ws/install/example_ros2_interfaces/include/example_ros2_interfaces/example_ros2_interfaces/msg/detail/robot_pose__type_support.cpp
[2.489s] -- Up-to-date: /home/rdpi/Documents/TieDan/d2ros2/chapt3/chapt3_ws/install/example_ros2_interfaces/include/example_ros2_interfaces/example_ros2_interfaces/msg/detail/robot_status__rosidl_typesupport_introspection_cpp.hpp
[2.489s] -- Up-to-date: /home/rdpi/Documents/TieDan/d2ros2/chapt3/chapt3_ws/install/example_ros2_interfaces/include/example_ros2_interfaces/example_ros2_interfaces/msg/detail/robot_pose__rosidl_typesupport_introspection_cpp.hpp
[2.489s] -- Up-to-date: /home/rdpi/Documents/TieDan/d2ros2/chapt3/chapt3_ws/install/example_ros2_interfaces/include/example_ros2_interfaces/example_ros2_interfaces/msg/detail/robot_status__type_support.cpp
[2.490s] -- Up-to-date: /home/rdpi/Documents/TieDan/d2ros2/chapt3/chapt3_ws/install/example_ros2_interfaces/include/example_ros2_interfaces/example_ros2_interfaces/srv
[2.491s] -- Up-to-date: /home/rdpi/Documents/TieDan/d2ros2/chapt3/chapt3_ws/install/example_ros2_interfaces/include/example_ros2_interfaces/example_ros2_interfaces/srv/detail
[2.495s] -- Up-to-date: /home/rdpi/Documents/TieDan/d2ros2/chapt3/chapt3_ws/install/example_ros2_interfaces/include/example_ros2_interfaces/example_ros2_interfaces/srv/detail/move_robot__rosidl_typesupport_introspection_cpp.hpp
[2.496s] -- Up-to-date: /home/rdpi/Documents/TieDan/d2ros2/chapt3/chapt3_ws/install/example_ros2_interfaces/include/example_ros2_interfaces/example_ros2_interfaces/srv/detail/move_robot__type_support.cpp
[2.496s] -- Up-to-date: /home/rdpi/Documents/TieDan/d2ros2/chapt3/chapt3_ws/install/example_ros2_interfaces/lib/libexample_ros2_interfaces__rosidl_typesupport_introspection_cpp.so
[2.496s] -- Up-to-date: /home/rdpi/Documents/TieDan/d2ros2/chapt3/chapt3_ws/install/example_ros2_interfaces/lib/libexample_ros2_interfaces__rosidl_typesupport_cpp.so
[2.496s] -- Up-to-date: /home/rdpi/Documents/TieDan/d2ros2/chapt3/chapt3_ws/install/example_ros2_interfaces/share/example_ros2_interfaces/environment/pythonpath.sh
[2.497s] -- Up-to-date: /home/rdpi/Documents/TieDan/d2ros2/chapt3/chapt3_ws/install/example_ros2_interfaces/share/example_ros2_interfaces/environment/pythonpath.dsv
[2.497s] -- Up-to-date: /home/rdpi/Documents/TieDan/d2ros2/chapt3/chapt3_ws/install/example_ros2_interfaces/local/lib/python3.10/dist-packages/example_ros2_interfaces-0.0.0-py3.10.egg-info
[2.497s] -- Installing: /home/rdpi/Documents/TieDan/d2ros2/chapt3/chapt3_ws/install/example_ros2_interfaces/local/lib/python3.10/dist-packages/example_ros2_interfaces-0.0.0-py3.10.egg-info/dependency_links.txt
[2.498s] -- Installing: /home/rdpi/Documents/TieDan/d2ros2/chapt3/chapt3_ws/install/example_ros2_interfaces/local/lib/python3.10/dist-packages/example_ros2_interfaces-0.0.0-py3.10.egg-info/SOURCES.txt
[2.498s] -- Installing: /home/rdpi/Documents/TieDan/d2ros2/chapt3/chapt3_ws/install/example_ros2_interfaces/local/lib/python3.10/dist-packages/example_ros2_interfaces-0.0.0-py3.10.egg-info/PKG-INFO
[2.498s] -- Installing: /home/rdpi/Documents/TieDan/d2ros2/chapt3/chapt3_ws/install/example_ros2_interfaces/local/lib/python3.10/dist-packages/example_ros2_interfaces-0.0.0-py3.10.egg-info/top_level.txt
[2.498s] -- Up-to-date: /home/rdpi/Documents/TieDan/d2ros2/chapt3/chapt3_ws/install/example_ros2_interfaces/local/lib/python3.10/dist-packages/example_ros2_interfaces
[2.499s] -- Up-to-date: /home/rdpi/Documents/TieDan/d2ros2/chapt3/chapt3_ws/install/example_ros2_interfaces/local/lib/python3.10/dist-packages/example_ros2_interfaces/example_ros2_interfaces_s__rosidl_typesupport_introspection_c.cpython-310-x86_64-linux-gnu.so
[2.501s] -- Up-to-date: /home/rdpi/Documents/TieDan/d2ros2/chapt3/chapt3_ws/install/example_ros2_interfaces/local/lib/python3.10/dist-packages/example_ros2_interfaces/libexample_ros2_interfaces__rosidl_generator_py.so
[2.503s] -- Up-to-date: /home/rdpi/Documents/TieDan/d2ros2/chapt3/chapt3_ws/install/example_ros2_interfaces/local/lib/python3.10/dist-packages/example_ros2_interfaces/msg
[2.508s] -- Up-to-date: /home/rdpi/Documents/TieDan/d2ros2/chapt3/chapt3_ws/install/example_ros2_interfaces/local/lib/python3.10/dist-packages/example_ros2_interfaces/msg/_robot_status.py
[2.508s] -- Up-to-date: /home/rdpi/Documents/TieDan/d2ros2/chapt3/chapt3_ws/install/example_ros2_interfaces/local/lib/python3.10/dist-packages/example_ros2_interfaces/msg/_robot_status_s.c
[2.508s] -- Up-to-date: /home/rdpi/Documents/TieDan/d2ros2/chapt3/chapt3_ws/install/example_ros2_interfaces/local/lib/python3.10/dist-packages/example_ros2_interfaces/msg/_robot_pose_s.c
[2.509s] -- Up-to-date: /home/rdpi/Documents/TieDan/d2ros2/chapt3/chapt3_ws/install/example_ros2_interfaces/local/lib/python3.10/dist-packages/example_ros2_interfaces/msg/__init__.py
[2.511s] -- Up-to-date: /home/rdpi/Documents/TieDan/d2ros2/chapt3/chapt3_ws/install/example_ros2_interfaces/local/lib/python3.10/dist-packages/example_ros2_interfaces/msg/_robot_pose.py
[2.512s] -- Up-to-date: /home/rdpi/Documents/TieDan/d2ros2/chapt3/chapt3_ws/install/example_ros2_interfaces/local/lib/python3.10/dist-packages/example_ros2_interfaces/_example_ros2_interfaces_s.ep.rosidl_typesupport_c.c
[2.512s] -- Up-to-date: /home/rdpi/Documents/TieDan/d2ros2/chapt3/chapt3_ws/install/example_ros2_interfaces/local/lib/python3.10/dist-packages/example_ros2_interfaces/srv
[2.512s] -- Up-to-date: /home/rdpi/Documents/TieDan/d2ros2/chapt3/chapt3_ws/install/example_ros2_interfaces/local/lib/python3.10/dist-packages/example_ros2_interfaces/srv/_move_robot_s.c
[2.512s] -- Up-to-date: /home/rdpi/Documents/TieDan/d2ros2/chapt3/chapt3_ws/install/example_ros2_interfaces/local/lib/python3.10/dist-packages/example_ros2_interfaces/srv/__init__.py
[2.512s] -- Up-to-date: /home/rdpi/Documents/TieDan/d2ros2/chapt3/chapt3_ws/install/example_ros2_interfaces/local/lib/python3.10/dist-packages/example_ros2_interfaces/srv/_move_robot.py
[2.513s] -- Up-to-date: /home/rdpi/Documents/TieDan/d2ros2/chapt3/chapt3_ws/install/example_ros2_interfaces/local/lib/python3.10/dist-packages/example_ros2_interfaces/__init__.py
[2.513s] -- Up-to-date: /home/rdpi/Documents/TieDan/d2ros2/chapt3/chapt3_ws/install/example_ros2_interfaces/local/lib/python3.10/dist-packages/example_ros2_interfaces/_example_ros2_interfaces_s.ep.rosidl_typesupport_fastrtps_c.c
[2.519s] -- Up-to-date: /home/rdpi/Documents/TieDan/d2ros2/chapt3/chapt3_ws/install/example_ros2_interfaces/local/lib/python3.10/dist-packages/example_ros2_interfaces/example_ros2_interfaces_s__rosidl_typesupport_fastrtps_c.cpython-310-x86_64-linux-gnu.so
[2.519s] -- Up-to-date: /home/rdpi/Documents/TieDan/d2ros2/chapt3/chapt3_ws/install/example_ros2_interfaces/local/lib/python3.10/dist-packages/example_ros2_interfaces/example_ros2_interfaces_s__rosidl_typesupport_c.cpython-310-x86_64-linux-gnu.so
[2.522s] -- Up-to-date: /home/rdpi/Documents/TieDan/d2ros2/chapt3/chapt3_ws/install/example_ros2_interfaces/local/lib/python3.10/dist-packages/example_ros2_interfaces/_example_ros2_interfaces_s.ep.rosidl_typesupport_introspection_c.c
[2.523s] Listing '/home/rdpi/Documents/TieDan/d2ros2/chapt3/chapt3_ws/install/example_ros2_interfaces/local/lib/python3.10/dist-packages/example_ros2_interfaces'...
[2.527s] Listing '/home/rdpi/Documents/TieDan/d2ros2/chapt3/chapt3_ws/install/example_ros2_interfaces/local/lib/python3.10/dist-packages/example_ros2_interfaces/msg'...
[2.527s] Listing '/home/rdpi/Documents/TieDan/d2ros2/chapt3/chapt3_ws/install/example_ros2_interfaces/local/lib/python3.10/dist-packages/example_ros2_interfaces/srv'...
[2.528s] -- Up-to-date: /home/rdpi/Documents/TieDan/d2ros2/chapt3/chapt3_ws/install/example_ros2_interfaces/local/lib/python3.10/dist-packages/example_ros2_interfaces/example_ros2_interfaces_s__rosidl_typesupport_fastrtps_c.cpython-310-x86_64-linux-gnu.so
[2.528s] -- Up-to-date: /home/rdpi/Documents/TieDan/d2ros2/chapt3/chapt3_ws/install/example_ros2_interfaces/local/lib/python3.10/dist-packages/example_ros2_interfaces/example_ros2_interfaces_s__rosidl_typesupport_introspection_c.cpython-310-x86_64-linux-gnu.so
[2.529s] -- Up-to-date: /home/rdpi/Documents/TieDan/d2ros2/chapt3/chapt3_ws/install/example_ros2_interfaces/local/lib/python3.10/dist-packages/example_ros2_interfaces/example_ros2_interfaces_s__rosidl_typesupport_c.cpython-310-x86_64-linux-gnu.so
[2.529s] -- Up-to-date: /home/rdpi/Documents/TieDan/d2ros2/chapt3/chapt3_ws/install/example_ros2_interfaces/lib/libexample_ros2_interfaces__rosidl_generator_py.so
[2.530s] -- Up-to-date: /home/rdpi/Documents/TieDan/d2ros2/chapt3/chapt3_ws/install/example_ros2_interfaces/share/example_ros2_interfaces/msg/RobotPose.idl
[2.530s] -- Up-to-date: /home/rdpi/Documents/TieDan/d2ros2/chapt3/chapt3_ws/install/example_ros2_interfaces/share/example_ros2_interfaces/msg/RobotStatus.idl
[2.531s] -- Up-to-date: /home/rdpi/Documents/TieDan/d2ros2/chapt3/chapt3_ws/install/example_ros2_interfaces/share/example_ros2_interfaces/srv/MoveRobot.idl
[2.531s] -- Up-to-date: /home/rdpi/Documents/TieDan/d2ros2/chapt3/chapt3_ws/install/example_ros2_interfaces/share/example_ros2_interfaces/msg/RobotPose.msg
[2.532s] -- Up-to-date: /home/rdpi/Documents/TieDan/d2ros2/chapt3/chapt3_ws/install/example_ros2_interfaces/share/example_ros2_interfaces/msg/RobotStatus.msg
[2.532s] -- Up-to-date: /home/rdpi/Documents/TieDan/d2ros2/chapt3/chapt3_ws/install/example_ros2_interfaces/share/example_ros2_interfaces/srv/MoveRobot.srv
[2.533s] -- Up-to-date: /home/rdpi/Documents/TieDan/d2ros2/chapt3/chapt3_ws/install/example_ros2_interfaces/share/example_ros2_interfaces/srv/MoveRobot_Request.msg
[2.533s] -- Up-to-date: /home/rdpi/Documents/TieDan/d2ros2/chapt3/chapt3_ws/install/example_ros2_interfaces/share/example_ros2_interfaces/srv/MoveRobot_Response.msg
[2.534s] -- Up-to-date: /home/rdpi/Documents/TieDan/d2ros2/chapt3/chapt3_ws/install/example_ros2_interfaces/share/ament_index/resource_index/package_run_dependencies/example_ros2_interfaces
[2.534s] -- Up-to-date: /home/rdpi/Documents/TieDan/d2ros2/chapt3/chapt3_ws/install/example_ros2_interfaces/share/ament_index/resource_index/parent_prefix_path/example_ros2_interfaces
[2.534s] -- Up-to-date: /home/rdpi/Documents/TieDan/d2ros2/chapt3/chapt3_ws/install/example_ros2_interfaces/share/example_ros2_interfaces/environment/ament_prefix_path.sh
[2.534s] -- Up-to-date: /home/rdpi/Documents/TieDan/d2ros2/chapt3/chapt3_ws/install/example_ros2_interfaces/share/example_ros2_interfaces/environment/ament_prefix_path.dsv
[2.535s] -- Up-to-date: /home/rdpi/Documents/TieDan/d2ros2/chapt3/chapt3_ws/install/example_ros2_interfaces/share/example_ros2_interfaces/environment/path.sh
[2.540s] -- Up-to-date: /home/rdpi/Documents/TieDan/d2ros2/chapt3/chapt3_ws/install/example_ros2_interfaces/share/example_ros2_interfaces/environment/path.dsv
[2.543s] -- Up-to-date: /home/rdpi/Documents/TieDan/d2ros2/chapt3/chapt3_ws/install/example_ros2_interfaces/share/example_ros2_interfaces/local_setup.bash
[2.545s] -- Up-to-date: /home/rdpi/Documents/TieDan/d2ros2/chapt3/chapt3_ws/install/example_ros2_interfaces/share/example_ros2_interfaces/local_setup.sh
[2.558s] -- Up-to-date: /home/rdpi/Documents/TieDan/d2ros2/chapt3/chapt3_ws/install/example_ros2_interfaces/share/example_ros2_interfaces/local_setup.zsh
[2.558s] -- Up-to-date: /home/rdpi/Documents/TieDan/d2ros2/chapt3/chapt3_ws/install/example_ros2_interfaces/share/example_ros2_interfaces/local_setup.dsv
[2.558s] -- Installing: /home/rdpi/Documents/TieDan/d2ros2/chapt3/chapt3_ws/install/example_ros2_interfaces/share/example_ros2_interfaces/package.dsv
[2.558s] -- Up-to-date: /home/rdpi/Documents/TieDan/d2ros2/chapt3/chapt3_ws/install/example_ros2_interfaces/share/ament_index/resource_index/packages/example_ros2_interfaces
[2.558s] -- Up-to-date: /home/rdpi/Documents/TieDan/d2ros2/chapt3/chapt3_ws/install/example_ros2_interfaces/share/example_ros2_interfaces/cmake/export_example_ros2_interfaces__rosidl_generator_cExport.cmake
[2.559s] -- Up-to-date: /home/rdpi/Documents/TieDan/d2ros2/chapt3/chapt3_ws/install/example_ros2_interfaces/share/example_ros2_interfaces/cmake/export_example_ros2_interfaces__rosidl_generator_cExport-noconfig.cmake
[2.559s] -- Up-to-date: /home/rdpi/Documents/TieDan/d2ros2/chapt3/chapt3_ws/install/example_ros2_interfaces/share/example_ros2_interfaces/cmake/export_example_ros2_interfaces__rosidl_typesupport_fastrtps_cExport.cmake
[2.559s] -- Up-to-date: /home/rdpi/Documents/TieDan/d2ros2/chapt3/chapt3_ws/install/example_ros2_interfaces/share/example_ros2_interfaces/cmake/export_example_ros2_interfaces__rosidl_typesupport_fastrtps_cExport-noconfig.cmake
[2.559s] -- Up-to-date: /home/rdpi/Documents/TieDan/d2ros2/chapt3/chapt3_ws/install/example_ros2_interfaces/share/example_ros2_interfaces/cmake/example_ros2_interfaces__rosidl_typesupport_introspection_cExport.cmake
[2.559s] -- Up-to-date: /home/rdpi/Documents/TieDan/d2ros2/chapt3/chapt3_ws/install/example_ros2_interfaces/share/example_ros2_interfaces/cmake/example_ros2_interfaces__rosidl_typesupport_introspection_cExport-noconfig.cmake
[2.559s] -- Up-to-date: /home/rdpi/Documents/TieDan/d2ros2/chapt3/chapt3_ws/install/example_ros2_interfaces/share/example_ros2_interfaces/cmake/example_ros2_interfaces__rosidl_typesupport_cExport.cmake
[2.559s] -- Up-to-date: /home/rdpi/Documents/TieDan/d2ros2/chapt3/chapt3_ws/install/example_ros2_interfaces/share/example_ros2_interfaces/cmake/example_ros2_interfaces__rosidl_typesupport_cExport-noconfig.cmake
[2.559s] -- Up-to-date: /home/rdpi/Documents/TieDan/d2ros2/chapt3/chapt3_ws/install/example_ros2_interfaces/share/example_ros2_interfaces/cmake/export_example_ros2_interfaces__rosidl_generator_cppExport.cmake
[2.559s] -- Up-to-date: /home/rdpi/Documents/TieDan/d2ros2/chapt3/chapt3_ws/install/example_ros2_interfaces/share/example_ros2_interfaces/cmake/export_example_ros2_interfaces__rosidl_typesupport_fastrtps_cppExport.cmake
[2.559s] -- Up-to-date: /home/rdpi/Documents/TieDan/d2ros2/chapt3/chapt3_ws/install/example_ros2_interfaces/share/example_ros2_interfaces/cmake/export_example_ros2_interfaces__rosidl_typesupport_fastrtps_cppExport-noconfig.cmake
[2.560s] -- Up-to-date: /home/rdpi/Documents/TieDan/d2ros2/chapt3/chapt3_ws/install/example_ros2_interfaces/share/example_ros2_interfaces/cmake/example_ros2_interfaces__rosidl_typesupport_introspection_cppExport.cmake
[2.560s] -- Up-to-date: /home/rdpi/Documents/TieDan/d2ros2/chapt3/chapt3_ws/install/example_ros2_interfaces/share/example_ros2_interfaces/cmake/example_ros2_interfaces__rosidl_typesupport_introspection_cppExport-noconfig.cmake
[2.560s] -- Up-to-date: /home/rdpi/Documents/TieDan/d2ros2/chapt3/chapt3_ws/install/example_ros2_interfaces/share/example_ros2_interfaces/cmake/example_ros2_interfaces__rosidl_typesupport_cppExport.cmake
[2.560s] -- Up-to-date: /home/rdpi/Documents/TieDan/d2ros2/chapt3/chapt3_ws/install/example_ros2_interfaces/share/example_ros2_interfaces/cmake/example_ros2_interfaces__rosidl_typesupport_cppExport-noconfig.cmake
[2.560s] -- Up-to-date: /home/rdpi/Documents/TieDan/d2ros2/chapt3/chapt3_ws/install/example_ros2_interfaces/share/example_ros2_interfaces/cmake/export_example_ros2_interfaces__rosidl_generator_pyExport.cmake
[2.560s] -- Up-to-date: /home/rdpi/Documents/TieDan/d2ros2/chapt3/chapt3_ws/install/example_ros2_interfaces/share/example_ros2_interfaces/cmake/export_example_ros2_interfaces__rosidl_generator_pyExport-noconfig.cmake
[2.560s] -- Up-to-date: /home/rdpi/Documents/TieDan/d2ros2/chapt3/chapt3_ws/install/example_ros2_interfaces/share/example_ros2_interfaces/cmake/rosidl_cmake-extras.cmake
[2.560s] -- Up-to-date: /home/rdpi/Documents/TieDan/d2ros2/chapt3/chapt3_ws/install/example_ros2_interfaces/share/example_ros2_interfaces/cmake/ament_cmake_export_dependencies-extras.cmake
[2.560s] -- Up-to-date: /home/rdpi/Documents/TieDan/d2ros2/chapt3/chapt3_ws/install/example_ros2_interfaces/share/example_ros2_interfaces/cmake/ament_cmake_export_include_directories-extras.cmake
[2.560s] -- Up-to-date: /home/rdpi/Documents/TieDan/d2ros2/chapt3/chapt3_ws/install/example_ros2_interfaces/share/example_ros2_interfaces/cmake/ament_cmake_export_libraries-extras.cmake
[2.560s] -- Up-to-date: /home/rdpi/Documents/TieDan/d2ros2/chapt3/chapt3_ws/install/example_ros2_interfaces/share/example_ros2_interfaces/cmake/ament_cmake_export_targets-extras.cmake
[2.560s] -- Up-to-date: /home/rdpi/Documents/TieDan/d2ros2/chapt3/chapt3_ws/install/example_ros2_interfaces/share/example_ros2_interfaces/cmake/rosidl_cmake_export_typesupport_targets-extras.cmake
[2.560s] -- Up-to-date: /home/rdpi/Documents/TieDan/d2ros2/chapt3/chapt3_ws/install/example_ros2_interfaces/share/example_ros2_interfaces/cmake/rosidl_cmake_export_typesupport_libraries-extras.cmake
[2.560s] -- Up-to-date: /home/rdpi/Documents/TieDan/d2ros2/chapt3/chapt3_ws/install/example_ros2_interfaces/share/example_ros2_interfaces/cmake/example_ros2_interfacesConfig.cmake
[2.560s] -- Up-to-date: /home/rdpi/Documents/TieDan/d2ros2/chapt3/chapt3_ws/install/example_ros2_interfaces/share/example_ros2_interfaces/cmake/example_ros2_interfacesConfig-version.cmake
[2.560s] -- Up-to-date: /home/rdpi/Documents/TieDan/d2ros2/chapt3/chapt3_ws/install/example_ros2_interfaces/share/example_ros2_interfaces/package.xml
[2.564s] Invoked command in '/home/rdpi/Documents/TieDan/d2ros2/chapt3/chapt3_ws/build/example_ros2_interfaces' returned '0': CMAKE_PREFIX_PATH=${CMAKE_PREFIX_PATH}:/home/rdpi/Documents/TieDan/d2ros2/chapt3/chapt3_ws/install/example_service_rclpy:/home/rdpi/Documents/TieDan/d2ros2/chapt3/chapt3_ws/install/example_interfaces_rclpy:/home/rdpi/Documents/TieDan/d2ros2/chapt3/chapt3_ws/src/install/example_service_rclpy:/home/rdpi/Documents/TieDan/d2ros2/chapt3/chapt3_ws/src/install/example_interfaces_rclpy:/opt/ros/humble /usr/bin/cmake --install /home/rdpi/Documents/TieDan/d2ros2/chapt3/chapt3_ws/build/example_ros2_interfaces
