[0.315s] DEBUG:colcon:Command line arguments: ['/usr/bin/colcon', 'build']
[0.316s] DEBUG:colcon:Parsed command line arguments: Namespace(log_base=None, log_level=None, verb_name='build', build_base='build', install_base='install', merge_install=False, symlink_install=False, test_result_base=None, continue_on_error=False, executor='parallel', parallel_workers=2, event_handlers=None, ignore_user_meta=False, metas=['./colcon.meta'], base_paths=['.'], packages_ignore=None, packages_ignore_regex=None, paths=None, packages_up_to=None, packages_up_to_regex=None, packages_above=None, packages_above_and_dependencies=None, packages_above_depth=None, packages_select_by_dep=None, packages_skip_by_dep=None, packages_skip_up_to=None, packages_select_build_failed=False, packages_skip_build_finished=False, packages_select_test_failures=False, packages_skip_test_passed=False, packages_select=None, packages_skip=None, packages_select_regex=None, packages_skip_regex=None, packages_start=None, packages_end=None, cmake_args=None, cmake_target=None, cmake_target_skip_unavailable=False, cmake_clean_cache=False, cmake_clean_first=False, cmake_force_configure=False, ament_cmake_args=None, catkin_cmake_args=None, catkin_skip_building_tests=False, mixin_files=None, mixin=None, verb_parser=<colcon_mixin.mixin.mixin_argument.MixinArgumentDecorator object at 0x7f69bb799ba0>, verb_extension=<colcon_core.verb.build.BuildVerb object at 0x7f69bbe9ff40>, main=<bound method BuildVerb.main of <colcon_core.verb.build.BuildVerb object at 0x7f69bbe9ff40>>, mixin_verb=('build',))
[0.340s] Level 1:colcon.colcon_core.package_discovery:discover_packages(colcon_meta) check parameters
[0.341s] INFO:colcon.colcon_metadata.package_discovery.colcon_meta:Using configuration from '/root/.colcon/metadata/default/Gazebo.meta'
[0.342s] INFO:colcon.colcon_metadata.package_discovery.colcon_meta:Using configuration from '/root/.colcon/metadata/default/fastrtps.meta'
[0.342s] Level 1:colcon.colcon_core.package_discovery:discover_packages(recursive) check parameters
[0.342s] Level 1:colcon.colcon_core.package_discovery:discover_packages(ignore) check parameters
[0.342s] Level 1:colcon.colcon_core.package_discovery:discover_packages(path) check parameters
[0.342s] Level 1:colcon.colcon_core.package_discovery:discover_packages(colcon_meta) discover
[0.342s] Level 1:colcon.colcon_core.package_discovery:discover_packages(recursive) discover
[0.342s] INFO:colcon.colcon_core.package_discovery:Crawling recursively for packages in '/home/rdpi/Documents/TieDan/d2ros2/chapt4/chapt4_ws'
[0.342s] Level 1:colcon.colcon_core.package_identification:_identify(.) by extensions ['ignore', 'ignore_ament_install']
[0.343s] Level 1:colcon.colcon_core.package_identification:_identify(.) by extension 'ignore'
[0.343s] Level 1:colcon.colcon_core.package_identification:_identify(.) by extension 'ignore_ament_install'
[0.343s] Level 1:colcon.colcon_core.package_identification:_identify(.) by extensions ['colcon_pkg']
[0.343s] Level 1:colcon.colcon_core.package_identification:_identify(.) by extension 'colcon_pkg'
[0.344s] Level 1:colcon.colcon_core.package_identification:_identify(.) by extensions ['colcon_meta']
[0.344s] Level 1:colcon.colcon_core.package_identification:_identify(.) by extension 'colcon_meta'
[0.344s] Level 1:colcon.colcon_core.package_identification:_identify(.) by extensions ['ros']
[0.344s] Level 1:colcon.colcon_core.package_identification:_identify(.) by extension 'ros'
[0.355s] Level 1:colcon.colcon_core.package_identification:_identify(.) by extensions ['cmake', 'python']
[0.356s] Level 1:colcon.colcon_core.package_identification:_identify(.) by extension 'cmake'
[0.356s] Level 1:colcon.colcon_core.package_identification:_identify(.) by extension 'python'
[0.356s] Level 1:colcon.colcon_core.package_identification:_identify(.) by extensions ['python_setup_py']
[0.356s] Level 1:colcon.colcon_core.package_identification:_identify(.) by extension 'python_setup_py'
[0.356s] Level 1:colcon.colcon_core.package_identification:_identify(build) by extensions ['ignore', 'ignore_ament_install']
[0.356s] Level 1:colcon.colcon_core.package_identification:_identify(build) by extension 'ignore'
[0.356s] Level 1:colcon.colcon_core.package_identification:_identify(build) ignored
[0.357s] Level 1:colcon.colcon_core.package_identification:_identify(install) by extensions ['ignore', 'ignore_ament_install']
[0.357s] Level 1:colcon.colcon_core.package_identification:_identify(install) by extension 'ignore'
[0.357s] Level 1:colcon.colcon_core.package_identification:_identify(install) ignored
[0.357s] Level 1:colcon.colcon_core.package_identification:_identify(log) by extensions ['ignore', 'ignore_ament_install']
[0.357s] Level 1:colcon.colcon_core.package_identification:_identify(log) by extension 'ignore'
[0.357s] Level 1:colcon.colcon_core.package_identification:_identify(log) ignored
[0.358s] Level 1:colcon.colcon_core.package_identification:_identify(src) by extensions ['ignore', 'ignore_ament_install']
[0.358s] Level 1:colcon.colcon_core.package_identification:_identify(src) by extension 'ignore'
[0.358s] Level 1:colcon.colcon_core.package_identification:_identify(src) by extension 'ignore_ament_install'
[0.358s] Level 1:colcon.colcon_core.package_identification:_identify(src) by extensions ['colcon_pkg']
[0.358s] Level 1:colcon.colcon_core.package_identification:_identify(src) by extension 'colcon_pkg'
[0.358s] Level 1:colcon.colcon_core.package_identification:_identify(src) by extensions ['colcon_meta']
[0.358s] Level 1:colcon.colcon_core.package_identification:_identify(src) by extension 'colcon_meta'
[0.359s] Level 1:colcon.colcon_core.package_identification:_identify(src) by extensions ['ros']
[0.359s] Level 1:colcon.colcon_core.package_identification:_identify(src) by extension 'ros'
[0.359s] Level 1:colcon.colcon_core.package_identification:_identify(src) by extensions ['cmake', 'python']
[0.359s] Level 1:colcon.colcon_core.package_identification:_identify(src) by extension 'cmake'
[0.359s] Level 1:colcon.colcon_core.package_identification:_identify(src) by extension 'python'
[0.359s] Level 1:colcon.colcon_core.package_identification:_identify(src) by extensions ['python_setup_py']
[0.359s] Level 1:colcon.colcon_core.package_identification:_identify(src) by extension 'python_setup_py'
[0.360s] Level 1:colcon.colcon_core.package_identification:_identify(src/example_parameters_rclpy) by extensions ['ignore', 'ignore_ament_install']
[0.360s] Level 1:colcon.colcon_core.package_identification:_identify(src/example_parameters_rclpy) by extension 'ignore'
[0.360s] Level 1:colcon.colcon_core.package_identification:_identify(src/example_parameters_rclpy) by extension 'ignore_ament_install'
[0.360s] Level 1:colcon.colcon_core.package_identification:_identify(src/example_parameters_rclpy) by extensions ['colcon_pkg']
[0.360s] Level 1:colcon.colcon_core.package_identification:_identify(src/example_parameters_rclpy) by extension 'colcon_pkg'
[0.360s] Level 1:colcon.colcon_core.package_identification:_identify(src/example_parameters_rclpy) by extensions ['colcon_meta']
[0.360s] Level 1:colcon.colcon_core.package_identification:_identify(src/example_parameters_rclpy) by extension 'colcon_meta'
[0.360s] Level 1:colcon.colcon_core.package_identification:_identify(src/example_parameters_rclpy) by extensions ['ros']
[0.361s] Level 1:colcon.colcon_core.package_identification:_identify(src/example_parameters_rclpy) by extension 'ros'
[0.363s] DEBUG:colcon.colcon_core.package_identification:Package 'src/example_parameters_rclpy' with type 'ros.ament_python' and name 'example_parameters_rclpy'
[0.364s] Level 1:colcon.colcon_core.package_discovery:discover_packages(recursive) using defaults
[0.364s] Level 1:colcon.colcon_core.package_discovery:discover_packages(ignore) discover
[0.364s] Level 1:colcon.colcon_core.package_discovery:discover_packages(ignore) using defaults
[0.364s] Level 1:colcon.colcon_core.package_discovery:discover_packages(path) discover
[0.364s] Level 1:colcon.colcon_core.package_discovery:discover_packages(path) using defaults
[0.392s] Level 5:colcon.colcon_core.verb:set package 'example_parameters_rclpy' build argument 'cmake_args' from command line to 'None'
[0.392s] Level 5:colcon.colcon_core.verb:set package 'example_parameters_rclpy' build argument 'cmake_target' from command line to 'None'
[0.392s] Level 5:colcon.colcon_core.verb:set package 'example_parameters_rclpy' build argument 'cmake_target_skip_unavailable' from command line to 'False'
[0.392s] Level 5:colcon.colcon_core.verb:set package 'example_parameters_rclpy' build argument 'cmake_clean_cache' from command line to 'False'
[0.393s] Level 5:colcon.colcon_core.verb:set package 'example_parameters_rclpy' build argument 'cmake_clean_first' from command line to 'False'
[0.393s] Level 5:colcon.colcon_core.verb:set package 'example_parameters_rclpy' build argument 'cmake_force_configure' from command line to 'False'
[0.393s] Level 5:colcon.colcon_core.verb:set package 'example_parameters_rclpy' build argument 'ament_cmake_args' from command line to 'None'
[0.393s] Level 5:colcon.colcon_core.verb:set package 'example_parameters_rclpy' build argument 'catkin_cmake_args' from command line to 'None'
[0.393s] Level 5:colcon.colcon_core.verb:set package 'example_parameters_rclpy' build argument 'catkin_skip_building_tests' from command line to 'False'
[0.393s] DEBUG:colcon.colcon_core.verb:Building package 'example_parameters_rclpy' with the following arguments: {'ament_cmake_args': None, 'build_base': '/home/rdpi/Documents/TieDan/d2ros2/chapt4/chapt4_ws/build/example_parameters_rclpy', 'catkin_cmake_args': None, 'catkin_skip_building_tests': False, 'cmake_args': None, 'cmake_clean_cache': False, 'cmake_clean_first': False, 'cmake_force_configure': False, 'cmake_target': None, 'cmake_target_skip_unavailable': False, 'install_base': '/home/rdpi/Documents/TieDan/d2ros2/chapt4/chapt4_ws/install/example_parameters_rclpy', 'merge_install': False, 'path': '/home/rdpi/Documents/TieDan/d2ros2/chapt4/chapt4_ws/src/example_parameters_rclpy', 'symlink_install': False, 'test_result_base': None}
[0.394s] INFO:colcon.colcon_core.executor:Executing jobs using 'parallel' executor
[0.412s] DEBUG:colcon.colcon_parallel_executor.executor.parallel:run_until_complete
[0.412s] INFO:colcon.colcon_ros.task.ament_python.build:Building ROS package in '/home/rdpi/Documents/TieDan/d2ros2/chapt4/chapt4_ws/src/example_parameters_rclpy' with build type 'ament_python'
[0.412s] Level 1:colcon.colcon_core.shell:create_environment_hook('example_parameters_rclpy', 'ament_prefix_path')
[0.422s] INFO:colcon.colcon_core.plugin_system:Skipping extension 'colcon_core.shell.bat': Not used on non-Windows systems
[0.422s] INFO:colcon.colcon_core.shell:Creating environment hook '/home/rdpi/Documents/TieDan/d2ros2/chapt4/chapt4_ws/install/example_parameters_rclpy/share/example_parameters_rclpy/hook/ament_prefix_path.ps1'
[0.424s] INFO:colcon.colcon_core.shell:Creating environment descriptor '/home/rdpi/Documents/TieDan/d2ros2/chapt4/chapt4_ws/install/example_parameters_rclpy/share/example_parameters_rclpy/hook/ament_prefix_path.dsv'
[0.425s] INFO:colcon.colcon_core.shell:Creating environment hook '/home/rdpi/Documents/TieDan/d2ros2/chapt4/chapt4_ws/install/example_parameters_rclpy/share/example_parameters_rclpy/hook/ament_prefix_path.sh'
[0.427s] INFO:colcon.colcon_core.shell:Skip shell extension 'powershell' for command environment: Not usable outside of PowerShell
[0.428s] DEBUG:colcon.colcon_core.shell:Skip shell extension 'dsv' for command environment
[0.737s] INFO:colcon.colcon_core.task.python.build:Building Python package in '/home/rdpi/Documents/TieDan/d2ros2/chapt4/chapt4_ws/src/example_parameters_rclpy'
[0.738s] INFO:colcon.colcon_core.shell:Skip shell extension 'powershell' for command environment: Not usable outside of PowerShell
[0.738s] DEBUG:colcon.colcon_core.shell:Skip shell extension 'dsv' for command environment
[1.214s] DEBUG:colcon.colcon_core.event_handler.log_command:Invoking command in '/home/rdpi/Documents/TieDan/d2ros2/chapt4/chapt4_ws/src/example_parameters_rclpy': PYTHONPATH=/home/rdpi/Documents/TieDan/d2ros2/chapt4/chapt4_ws/install/example_parameters_rclpy/lib/python3.10/site-packages:${PYTHONPATH} /usr/bin/python3 setup.py egg_info --egg-base ../../build/example_parameters_rclpy build --build-base /home/rdpi/Documents/TieDan/d2ros2/chapt4/chapt4_ws/build/example_parameters_rclpy/build install --prefix /home/rdpi/Documents/TieDan/d2ros2/chapt4/chapt4_ws/install/example_parameters_rclpy --record /home/rdpi/Documents/TieDan/d2ros2/chapt4/chapt4_ws/build/example_parameters_rclpy/install.log --single-version-externally-managed
[1.608s] DEBUG:colcon.colcon_core.event_handler.log_command:Invoked command in '/home/rdpi/Documents/TieDan/d2ros2/chapt4/chapt4_ws/src/example_parameters_rclpy' returned '0': PYTHONPATH=/home/rdpi/Documents/TieDan/d2ros2/chapt4/chapt4_ws/install/example_parameters_rclpy/lib/python3.10/site-packages:${PYTHONPATH} /usr/bin/python3 setup.py egg_info --egg-base ../../build/example_parameters_rclpy build --build-base /home/rdpi/Documents/TieDan/d2ros2/chapt4/chapt4_ws/build/example_parameters_rclpy/build install --prefix /home/rdpi/Documents/TieDan/d2ros2/chapt4/chapt4_ws/install/example_parameters_rclpy --record /home/rdpi/Documents/TieDan/d2ros2/chapt4/chapt4_ws/build/example_parameters_rclpy/install.log --single-version-externally-managed
[1.613s] Level 1:colcon.colcon_core.environment:checking '/home/rdpi/Documents/TieDan/d2ros2/chapt4/chapt4_ws/install/example_parameters_rclpy' for CMake module files
[1.613s] Level 1:colcon.colcon_core.environment:checking '/home/rdpi/Documents/TieDan/d2ros2/chapt4/chapt4_ws/install/example_parameters_rclpy' for CMake config files
[1.614s] Level 1:colcon.colcon_core.environment:checking '/home/rdpi/Documents/TieDan/d2ros2/chapt4/chapt4_ws/install/example_parameters_rclpy/lib'
[1.615s] Level 1:colcon.colcon_core.environment:checking '/home/rdpi/Documents/TieDan/d2ros2/chapt4/chapt4_ws/install/example_parameters_rclpy/bin'
[1.615s] Level 1:colcon.colcon_core.environment:checking '/home/rdpi/Documents/TieDan/d2ros2/chapt4/chapt4_ws/install/example_parameters_rclpy/lib/pkgconfig/example_parameters_rclpy.pc'
[1.616s] Level 1:colcon.colcon_core.environment:checking '/home/rdpi/Documents/TieDan/d2ros2/chapt4/chapt4_ws/install/example_parameters_rclpy/lib/python3.10/site-packages'
[1.616s] Level 1:colcon.colcon_core.shell:create_environment_hook('example_parameters_rclpy', 'pythonpath')
[1.617s] INFO:colcon.colcon_core.shell:Creating environment hook '/home/rdpi/Documents/TieDan/d2ros2/chapt4/chapt4_ws/install/example_parameters_rclpy/share/example_parameters_rclpy/hook/pythonpath.ps1'
[1.619s] INFO:colcon.colcon_core.shell:Creating environment descriptor '/home/rdpi/Documents/TieDan/d2ros2/chapt4/chapt4_ws/install/example_parameters_rclpy/share/example_parameters_rclpy/hook/pythonpath.dsv'
[1.620s] INFO:colcon.colcon_core.shell:Creating environment hook '/home/rdpi/Documents/TieDan/d2ros2/chapt4/chapt4_ws/install/example_parameters_rclpy/share/example_parameters_rclpy/hook/pythonpath.sh'
[1.622s] Level 1:colcon.colcon_core.environment:checking '/home/rdpi/Documents/TieDan/d2ros2/chapt4/chapt4_ws/install/example_parameters_rclpy/bin'
[1.622s] Level 1:colcon.colcon_core.environment:create_environment_scripts_only(example_parameters_rclpy)
[1.624s] INFO:colcon.colcon_core.shell:Creating package script '/home/rdpi/Documents/TieDan/d2ros2/chapt4/chapt4_ws/install/example_parameters_rclpy/share/example_parameters_rclpy/package.ps1'
[1.626s] INFO:colcon.colcon_core.shell:Creating package descriptor '/home/rdpi/Documents/TieDan/d2ros2/chapt4/chapt4_ws/install/example_parameters_rclpy/share/example_parameters_rclpy/package.dsv'
[1.627s] INFO:colcon.colcon_core.shell:Creating package script '/home/rdpi/Documents/TieDan/d2ros2/chapt4/chapt4_ws/install/example_parameters_rclpy/share/example_parameters_rclpy/package.sh'
[1.628s] INFO:colcon.colcon_core.shell:Creating package script '/home/rdpi/Documents/TieDan/d2ros2/chapt4/chapt4_ws/install/example_parameters_rclpy/share/example_parameters_rclpy/package.bash'
[1.630s] INFO:colcon.colcon_core.shell:Creating package script '/home/rdpi/Documents/TieDan/d2ros2/chapt4/chapt4_ws/install/example_parameters_rclpy/share/example_parameters_rclpy/package.zsh'
[1.633s] Level 1:colcon.colcon_core.environment:create_file_with_runtime_dependencies(/home/rdpi/Documents/TieDan/d2ros2/chapt4/chapt4_ws/install/example_parameters_rclpy/share/colcon-core/packages/example_parameters_rclpy)
[1.634s] DEBUG:colcon.colcon_parallel_executor.executor.parallel:closing loop
[1.635s] DEBUG:colcon.colcon_parallel_executor.executor.parallel:loop closed
[1.636s] DEBUG:colcon.colcon_parallel_executor.executor.parallel:run_until_complete finished with '0'
[1.636s] DEBUG:colcon.colcon_core.event_reactor:joining thread
[1.657s] INFO:colcon.colcon_core.plugin_system:Skipping extension 'colcon_notification.desktop_notification.notify_send': Could not find 'notify-send'
[1.657s] INFO:colcon.colcon_core.plugin_system:Skipping extension 'colcon_notification.desktop_notification.terminal_notifier': Not used on non-Darwin systems
[1.657s] INFO:colcon.colcon_core.plugin_system:Skipping extension 'colcon_notification.desktop_notification.win32': Not used on non-Windows systems
[1.657s] INFO:colcon.colcon_notification.desktop_notification:Sending desktop notification using 'notify2'
[1.663s] DEBUG:colcon.colcon_notification.desktop_notification.notify2:Failed to initialize notify2: org.freedesktop.DBus.Error.Spawn.ExecFailed: /usr/bin/dbus-launch terminated abnormally without any error message
[1.664s] DEBUG:colcon.colcon_core.event_reactor:joined thread
[1.665s] INFO:colcon.colcon_core.shell:Creating prefix script '/home/rdpi/Documents/TieDan/d2ros2/chapt4/chapt4_ws/install/local_setup.ps1'
[1.671s] INFO:colcon.colcon_core.shell:Creating prefix util module '/home/rdpi/Documents/TieDan/d2ros2/chapt4/chapt4_ws/install/_local_setup_util_ps1.py'
[1.674s] INFO:colcon.colcon_core.shell:Creating prefix chain script '/home/rdpi/Documents/TieDan/d2ros2/chapt4/chapt4_ws/install/setup.ps1'
[1.682s] INFO:colcon.colcon_core.shell:Creating prefix script '/home/rdpi/Documents/TieDan/d2ros2/chapt4/chapt4_ws/install/local_setup.sh'
[1.685s] INFO:colcon.colcon_core.shell:Creating prefix util module '/home/rdpi/Documents/TieDan/d2ros2/chapt4/chapt4_ws/install/_local_setup_util_sh.py'
[1.688s] INFO:colcon.colcon_core.shell:Creating prefix chain script '/home/rdpi/Documents/TieDan/d2ros2/chapt4/chapt4_ws/install/setup.sh'
[1.690s] INFO:colcon.colcon_core.shell:Creating prefix script '/home/rdpi/Documents/TieDan/d2ros2/chapt4/chapt4_ws/install/local_setup.bash'
[1.693s] INFO:colcon.colcon_core.shell:Creating prefix chain script '/home/rdpi/Documents/TieDan/d2ros2/chapt4/chapt4_ws/install/setup.bash'
[1.697s] INFO:colcon.colcon_core.shell:Creating prefix script '/home/rdpi/Documents/TieDan/d2ros2/chapt4/chapt4_ws/install/local_setup.zsh'
[1.698s] INFO:colcon.colcon_core.shell:Creating prefix chain script '/home/rdpi/Documents/TieDan/d2ros2/chapt4/chapt4_ws/install/setup.zsh'
