[1.987s] Invoking command in '/home/rdpi/Documents/TieDan/d2ros2/chapt3/chapt3_ws/src/example_service_rclpy': PYTHONPATH=/home/rdpi/Documents/TieDan/d2ros2/chapt3/chapt3_ws/install/example_service_rclpy/lib/python3.10/site-packages:${PYTHONPATH} /usr/bin/python3 setup.py egg_info --egg-base ../../build/example_service_rclpy build --build-base /home/rdpi/Documents/TieDan/d2ros2/chapt3/chapt3_ws/build/example_service_rclpy/build install --prefix /home/rdpi/Documents/TieDan/d2ros2/chapt3/chapt3_ws/install/example_service_rclpy --record /home/rdpi/Documents/TieDan/d2ros2/chapt3/chapt3_ws/build/example_service_rclpy/install.log --single-version-externally-managed
[2.504s] running egg_info
[2.505s] writing ../../build/example_service_rclpy/example_service_rclpy.egg-info/PKG-INFO
[2.507s] writing dependency_links to ../../build/example_service_rclpy/example_service_rclpy.egg-info/dependency_links.txt
[2.510s] writing entry points to ../../build/example_service_rclpy/example_service_rclpy.egg-info/entry_points.txt
[2.521s] writing requirements to ../../build/example_service_rclpy/example_service_rclpy.egg-info/requires.txt
[2.523s] writing top-level names to ../../build/example_service_rclpy/example_service_rclpy.egg-info/top_level.txt
[2.541s] reading manifest file '../../build/example_service_rclpy/example_service_rclpy.egg-info/SOURCES.txt'
[2.553s] writing manifest file '../../build/example_service_rclpy/example_service_rclpy.egg-info/SOURCES.txt'
[2.554s] running build
[2.554s] running build_py
[2.555s] running install
[2.558s] /usr/lib/python3/dist-packages/setuptools/command/install.py:34: SetuptoolsDeprecationWarning: setup.py install is deprecated. Use build and pip and other standards-based tools.
[2.558s]   warnings.warn(
[2.561s] running install_lib
[2.563s] running install_data
[2.567s] running install_egg_info
[2.579s] removing '/home/rdpi/Documents/TieDan/d2ros2/chapt3/chapt3_ws/install/example_service_rclpy/lib/python3.10/site-packages/example_service_rclpy-0.0.0-py3.10.egg-info' (and everything under it)
[2.587s] Copying ../../build/example_service_rclpy/example_service_rclpy.egg-info to /home/rdpi/Documents/TieDan/d2ros2/chapt3/chapt3_ws/install/example_service_rclpy/lib/python3.10/site-packages/example_service_rclpy-0.0.0-py3.10.egg-info
[2.596s] running install_scripts
[2.764s] Installing service_client_02 script to /home/rdpi/Documents/TieDan/d2ros2/chapt3/chapt3_ws/install/example_service_rclpy/lib/example_service_rclpy
[2.785s] Installing service_server_02 script to /home/rdpi/Documents/TieDan/d2ros2/chapt3/chapt3_ws/install/example_service_rclpy/lib/example_service_rclpy
[2.788s] writing list of installed files to '/home/rdpi/Documents/TieDan/d2ros2/chapt3/chapt3_ws/build/example_service_rclpy/install.log'
[3.013s] Invoked command in '/home/rdpi/Documents/TieDan/d2ros2/chapt3/chapt3_ws/src/example_service_rclpy' returned '0': PYTHONPATH=/home/rdpi/Documents/TieDan/d2ros2/chapt3/chapt3_ws/install/example_service_rclpy/lib/python3.10/site-packages:${PYTHONPATH} /usr/bin/python3 setup.py egg_info --egg-base ../../build/example_service_rclpy build --build-base /home/rdpi/Documents/TieDan/d2ros2/chapt3/chapt3_ws/build/example_service_rclpy/build install --prefix /home/rdpi/Documents/TieDan/d2ros2/chapt3/chapt3_ws/install/example_service_rclpy --record /home/rdpi/Documents/TieDan/d2ros2/chapt3/chapt3_ws/build/example_service_rclpy/install.log --single-version-externally-managed
