[1.789s] Invoking command in '/home/rdpi/Documents/TieDan/d2ros2/chapt3/chapt3_ws/src/example_interfaces_rclpy': PYTHONPATH=/home/rdpi/Documents/TieDan/d2ros2/chapt3/chapt3_ws/install/example_interfaces_rclpy/lib/python3.10/site-packages:${PYTHONPATH} /usr/bin/python3 setup.py egg_info --egg-base ../../build/example_interfaces_rclpy build --build-base /home/rdpi/Documents/TieDan/d2ros2/chapt3/chapt3_ws/build/example_interfaces_rclpy/build install --prefix /home/rdpi/Documents/TieDan/d2ros2/chapt3/chapt3_ws/install/example_interfaces_rclpy --record /home/rdpi/Documents/TieDan/d2ros2/chapt3/chapt3_ws/build/example_interfaces_rclpy/install.log --single-version-externally-managed
[2.234s] running egg_info
[2.237s] writing ../../build/example_interfaces_rclpy/example_interfaces_rclpy.egg-info/PKG-INFO
[2.241s] writing dependency_links to ../../build/example_interfaces_rclpy/example_interfaces_rclpy.egg-info/dependency_links.txt
[2.244s] writing entry points to ../../build/example_interfaces_rclpy/example_interfaces_rclpy.egg-info/entry_points.txt
[2.245s] writing requirements to ../../build/example_interfaces_rclpy/example_interfaces_rclpy.egg-info/requires.txt
[2.245s] writing top-level names to ../../build/example_interfaces_rclpy/example_interfaces_rclpy.egg-info/top_level.txt
[2.248s] reading manifest file '../../build/example_interfaces_rclpy/example_interfaces_rclpy.egg-info/SOURCES.txt'
[2.249s] writing manifest file '../../build/example_interfaces_rclpy/example_interfaces_rclpy.egg-info/SOURCES.txt'
[2.249s] running build
[2.250s] running build_py
[2.250s] copying example_interfaces_rclpy/example_interfaces_control_02.py -> /home/rdpi/Documents/TieDan/d2ros2/chapt3/chapt3_ws/build/example_interfaces_rclpy/build/lib/example_interfaces_rclpy
[2.250s] running install
[2.251s] /usr/lib/python3/dist-packages/setuptools/command/install.py:34: SetuptoolsDeprecationWarning: setup.py install is deprecated. Use build and pip and other standards-based tools.
[2.251s]   warnings.warn(
[2.251s] running install_lib
[2.252s] copying /home/rdpi/Documents/TieDan/d2ros2/chapt3/chapt3_ws/build/example_interfaces_rclpy/build/lib/example_interfaces_rclpy/example_interfaces_control_02.py -> /home/rdpi/Documents/TieDan/d2ros2/chapt3/chapt3_ws/install/example_interfaces_rclpy/lib/python3.10/site-packages/example_interfaces_rclpy
[2.253s] byte-compiling /home/rdpi/Documents/TieDan/d2ros2/chapt3/chapt3_ws/install/example_interfaces_rclpy/lib/python3.10/site-packages/example_interfaces_rclpy/example_interfaces_control_02.py to example_interfaces_control_02.cpython-310.pyc
[2.255s] running install_data
[2.256s] running install_egg_info
[2.259s] removing '/home/rdpi/Documents/TieDan/d2ros2/chapt3/chapt3_ws/install/example_interfaces_rclpy/lib/python3.10/site-packages/example_interfaces_rclpy-0.0.0-py3.10.egg-info' (and everything under it)
[2.259s] Copying ../../build/example_interfaces_rclpy/example_interfaces_rclpy.egg-info to /home/rdpi/Documents/TieDan/d2ros2/chapt3/chapt3_ws/install/example_interfaces_rclpy/lib/python3.10/site-packages/example_interfaces_rclpy-0.0.0-py3.10.egg-info
[2.260s] running install_scripts
[2.292s] Installing example_interfaces_control_02 script to /home/rdpi/Documents/TieDan/d2ros2/chapt3/chapt3_ws/install/example_interfaces_rclpy/lib/example_interfaces_rclpy
[2.293s] Installing example_interfaces_robot_02 script to /home/rdpi/Documents/TieDan/d2ros2/chapt3/chapt3_ws/install/example_interfaces_rclpy/lib/example_interfaces_rclpy
[2.293s] writing list of installed files to '/home/rdpi/Documents/TieDan/d2ros2/chapt3/chapt3_ws/build/example_interfaces_rclpy/install.log'
[2.364s] Invoked command in '/home/rdpi/Documents/TieDan/d2ros2/chapt3/chapt3_ws/src/example_interfaces_rclpy' returned '0': PYTHONPATH=/home/rdpi/Documents/TieDan/d2ros2/chapt3/chapt3_ws/install/example_interfaces_rclpy/lib/python3.10/site-packages:${PYTHONPATH} /usr/bin/python3 setup.py egg_info --egg-base ../../build/example_interfaces_rclpy build --build-base /home/rdpi/Documents/TieDan/d2ros2/chapt3/chapt3_ws/build/example_interfaces_rclpy/build install --prefix /home/rdpi/Documents/TieDan/d2ros2/chapt3/chapt3_ws/install/example_interfaces_rclpy --record /home/rdpi/Documents/TieDan/d2ros2/chapt3/chapt3_ws/build/example_interfaces_rclpy/install.log --single-version-externally-managed
