running egg_info
writing ../../build/example_parameters_rclpy/example_parameters_rclpy.egg-info/PKG-INFO
writing dependency_links to ../../build/example_parameters_rclpy/example_parameters_rclpy.egg-info/dependency_links.txt
writing entry points to ../../build/example_parameters_rclpy/example_parameters_rclpy.egg-info/entry_points.txt
writing requirements to ../../build/example_parameters_rclpy/example_parameters_rclpy.egg-info/requires.txt
writing top-level names to ../../build/example_parameters_rclpy/example_parameters_rclpy.egg-info/top_level.txt
reading manifest file '../../build/example_parameters_rclpy/example_parameters_rclpy.egg-info/SOURCES.txt'
writing manifest file '../../build/example_parameters_rclpy/example_parameters_rclpy.egg-info/SOURCES.txt'
running build
running build_py
copying example_parameters_rclpy/parameters_basic.py -> /home/rdpi/Documents/TieDan/d2ros2/chapt4/chapt4_ws/build/example_parameters_rclpy/build/lib/example_parameters_rclpy
running install
running install_lib
copying /home/rdpi/Documents/TieDan/d2ros2/chapt4/chapt4_ws/build/example_parameters_rclpy/build/lib/example_parameters_rclpy/parameters_basic.py -> /home/rdpi/Documents/TieDan/d2ros2/chapt4/chapt4_ws/install/example_parameters_rclpy/lib/python3.10/site-packages/example_parameters_rclpy
byte-compiling /home/rdpi/Documents/TieDan/d2ros2/chapt4/chapt4_ws/install/example_parameters_rclpy/lib/python3.10/site-packages/example_parameters_rclpy/parameters_basic.py to parameters_basic.cpython-310.pyc
running install_data
running install_egg_info
removing '/home/rdpi/Documents/TieDan/d2ros2/chapt4/chapt4_ws/install/example_parameters_rclpy/lib/python3.10/site-packages/example_parameters_rclpy-0.0.0-py3.10.egg-info' (and everything under it)
Copying ../../build/example_parameters_rclpy/example_parameters_rclpy.egg-info to /home/rdpi/Documents/TieDan/d2ros2/chapt4/chapt4_ws/install/example_parameters_rclpy/lib/python3.10/site-packages/example_parameters_rclpy-0.0.0-py3.10.egg-info
running install_scripts
Installing parameters_basic script to /home/rdpi/Documents/TieDan/d2ros2/chapt4/chapt4_ws/install/example_parameters_rclpy/lib/example_parameters_rclpy
writing list of installed files to '/home/rdpi/Documents/TieDan/d2ros2/chapt4/chapt4_ws/build/example_parameters_rclpy/install.log'
