[0.788s] Invoking command in '/home/rdpi/Documents/TieDan/d2ros2/chapt4/chapt4_ws/src/example_action_rclpy': PYTHONPATH=/home/rdpi/Documents/TieDan/d2ros2/chapt4/chapt4_ws/install/example_action_rclpy/lib/python3.10/site-packages:${PYTHONPATH} /usr/bin/python3 setup.py egg_info --egg-base ../../build/example_action_rclpy build --build-base /home/rdpi/Documents/TieDan/d2ros2/chapt4/chapt4_ws/build/example_action_rclpy/build install --prefix /home/rdpi/Documents/TieDan/d2ros2/chapt4/chapt4_ws/install/example_action_rclpy --record /home/rdpi/Documents/TieDan/d2ros2/chapt4/chapt4_ws/build/example_action_rclpy/install.log --single-version-externally-managed
[1.087s] running egg_info
[1.089s] creating ../../build/example_action_rclpy/example_action_rclpy.egg-info
[1.089s] writing ../../build/example_action_rclpy/example_action_rclpy.egg-info/PKG-INFO
[1.090s] writing dependency_links to ../../build/example_action_rclpy/example_action_rclpy.egg-info/dependency_links.txt
[1.091s] writing entry points to ../../build/example_action_rclpy/example_action_rclpy.egg-info/entry_points.txt
[1.091s] writing requirements to ../../build/example_action_rclpy/example_action_rclpy.egg-info/requires.txt
[1.092s] writing top-level names to ../../build/example_action_rclpy/example_action_rclpy.egg-info/top_level.txt
[1.092s] writing manifest file '../../build/example_action_rclpy/example_action_rclpy.egg-info/SOURCES.txt'
[1.096s] reading manifest file '../../build/example_action_rclpy/example_action_rclpy.egg-info/SOURCES.txt'
[1.098s] writing manifest file '../../build/example_action_rclpy/example_action_rclpy.egg-info/SOURCES.txt'
[1.099s] running build
[1.099s] running build_py
[1.100s] creating /home/rdpi/Documents/TieDan/d2ros2/chapt4/chapt4_ws/build/example_action_rclpy/build
[1.100s] creating /home/rdpi/Documents/TieDan/d2ros2/chapt4/chapt4_ws/build/example_action_rclpy/build/lib
[1.100s] creating /home/rdpi/Documents/TieDan/d2ros2/chapt4/chapt4_ws/build/example_action_rclpy/build/lib/example_action_rclpy
[1.101s] copying example_action_rclpy/action_control_02.py -> /home/rdpi/Documents/TieDan/d2ros2/chapt4/chapt4_ws/build/example_action_rclpy/build/lib/example_action_rclpy
[1.102s] copying example_action_rclpy/action_robot_02.py -> /home/rdpi/Documents/TieDan/d2ros2/chapt4/chapt4_ws/build/example_action_rclpy/build/lib/example_action_rclpy
[1.102s] copying example_action_rclpy/robot.py -> /home/rdpi/Documents/TieDan/d2ros2/chapt4/chapt4_ws/build/example_action_rclpy/build/lib/example_action_rclpy
[1.103s] copying example_action_rclpy/__init__.py -> /home/rdpi/Documents/TieDan/d2ros2/chapt4/chapt4_ws/build/example_action_rclpy/build/lib/example_action_rclpy
[1.104s] running install
[1.105s] /usr/lib/python3/dist-packages/setuptools/command/install.py:34: SetuptoolsDeprecationWarning: setup.py install is deprecated. Use build and pip and other standards-based tools.
[1.105s]   warnings.warn(
[1.106s] running install_lib
[1.110s] creating /home/rdpi/Documents/TieDan/d2ros2/chapt4/chapt4_ws/install/example_action_rclpy/lib/python3.10/site-packages/example_action_rclpy
[1.110s] copying /home/rdpi/Documents/TieDan/d2ros2/chapt4/chapt4_ws/build/example_action_rclpy/build/lib/example_action_rclpy/action_control_02.py -> /home/rdpi/Documents/TieDan/d2ros2/chapt4/chapt4_ws/install/example_action_rclpy/lib/python3.10/site-packages/example_action_rclpy
[1.110s] copying /home/rdpi/Documents/TieDan/d2ros2/chapt4/chapt4_ws/build/example_action_rclpy/build/lib/example_action_rclpy/action_robot_02.py -> /home/rdpi/Documents/TieDan/d2ros2/chapt4/chapt4_ws/install/example_action_rclpy/lib/python3.10/site-packages/example_action_rclpy
[1.117s] copying /home/rdpi/Documents/TieDan/d2ros2/chapt4/chapt4_ws/build/example_action_rclpy/build/lib/example_action_rclpy/robot.py -> /home/rdpi/Documents/TieDan/d2ros2/chapt4/chapt4_ws/install/example_action_rclpy/lib/python3.10/site-packages/example_action_rclpy
[1.118s] copying /home/rdpi/Documents/TieDan/d2ros2/chapt4/chapt4_ws/build/example_action_rclpy/build/lib/example_action_rclpy/__init__.py -> /home/rdpi/Documents/TieDan/d2ros2/chapt4/chapt4_ws/install/example_action_rclpy/lib/python3.10/site-packages/example_action_rclpy
[1.123s] byte-compiling /home/rdpi/Documents/TieDan/d2ros2/chapt4/chapt4_ws/install/example_action_rclpy/lib/python3.10/site-packages/example_action_rclpy/action_control_02.py to action_control_02.cpython-310.pyc
[1.124s] byte-compiling /home/rdpi/Documents/TieDan/d2ros2/chapt4/chapt4_ws/install/example_action_rclpy/lib/python3.10/site-packages/example_action_rclpy/action_robot_02.py to action_robot_02.cpython-310.pyc
[1.125s] byte-compiling /home/rdpi/Documents/TieDan/d2ros2/chapt4/chapt4_ws/install/example_action_rclpy/lib/python3.10/site-packages/example_action_rclpy/robot.py to robot.cpython-310.pyc
[1.127s] byte-compiling /home/rdpi/Documents/TieDan/d2ros2/chapt4/chapt4_ws/install/example_action_rclpy/lib/python3.10/site-packages/example_action_rclpy/__init__.py to __init__.cpython-310.pyc
[1.127s] running install_data
[1.132s] creating /home/rdpi/Documents/TieDan/d2ros2/chapt4/chapt4_ws/install/example_action_rclpy/share/ament_index
[1.133s] creating /home/rdpi/Documents/TieDan/d2ros2/chapt4/chapt4_ws/install/example_action_rclpy/share/ament_index/resource_index
[1.133s] creating /home/rdpi/Documents/TieDan/d2ros2/chapt4/chapt4_ws/install/example_action_rclpy/share/ament_index/resource_index/packages
[1.133s] copying resource/example_action_rclpy -> /home/rdpi/Documents/TieDan/d2ros2/chapt4/chapt4_ws/install/example_action_rclpy/share/ament_index/resource_index/packages
[1.134s] copying package.xml -> /home/rdpi/Documents/TieDan/d2ros2/chapt4/chapt4_ws/install/example_action_rclpy/share/example_action_rclpy
[1.134s] running install_egg_info
[1.134s] Copying ../../build/example_action_rclpy/example_action_rclpy.egg-info to /home/rdpi/Documents/TieDan/d2ros2/chapt4/chapt4_ws/install/example_action_rclpy/lib/python3.10/site-packages/example_action_rclpy-0.0.0-py3.10.egg-info
[1.134s] running install_scripts
[1.154s] Installing action_control_02 script to /home/rdpi/Documents/TieDan/d2ros2/chapt4/chapt4_ws/install/example_action_rclpy/lib/example_action_rclpy
[1.154s] Installing action_robot_02 script to /home/rdpi/Documents/TieDan/d2ros2/chapt4/chapt4_ws/install/example_action_rclpy/lib/example_action_rclpy
[1.156s] writing list of installed files to '/home/rdpi/Documents/TieDan/d2ros2/chapt4/chapt4_ws/build/example_action_rclpy/install.log'
[1.199s] Invoked command in '/home/rdpi/Documents/TieDan/d2ros2/chapt4/chapt4_ws/src/example_action_rclpy' returned '0': PYTHONPATH=/home/rdpi/Documents/TieDan/d2ros2/chapt4/chapt4_ws/install/example_action_rclpy/lib/python3.10/site-packages:${PYTHONPATH} /usr/bin/python3 setup.py egg_info --egg-base ../../build/example_action_rclpy build --build-base /home/rdpi/Documents/TieDan/d2ros2/chapt4/chapt4_ws/build/example_action_rclpy/build install --prefix /home/rdpi/Documents/TieDan/d2ros2/chapt4/chapt4_ws/install/example_action_rclpy --record /home/rdpi/Documents/TieDan/d2ros2/chapt4/chapt4_ws/build/example_action_rclpy/install.log --single-version-externally-managed
