[0.033s] Invoking command in '/home/rdpi/Documents/TieDan/d2ros2/chapt3/chapt3_ws/build/example_ros2_interfaces': CMAKE_PREFIX_PATH=/home/rdpi/Documents/TieDan/d2ros2/chapt3/chapt3_ws/src/install/example_service_rclpy:/home/rdpi/Documents/TieDan/d2ros2/chapt3/chapt3_ws/src/install/example_interfaces_rclpy:/opt/ros/humble /usr/bin/cmake --build /home/rdpi/Documents/TieDan/d2ros2/chapt3/chapt3_ws/build/example_ros2_interfaces -- -j2 -l2
[0.183s] [  2%] Built target example_ros2_interfaces__cpp
[0.183s] [ 12%] Built target example_ros2_interfaces__rosidl_generator_c
[0.223s] [35m[1mConsolidate compiler generated dependencies of target example_ros2_interfaces__rosidl_typesupport_cpp[0m
[0.271s] [ 12%] Built target ament_cmake_python_copy_example_ros2_interfaces
[0.291s] [ 23%] Built target example_ros2_interfaces__rosidl_typesupport_cpp
[0.319s] [35m[1mConsolidate compiler generated dependencies of target example_ros2_interfaces__rosidl_typesupport_fastrtps_c[0m
[0.352s] [35m[1mConsolidate compiler generated dependencies of target example_ros2_interfaces__rosidl_typesupport_introspection_c[0m
[0.392s] [ 34%] Built target example_ros2_interfaces__rosidl_typesupport_fastrtps_c
[0.420s] [ 44%] Built target example_ros2_interfaces__rosidl_typesupport_introspection_c
[0.440s] [35m[1mConsolidate compiler generated dependencies of target example_ros2_interfaces__rosidl_typesupport_c[0m
[0.463s] [35m[1mConsolidate compiler generated dependencies of target example_ros2_interfaces__rosidl_typesupport_fastrtps_cpp[0m
[0.526s] [ 55%] Built target example_ros2_interfaces__rosidl_typesupport_c
[0.562s] [35m[1mConsolidate compiler generated dependencies of target example_ros2_interfaces__rosidl_typesupport_introspection_cpp[0m
[0.583s] [ 65%] Built target example_ros2_interfaces__rosidl_typesupport_fastrtps_cpp
[0.646s] [ 76%] Built target example_ros2_interfaces__rosidl_typesupport_introspection_cpp
[0.767s] [ 76%] Built target example_ros2_interfaces
[0.896s] [ 78%] Built target example_ros2_interfaces__py
[0.976s] [35m[1mConsolidate compiler generated dependencies of target example_ros2_interfaces__rosidl_generator_py[0m
[1.068s] [ 87%] Built target example_ros2_interfaces__rosidl_generator_py
[1.107s] running egg_info
[1.107s] writing example_ros2_interfaces.egg-info/PKG-INFO
[1.108s] writing dependency_links to example_ros2_interfaces.egg-info/dependency_links.txt
[1.108s] writing top-level names to example_ros2_interfaces.egg-info/top_level.txt
[1.108s] reading manifest file 'example_ros2_interfaces.egg-info/SOURCES.txt'
[1.109s] writing manifest file 'example_ros2_interfaces.egg-info/SOURCES.txt'
[1.149s] [35m[1mConsolidate compiler generated dependencies of target example_ros2_interfaces__rosidl_typesupport_fastrtps_c__pyext[0m
[1.219s] [ 91%] Built target example_ros2_interfaces__rosidl_typesupport_fastrtps_c__pyext
[1.252s] [ 91%] Built target ament_cmake_python_build_example_ros2_interfaces_egg
[1.283s] [35m[1mConsolidate compiler generated dependencies of target example_ros2_interfaces__rosidl_typesupport_c__pyext[0m
[1.304s] [35m[1mConsolidate compiler generated dependencies of target example_ros2_interfaces__rosidl_typesupport_introspection_c__pyext[0m
[1.363s] [ 95%] Built target example_ros2_interfaces__rosidl_typesupport_c__pyext
[1.368s] [100%] Built target example_ros2_interfaces__rosidl_typesupport_introspection_c__pyext
[1.430s] Invoked command in '/home/rdpi/Documents/TieDan/d2ros2/chapt3/chapt3_ws/build/example_ros2_interfaces' returned '0': CMAKE_PREFIX_PATH=/home/rdpi/Documents/TieDan/d2ros2/chapt3/chapt3_ws/src/install/example_service_rclpy:/home/rdpi/Documents/TieDan/d2ros2/chapt3/chapt3_ws/src/install/example_interfaces_rclpy:/opt/ros/humble /usr/bin/cmake --build /home/rdpi/Documents/TieDan/d2ros2/chapt3/chapt3_ws/build/example_ros2_interfaces -- -j2 -l2
[1.925s] Invoking command in '/home/rdpi/Documents/TieDan/d2ros2/chapt3/chapt3_ws/build/example_ros2_interfaces': CMAKE_PREFIX_PATH=/home/rdpi/Documents/TieDan/d2ros2/chapt3/chapt3_ws/src/install/example_service_rclpy:/home/rdpi/Documents/TieDan/d2ros2/chapt3/chapt3_ws/src/install/example_interfaces_rclpy:/opt/ros/humble /usr/bin/cmake --install /home/rdpi/Documents/TieDan/d2ros2/chapt3/chapt3_ws/build/example_ros2_interfaces
[1.951s] -- Install configuration: ""
[1.952s] -- Up-to-date: /home/rdpi/Documents/TieDan/d2ros2/chapt3/chapt3_ws/install/example_ros2_interfaces/share/ament_index/resource_index/rosidl_interfaces/example_ros2_interfaces
[1.952s] -- Up-to-date: /home/rdpi/Documents/TieDan/d2ros2/chapt3/chapt3_ws/install/example_ros2_interfaces/include/example_ros2_interfaces/example_ros2_interfaces
[1.953s] -- Up-to-date: /home/rdpi/Documents/TieDan/d2ros2/chapt3/chapt3_ws/install/example_ros2_interfaces/include/example_ros2_interfaces/example_ros2_interfaces/msg
[1.953s] -- Up-to-date: /home/rdpi/Documents/TieDan/d2ros2/chapt3/chapt3_ws/install/example_ros2_interfaces/include/example_ros2_interfaces/example_ros2_interfaces/msg/robot_status.h
[1.953s] -- Up-to-date: /home/rdpi/Documents/TieDan/d2ros2/chapt3/chapt3_ws/install/example_ros2_interfaces/include/example_ros2_interfaces/example_ros2_interfaces/msg/rosidl_generator_c__visibility_control.h
[1.953s] -- Up-to-date: /home/rdpi/Documents/TieDan/d2ros2/chapt3/chapt3_ws/install/example_ros2_interfaces/include/example_ros2_interfaces/example_ros2_interfaces/msg/robot_pose.h
[1.953s] -- Up-to-date: /home/rdpi/Documents/TieDan/d2ros2/chapt3/chapt3_ws/install/example_ros2_interfaces/include/example_ros2_interfaces/example_ros2_interfaces/msg/detail
[1.953s] -- Up-to-date: /home/rdpi/Documents/TieDan/d2ros2/chapt3/chapt3_ws/install/example_ros2_interfaces/include/example_ros2_interfaces/example_ros2_interfaces/msg/detail/robot_status__type_support.h
[1.954s] -- Up-to-date: /home/rdpi/Documents/TieDan/d2ros2/chapt3/chapt3_ws/install/example_ros2_interfaces/include/example_ros2_interfaces/example_ros2_interfaces/msg/detail/robot_pose__functions.h
[1.954s] -- Up-to-date: /home/rdpi/Documents/TieDan/d2ros2/chapt3/chapt3_ws/install/example_ros2_interfaces/include/example_ros2_interfaces/example_ros2_interfaces/msg/detail/robot_pose__functions.c
[1.954s] -- Up-to-date: /home/rdpi/Documents/TieDan/d2ros2/chapt3/chapt3_ws/install/example_ros2_interfaces/include/example_ros2_interfaces/example_ros2_interfaces/msg/detail/robot_status__functions.h
[1.954s] -- Up-to-date: /home/rdpi/Documents/TieDan/d2ros2/chapt3/chapt3_ws/install/example_ros2_interfaces/include/example_ros2_interfaces/example_ros2_interfaces/msg/detail/robot_status__functions.c
[1.954s] -- Up-to-date: /home/rdpi/Documents/TieDan/d2ros2/chapt3/chapt3_ws/install/example_ros2_interfaces/include/example_ros2_interfaces/example_ros2_interfaces/msg/detail/robot_pose__struct.h
[1.954s] -- Up-to-date: /home/rdpi/Documents/TieDan/d2ros2/chapt3/chapt3_ws/install/example_ros2_interfaces/include/example_ros2_interfaces/example_ros2_interfaces/msg/detail/robot_pose__type_support.h
[1.954s] -- Up-to-date: /home/rdpi/Documents/TieDan/d2ros2/chapt3/chapt3_ws/install/example_ros2_interfaces/include/example_ros2_interfaces/example_ros2_interfaces/msg/detail/robot_status__struct.h
[1.957s] -- Up-to-date: /home/rdpi/Documents/TieDan/d2ros2/chapt3/chapt3_ws/install/example_ros2_interfaces/include/example_ros2_interfaces/example_ros2_interfaces/srv
[1.958s] -- Up-to-date: /home/rdpi/Documents/TieDan/d2ros2/chapt3/chapt3_ws/install/example_ros2_interfaces/include/example_ros2_interfaces/example_ros2_interfaces/srv/move_robot.h
[1.960s] -- Up-to-date: /home/rdpi/Documents/TieDan/d2ros2/chapt3/chapt3_ws/install/example_ros2_interfaces/include/example_ros2_interfaces/example_ros2_interfaces/srv/detail
[1.961s] -- Up-to-date: /home/rdpi/Documents/TieDan/d2ros2/chapt3/chapt3_ws/install/example_ros2_interfaces/include/example_ros2_interfaces/example_ros2_interfaces/srv/detail/move_robot__type_support.h
[1.961s] -- Up-to-date: /home/rdpi/Documents/TieDan/d2ros2/chapt3/chapt3_ws/install/example_ros2_interfaces/include/example_ros2_interfaces/example_ros2_interfaces/srv/detail/move_robot__functions.h
[1.962s] -- Up-to-date: /home/rdpi/Documents/TieDan/d2ros2/chapt3/chapt3_ws/install/example_ros2_interfaces/include/example_ros2_interfaces/example_ros2_interfaces/srv/detail/move_robot__struct.h
[1.963s] -- Up-to-date: /home/rdpi/Documents/TieDan/d2ros2/chapt3/chapt3_ws/install/example_ros2_interfaces/include/example_ros2_interfaces/example_ros2_interfaces/srv/detail/move_robot__functions.c
[1.968s] -- Up-to-date: /home/rdpi/Documents/TieDan/d2ros2/chapt3/chapt3_ws/install/example_ros2_interfaces/share/example_ros2_interfaces/environment/library_path.sh
[1.971s] -- Up-to-date: /home/rdpi/Documents/TieDan/d2ros2/chapt3/chapt3_ws/install/example_ros2_interfaces/share/example_ros2_interfaces/environment/library_path.dsv
[1.972s] -- Up-to-date: /home/rdpi/Documents/TieDan/d2ros2/chapt3/chapt3_ws/install/example_ros2_interfaces/lib/libexample_ros2_interfaces__rosidl_generator_c.so
[1.972s] -- Up-to-date: /home/rdpi/Documents/TieDan/d2ros2/chapt3/chapt3_ws/install/example_ros2_interfaces/include/example_ros2_interfaces/example_ros2_interfaces
[1.978s] -- Up-to-date: /home/rdpi/Documents/TieDan/d2ros2/chapt3/chapt3_ws/install/example_ros2_interfaces/include/example_ros2_interfaces/example_ros2_interfaces/msg
[1.978s] -- Up-to-date: /home/rdpi/Documents/TieDan/d2ros2/chapt3/chapt3_ws/install/example_ros2_interfaces/include/example_ros2_interfaces/example_ros2_interfaces/msg/rosidl_typesupport_fastrtps_c__visibility_control.h
[1.979s] -- Up-to-date: /home/rdpi/Documents/TieDan/d2ros2/chapt3/chapt3_ws/install/example_ros2_interfaces/include/example_ros2_interfaces/example_ros2_interfaces/msg/detail
[1.979s] -- Up-to-date: /home/rdpi/Documents/TieDan/d2ros2/chapt3/chapt3_ws/install/example_ros2_interfaces/include/example_ros2_interfaces/example_ros2_interfaces/msg/detail/robot_pose__rosidl_typesupport_fastrtps_c.h
[1.979s] -- Up-to-date: /home/rdpi/Documents/TieDan/d2ros2/chapt3/chapt3_ws/install/example_ros2_interfaces/include/example_ros2_interfaces/example_ros2_interfaces/msg/detail/robot_status__rosidl_typesupport_fastrtps_c.h
[1.980s] -- Up-to-date: /home/rdpi/Documents/TieDan/d2ros2/chapt3/chapt3_ws/install/example_ros2_interfaces/include/example_ros2_interfaces/example_ros2_interfaces/srv
[1.980s] -- Up-to-date: /home/rdpi/Documents/TieDan/d2ros2/chapt3/chapt3_ws/install/example_ros2_interfaces/include/example_ros2_interfaces/example_ros2_interfaces/srv/detail
[1.980s] -- Up-to-date: /home/rdpi/Documents/TieDan/d2ros2/chapt3/chapt3_ws/install/example_ros2_interfaces/include/example_ros2_interfaces/example_ros2_interfaces/srv/detail/move_robot__rosidl_typesupport_fastrtps_c.h
[1.980s] -- Up-to-date: /home/rdpi/Documents/TieDan/d2ros2/chapt3/chapt3_ws/install/example_ros2_interfaces/lib/libexample_ros2_interfaces__rosidl_typesupport_fastrtps_c.so
[1.980s] -- Up-to-date: /home/rdpi/Documents/TieDan/d2ros2/chapt3/chapt3_ws/install/example_ros2_interfaces/include/example_ros2_interfaces/example_ros2_interfaces
[1.982s] -- Up-to-date: /home/rdpi/Documents/TieDan/d2ros2/chapt3/chapt3_ws/install/example_ros2_interfaces/include/example_ros2_interfaces/example_ros2_interfaces/msg
[1.982s] -- Up-to-date: /home/rdpi/Documents/TieDan/d2ros2/chapt3/chapt3_ws/install/example_ros2_interfaces/include/example_ros2_interfaces/example_ros2_interfaces/msg/rosidl_typesupport_introspection_c__visibility_control.h
[1.985s] -- Up-to-date: /home/rdpi/Documents/TieDan/d2ros2/chapt3/chapt3_ws/install/example_ros2_interfaces/include/example_ros2_interfaces/example_ros2_interfaces/msg/detail
[1.986s] -- Up-to-date: /home/rdpi/Documents/TieDan/d2ros2/chapt3/chapt3_ws/install/example_ros2_interfaces/include/example_ros2_interfaces/example_ros2_interfaces/msg/detail/robot_pose__type_support.c
[1.986s] -- Up-to-date: /home/rdpi/Documents/TieDan/d2ros2/chapt3/chapt3_ws/install/example_ros2_interfaces/include/example_ros2_interfaces/example_ros2_interfaces/msg/detail/robot_pose__rosidl_typesupport_introspection_c.h
[1.987s] -- Up-to-date: /home/rdpi/Documents/TieDan/d2ros2/chapt3/chapt3_ws/install/example_ros2_interfaces/include/example_ros2_interfaces/example_ros2_interfaces/msg/detail/robot_status__type_support.c
[1.987s] -- Up-to-date: /home/rdpi/Documents/TieDan/d2ros2/chapt3/chapt3_ws/install/example_ros2_interfaces/include/example_ros2_interfaces/example_ros2_interfaces/msg/detail/robot_status__rosidl_typesupport_introspection_c.h
[1.987s] -- Up-to-date: /home/rdpi/Documents/TieDan/d2ros2/chapt3/chapt3_ws/install/example_ros2_interfaces/include/example_ros2_interfaces/example_ros2_interfaces/srv
[1.987s] -- Up-to-date: /home/rdpi/Documents/TieDan/d2ros2/chapt3/chapt3_ws/install/example_ros2_interfaces/include/example_ros2_interfaces/example_ros2_interfaces/srv/detail
[1.991s] -- Up-to-date: /home/rdpi/Documents/TieDan/d2ros2/chapt3/chapt3_ws/install/example_ros2_interfaces/include/example_ros2_interfaces/example_ros2_interfaces/srv/detail/move_robot__type_support.c
[1.991s] -- Up-to-date: /home/rdpi/Documents/TieDan/d2ros2/chapt3/chapt3_ws/install/example_ros2_interfaces/include/example_ros2_interfaces/example_ros2_interfaces/srv/detail/move_robot__rosidl_typesupport_introspection_c.h
[1.992s] -- Up-to-date: /home/rdpi/Documents/TieDan/d2ros2/chapt3/chapt3_ws/install/example_ros2_interfaces/lib/libexample_ros2_interfaces__rosidl_typesupport_introspection_c.so
[1.992s] -- Up-to-date: /home/rdpi/Documents/TieDan/d2ros2/chapt3/chapt3_ws/install/example_ros2_interfaces/lib/libexample_ros2_interfaces__rosidl_typesupport_c.so
[1.992s] -- Up-to-date: /home/rdpi/Documents/TieDan/d2ros2/chapt3/chapt3_ws/install/example_ros2_interfaces/include/example_ros2_interfaces/example_ros2_interfaces
[1.992s] -- Up-to-date: /home/rdpi/Documents/TieDan/d2ros2/chapt3/chapt3_ws/install/example_ros2_interfaces/include/example_ros2_interfaces/example_ros2_interfaces/msg
[1.993s] -- Up-to-date: /home/rdpi/Documents/TieDan/d2ros2/chapt3/chapt3_ws/install/example_ros2_interfaces/include/example_ros2_interfaces/example_ros2_interfaces/msg/robot_status.hpp
[1.993s] -- Up-to-date: /home/rdpi/Documents/TieDan/d2ros2/chapt3/chapt3_ws/install/example_ros2_interfaces/include/example_ros2_interfaces/example_ros2_interfaces/msg/robot_pose.hpp
[1.993s] -- Up-to-date: /home/rdpi/Documents/TieDan/d2ros2/chapt3/chapt3_ws/install/example_ros2_interfaces/include/example_ros2_interfaces/example_ros2_interfaces/msg/detail
[1.994s] -- Up-to-date: /home/rdpi/Documents/TieDan/d2ros2/chapt3/chapt3_ws/install/example_ros2_interfaces/include/example_ros2_interfaces/example_ros2_interfaces/msg/detail/robot_status__struct.hpp
[1.994s] -- Up-to-date: /home/rdpi/Documents/TieDan/d2ros2/chapt3/chapt3_ws/install/example_ros2_interfaces/include/example_ros2_interfaces/example_ros2_interfaces/msg/detail/robot_pose__struct.hpp
[1.994s] -- Up-to-date: /home/rdpi/Documents/TieDan/d2ros2/chapt3/chapt3_ws/install/example_ros2_interfaces/include/example_ros2_interfaces/example_ros2_interfaces/msg/detail/robot_status__traits.hpp
[1.994s] -- Up-to-date: /home/rdpi/Documents/TieDan/d2ros2/chapt3/chapt3_ws/install/example_ros2_interfaces/include/example_ros2_interfaces/example_ros2_interfaces/msg/detail/robot_pose__builder.hpp
[1.995s] -- Up-to-date: /home/rdpi/Documents/TieDan/d2ros2/chapt3/chapt3_ws/install/example_ros2_interfaces/include/example_ros2_interfaces/example_ros2_interfaces/msg/detail/robot_status__builder.hpp
[1.995s] -- Up-to-date: /home/rdpi/Documents/TieDan/d2ros2/chapt3/chapt3_ws/install/example_ros2_interfaces/include/example_ros2_interfaces/example_ros2_interfaces/msg/detail/robot_pose__traits.hpp
[1.995s] -- Up-to-date: /home/rdpi/Documents/TieDan/d2ros2/chapt3/chapt3_ws/install/example_ros2_interfaces/include/example_ros2_interfaces/example_ros2_interfaces/srv
[1.996s] -- Up-to-date: /home/rdpi/Documents/TieDan/d2ros2/chapt3/chapt3_ws/install/example_ros2_interfaces/include/example_ros2_interfaces/example_ros2_interfaces/srv/move_robot.hpp
[1.996s] -- Up-to-date: /home/rdpi/Documents/TieDan/d2ros2/chapt3/chapt3_ws/install/example_ros2_interfaces/include/example_ros2_interfaces/example_ros2_interfaces/srv/detail
[1.998s] -- Up-to-date: /home/rdpi/Documents/TieDan/d2ros2/chapt3/chapt3_ws/install/example_ros2_interfaces/include/example_ros2_interfaces/example_ros2_interfaces/srv/detail/move_robot__builder.hpp
[1.998s] -- Up-to-date: /home/rdpi/Documents/TieDan/d2ros2/chapt3/chapt3_ws/install/example_ros2_interfaces/include/example_ros2_interfaces/example_ros2_interfaces/srv/detail/move_robot__traits.hpp
[1.999s] -- Up-to-date: /home/rdpi/Documents/TieDan/d2ros2/chapt3/chapt3_ws/install/example_ros2_interfaces/include/example_ros2_interfaces/example_ros2_interfaces/srv/detail/move_robot__struct.hpp
[1.999s] -- Up-to-date: /home/rdpi/Documents/TieDan/d2ros2/chapt3/chapt3_ws/install/example_ros2_interfaces/include/example_ros2_interfaces/example_ros2_interfaces
[2.000s] -- Up-to-date: /home/rdpi/Documents/TieDan/d2ros2/chapt3/chapt3_ws/install/example_ros2_interfaces/include/example_ros2_interfaces/example_ros2_interfaces/msg
[2.000s] -- Up-to-date: /home/rdpi/Documents/TieDan/d2ros2/chapt3/chapt3_ws/install/example_ros2_interfaces/include/example_ros2_interfaces/example_ros2_interfaces/msg/rosidl_typesupport_fastrtps_cpp__visibility_control.h
[2.007s] -- Up-to-date: /home/rdpi/Documents/TieDan/d2ros2/chapt3/chapt3_ws/install/example_ros2_interfaces/include/example_ros2_interfaces/example_ros2_interfaces/msg/detail
[2.007s] -- Up-to-date: /home/rdpi/Documents/TieDan/d2ros2/chapt3/chapt3_ws/install/example_ros2_interfaces/include/example_ros2_interfaces/example_ros2_interfaces/msg/detail/robot_pose__rosidl_typesupport_fastrtps_cpp.hpp
[2.007s] -- Up-to-date: /home/rdpi/Documents/TieDan/d2ros2/chapt3/chapt3_ws/install/example_ros2_interfaces/include/example_ros2_interfaces/example_ros2_interfaces/msg/detail/dds_fastrtps
[2.008s] -- Up-to-date: /home/rdpi/Documents/TieDan/d2ros2/chapt3/chapt3_ws/install/example_ros2_interfaces/include/example_ros2_interfaces/example_ros2_interfaces/msg/detail/robot_status__rosidl_typesupport_fastrtps_cpp.hpp
[2.008s] -- Up-to-date: /home/rdpi/Documents/TieDan/d2ros2/chapt3/chapt3_ws/install/example_ros2_interfaces/include/example_ros2_interfaces/example_ros2_interfaces/srv
[2.008s] -- Up-to-date: /home/rdpi/Documents/TieDan/d2ros2/chapt3/chapt3_ws/install/example_ros2_interfaces/include/example_ros2_interfaces/example_ros2_interfaces/srv/detail
[2.008s] -- Up-to-date: /home/rdpi/Documents/TieDan/d2ros2/chapt3/chapt3_ws/install/example_ros2_interfaces/include/example_ros2_interfaces/example_ros2_interfaces/srv/detail/dds_fastrtps
[2.009s] -- Up-to-date: /home/rdpi/Documents/TieDan/d2ros2/chapt3/chapt3_ws/install/example_ros2_interfaces/include/example_ros2_interfaces/example_ros2_interfaces/srv/detail/move_robot__rosidl_typesupport_fastrtps_cpp.hpp
[2.009s] -- Up-to-date: /home/rdpi/Documents/TieDan/d2ros2/chapt3/chapt3_ws/install/example_ros2_interfaces/lib/libexample_ros2_interfaces__rosidl_typesupport_fastrtps_cpp.so
[2.009s] -- Up-to-date: /home/rdpi/Documents/TieDan/d2ros2/chapt3/chapt3_ws/install/example_ros2_interfaces/include/example_ros2_interfaces/example_ros2_interfaces
[2.009s] -- Up-to-date: /home/rdpi/Documents/TieDan/d2ros2/chapt3/chapt3_ws/install/example_ros2_interfaces/include/example_ros2_interfaces/example_ros2_interfaces/msg
[2.010s] -- Up-to-date: /home/rdpi/Documents/TieDan/d2ros2/chapt3/chapt3_ws/install/example_ros2_interfaces/include/example_ros2_interfaces/example_ros2_interfaces/msg/detail
[2.010s] -- Up-to-date: /home/rdpi/Documents/TieDan/d2ros2/chapt3/chapt3_ws/install/example_ros2_interfaces/include/example_ros2_interfaces/example_ros2_interfaces/msg/detail/robot_pose__type_support.cpp
[2.010s] -- Up-to-date: /home/rdpi/Documents/TieDan/d2ros2/chapt3/chapt3_ws/install/example_ros2_interfaces/include/example_ros2_interfaces/example_ros2_interfaces/msg/detail/robot_status__rosidl_typesupport_introspection_cpp.hpp
[2.010s] -- Up-to-date: /home/rdpi/Documents/TieDan/d2ros2/chapt3/chapt3_ws/install/example_ros2_interfaces/include/example_ros2_interfaces/example_ros2_interfaces/msg/detail/robot_pose__rosidl_typesupport_introspection_cpp.hpp
[2.011s] -- Up-to-date: /home/rdpi/Documents/TieDan/d2ros2/chapt3/chapt3_ws/install/example_ros2_interfaces/include/example_ros2_interfaces/example_ros2_interfaces/msg/detail/robot_status__type_support.cpp
[2.011s] -- Up-to-date: /home/rdpi/Documents/TieDan/d2ros2/chapt3/chapt3_ws/install/example_ros2_interfaces/include/example_ros2_interfaces/example_ros2_interfaces/srv
[2.011s] -- Up-to-date: /home/rdpi/Documents/TieDan/d2ros2/chapt3/chapt3_ws/install/example_ros2_interfaces/include/example_ros2_interfaces/example_ros2_interfaces/srv/detail
[2.011s] -- Up-to-date: /home/rdpi/Documents/TieDan/d2ros2/chapt3/chapt3_ws/install/example_ros2_interfaces/include/example_ros2_interfaces/example_ros2_interfaces/srv/detail/move_robot__rosidl_typesupport_introspection_cpp.hpp
[2.012s] -- Up-to-date: /home/rdpi/Documents/TieDan/d2ros2/chapt3/chapt3_ws/install/example_ros2_interfaces/include/example_ros2_interfaces/example_ros2_interfaces/srv/detail/move_robot__type_support.cpp
[2.012s] -- Up-to-date: /home/rdpi/Documents/TieDan/d2ros2/chapt3/chapt3_ws/install/example_ros2_interfaces/lib/libexample_ros2_interfaces__rosidl_typesupport_introspection_cpp.so
[2.012s] -- Up-to-date: /home/rdpi/Documents/TieDan/d2ros2/chapt3/chapt3_ws/install/example_ros2_interfaces/lib/libexample_ros2_interfaces__rosidl_typesupport_cpp.so
[2.012s] -- Up-to-date: /home/rdpi/Documents/TieDan/d2ros2/chapt3/chapt3_ws/install/example_ros2_interfaces/share/example_ros2_interfaces/environment/pythonpath.sh
[2.013s] -- Up-to-date: /home/rdpi/Documents/TieDan/d2ros2/chapt3/chapt3_ws/install/example_ros2_interfaces/share/example_ros2_interfaces/environment/pythonpath.dsv
[2.013s] -- Up-to-date: /home/rdpi/Documents/TieDan/d2ros2/chapt3/chapt3_ws/install/example_ros2_interfaces/local/lib/python3.10/dist-packages/example_ros2_interfaces-0.0.0-py3.10.egg-info
[2.013s] -- Installing: /home/rdpi/Documents/TieDan/d2ros2/chapt3/chapt3_ws/install/example_ros2_interfaces/local/lib/python3.10/dist-packages/example_ros2_interfaces-0.0.0-py3.10.egg-info/dependency_links.txt
[2.013s] -- Installing: /home/rdpi/Documents/TieDan/d2ros2/chapt3/chapt3_ws/install/example_ros2_interfaces/local/lib/python3.10/dist-packages/example_ros2_interfaces-0.0.0-py3.10.egg-info/SOURCES.txt
[2.014s] -- Installing: /home/rdpi/Documents/TieDan/d2ros2/chapt3/chapt3_ws/install/example_ros2_interfaces/local/lib/python3.10/dist-packages/example_ros2_interfaces-0.0.0-py3.10.egg-info/PKG-INFO
[2.014s] -- Installing: /home/rdpi/Documents/TieDan/d2ros2/chapt3/chapt3_ws/install/example_ros2_interfaces/local/lib/python3.10/dist-packages/example_ros2_interfaces-0.0.0-py3.10.egg-info/top_level.txt
[2.014s] -- Up-to-date: /home/rdpi/Documents/TieDan/d2ros2/chapt3/chapt3_ws/install/example_ros2_interfaces/local/lib/python3.10/dist-packages/example_ros2_interfaces
[2.014s] -- Up-to-date: /home/rdpi/Documents/TieDan/d2ros2/chapt3/chapt3_ws/install/example_ros2_interfaces/local/lib/python3.10/dist-packages/example_ros2_interfaces/example_ros2_interfaces_s__rosidl_typesupport_introspection_c.cpython-310-x86_64-linux-gnu.so
[2.015s] -- Up-to-date: /home/rdpi/Documents/TieDan/d2ros2/chapt3/chapt3_ws/install/example_ros2_interfaces/local/lib/python3.10/dist-packages/example_ros2_interfaces/libexample_ros2_interfaces__rosidl_generator_py.so
[2.015s] -- Up-to-date: /home/rdpi/Documents/TieDan/d2ros2/chapt3/chapt3_ws/install/example_ros2_interfaces/local/lib/python3.10/dist-packages/example_ros2_interfaces/msg
[2.015s] -- Up-to-date: /home/rdpi/Documents/TieDan/d2ros2/chapt3/chapt3_ws/install/example_ros2_interfaces/local/lib/python3.10/dist-packages/example_ros2_interfaces/msg/_robot_status.py
[2.016s] -- Up-to-date: /home/rdpi/Documents/TieDan/d2ros2/chapt3/chapt3_ws/install/example_ros2_interfaces/local/lib/python3.10/dist-packages/example_ros2_interfaces/msg/_robot_status_s.c
[2.016s] -- Up-to-date: /home/rdpi/Documents/TieDan/d2ros2/chapt3/chapt3_ws/install/example_ros2_interfaces/local/lib/python3.10/dist-packages/example_ros2_interfaces/msg/_robot_pose_s.c
[2.018s] -- Up-to-date: /home/rdpi/Documents/TieDan/d2ros2/chapt3/chapt3_ws/install/example_ros2_interfaces/local/lib/python3.10/dist-packages/example_ros2_interfaces/msg/__init__.py
[2.019s] -- Up-to-date: /home/rdpi/Documents/TieDan/d2ros2/chapt3/chapt3_ws/install/example_ros2_interfaces/local/lib/python3.10/dist-packages/example_ros2_interfaces/msg/_robot_pose.py
[2.019s] -- Up-to-date: /home/rdpi/Documents/TieDan/d2ros2/chapt3/chapt3_ws/install/example_ros2_interfaces/local/lib/python3.10/dist-packages/example_ros2_interfaces/_example_ros2_interfaces_s.ep.rosidl_typesupport_c.c
[2.019s] -- Up-to-date: /home/rdpi/Documents/TieDan/d2ros2/chapt3/chapt3_ws/install/example_ros2_interfaces/local/lib/python3.10/dist-packages/example_ros2_interfaces/srv
[2.019s] -- Up-to-date: /home/rdpi/Documents/TieDan/d2ros2/chapt3/chapt3_ws/install/example_ros2_interfaces/local/lib/python3.10/dist-packages/example_ros2_interfaces/srv/_move_robot_s.c
[2.020s] -- Up-to-date: /home/rdpi/Documents/TieDan/d2ros2/chapt3/chapt3_ws/install/example_ros2_interfaces/local/lib/python3.10/dist-packages/example_ros2_interfaces/srv/__init__.py
[2.020s] -- Up-to-date: /home/rdpi/Documents/TieDan/d2ros2/chapt3/chapt3_ws/install/example_ros2_interfaces/local/lib/python3.10/dist-packages/example_ros2_interfaces/srv/_move_robot.py
[2.020s] -- Up-to-date: /home/rdpi/Documents/TieDan/d2ros2/chapt3/chapt3_ws/install/example_ros2_interfaces/local/lib/python3.10/dist-packages/example_ros2_interfaces/__init__.py
[2.021s] -- Up-to-date: /home/rdpi/Documents/TieDan/d2ros2/chapt3/chapt3_ws/install/example_ros2_interfaces/local/lib/python3.10/dist-packages/example_ros2_interfaces/_example_ros2_interfaces_s.ep.rosidl_typesupport_fastrtps_c.c
[2.024s] -- Up-to-date: /home/rdpi/Documents/TieDan/d2ros2/chapt3/chapt3_ws/install/example_ros2_interfaces/local/lib/python3.10/dist-packages/example_ros2_interfaces/example_ros2_interfaces_s__rosidl_typesupport_fastrtps_c.cpython-310-x86_64-linux-gnu.so
[2.024s] -- Up-to-date: /home/rdpi/Documents/TieDan/d2ros2/chapt3/chapt3_ws/install/example_ros2_interfaces/local/lib/python3.10/dist-packages/example_ros2_interfaces/example_ros2_interfaces_s__rosidl_typesupport_c.cpython-310-x86_64-linux-gnu.so
[2.025s] -- Up-to-date: /home/rdpi/Documents/TieDan/d2ros2/chapt3/chapt3_ws/install/example_ros2_interfaces/local/lib/python3.10/dist-packages/example_ros2_interfaces/_example_ros2_interfaces_s.ep.rosidl_typesupport_introspection_c.c
[2.025s] Listing '/home/rdpi/Documents/TieDan/d2ros2/chapt3/chapt3_ws/install/example_ros2_interfaces/local/lib/python3.10/dist-packages/example_ros2_interfaces'...
[2.026s] Listing '/home/rdpi/Documents/TieDan/d2ros2/chapt3/chapt3_ws/install/example_ros2_interfaces/local/lib/python3.10/dist-packages/example_ros2_interfaces/msg'...
[2.026s] Listing '/home/rdpi/Documents/TieDan/d2ros2/chapt3/chapt3_ws/install/example_ros2_interfaces/local/lib/python3.10/dist-packages/example_ros2_interfaces/srv'...
[2.028s] -- Up-to-date: /home/rdpi/Documents/TieDan/d2ros2/chapt3/chapt3_ws/install/example_ros2_interfaces/local/lib/python3.10/dist-packages/example_ros2_interfaces/example_ros2_interfaces_s__rosidl_typesupport_fastrtps_c.cpython-310-x86_64-linux-gnu.so
[2.028s] -- Up-to-date: /home/rdpi/Documents/TieDan/d2ros2/chapt3/chapt3_ws/install/example_ros2_interfaces/local/lib/python3.10/dist-packages/example_ros2_interfaces/example_ros2_interfaces_s__rosidl_typesupport_introspection_c.cpython-310-x86_64-linux-gnu.so
[2.029s] -- Up-to-date: /home/rdpi/Documents/TieDan/d2ros2/chapt3/chapt3_ws/install/example_ros2_interfaces/local/lib/python3.10/dist-packages/example_ros2_interfaces/example_ros2_interfaces_s__rosidl_typesupport_c.cpython-310-x86_64-linux-gnu.so
[2.029s] -- Up-to-date: /home/rdpi/Documents/TieDan/d2ros2/chapt3/chapt3_ws/install/example_ros2_interfaces/lib/libexample_ros2_interfaces__rosidl_generator_py.so
[2.030s] -- Up-to-date: /home/rdpi/Documents/TieDan/d2ros2/chapt3/chapt3_ws/install/example_ros2_interfaces/share/example_ros2_interfaces/msg/RobotPose.idl
[2.032s] -- Up-to-date: /home/rdpi/Documents/TieDan/d2ros2/chapt3/chapt3_ws/install/example_ros2_interfaces/share/example_ros2_interfaces/msg/RobotStatus.idl
[2.033s] -- Up-to-date: /home/rdpi/Documents/TieDan/d2ros2/chapt3/chapt3_ws/install/example_ros2_interfaces/share/example_ros2_interfaces/srv/MoveRobot.idl
[2.036s] -- Up-to-date: /home/rdpi/Documents/TieDan/d2ros2/chapt3/chapt3_ws/install/example_ros2_interfaces/share/example_ros2_interfaces/msg/RobotPose.msg
[2.037s] -- Up-to-date: /home/rdpi/Documents/TieDan/d2ros2/chapt3/chapt3_ws/install/example_ros2_interfaces/share/example_ros2_interfaces/msg/RobotStatus.msg
[2.038s] -- Up-to-date: /home/rdpi/Documents/TieDan/d2ros2/chapt3/chapt3_ws/install/example_ros2_interfaces/share/example_ros2_interfaces/srv/MoveRobot.srv
[2.039s] -- Up-to-date: /home/rdpi/Documents/TieDan/d2ros2/chapt3/chapt3_ws/install/example_ros2_interfaces/share/example_ros2_interfaces/srv/MoveRobot_Request.msg
[2.040s] -- Up-to-date: /home/rdpi/Documents/TieDan/d2ros2/chapt3/chapt3_ws/install/example_ros2_interfaces/share/example_ros2_interfaces/srv/MoveRobot_Response.msg
[2.040s] -- Up-to-date: /home/rdpi/Documents/TieDan/d2ros2/chapt3/chapt3_ws/install/example_ros2_interfaces/share/ament_index/resource_index/package_run_dependencies/example_ros2_interfaces
[2.041s] -- Up-to-date: /home/rdpi/Documents/TieDan/d2ros2/chapt3/chapt3_ws/install/example_ros2_interfaces/share/ament_index/resource_index/parent_prefix_path/example_ros2_interfaces
[2.041s] -- Up-to-date: /home/rdpi/Documents/TieDan/d2ros2/chapt3/chapt3_ws/install/example_ros2_interfaces/share/example_ros2_interfaces/environment/ament_prefix_path.sh
[2.041s] -- Up-to-date: /home/rdpi/Documents/TieDan/d2ros2/chapt3/chapt3_ws/install/example_ros2_interfaces/share/example_ros2_interfaces/environment/ament_prefix_path.dsv
[2.041s] -- Up-to-date: /home/rdpi/Documents/TieDan/d2ros2/chapt3/chapt3_ws/install/example_ros2_interfaces/share/example_ros2_interfaces/environment/path.sh
[2.042s] -- Up-to-date: /home/rdpi/Documents/TieDan/d2ros2/chapt3/chapt3_ws/install/example_ros2_interfaces/share/example_ros2_interfaces/environment/path.dsv
[2.050s] -- Up-to-date: /home/rdpi/Documents/TieDan/d2ros2/chapt3/chapt3_ws/install/example_ros2_interfaces/share/example_ros2_interfaces/local_setup.bash
[2.064s] -- Up-to-date: /home/rdpi/Documents/TieDan/d2ros2/chapt3/chapt3_ws/install/example_ros2_interfaces/share/example_ros2_interfaces/local_setup.sh
[2.065s] -- Up-to-date: /home/rdpi/Documents/TieDan/d2ros2/chapt3/chapt3_ws/install/example_ros2_interfaces/share/example_ros2_interfaces/local_setup.zsh
[2.065s] -- Up-to-date: /home/rdpi/Documents/TieDan/d2ros2/chapt3/chapt3_ws/install/example_ros2_interfaces/share/example_ros2_interfaces/local_setup.dsv
[2.067s] -- Installing: /home/rdpi/Documents/TieDan/d2ros2/chapt3/chapt3_ws/install/example_ros2_interfaces/share/example_ros2_interfaces/package.dsv
[2.068s] -- Up-to-date: /home/rdpi/Documents/TieDan/d2ros2/chapt3/chapt3_ws/install/example_ros2_interfaces/share/ament_index/resource_index/packages/example_ros2_interfaces
[2.068s] -- Up-to-date: /home/rdpi/Documents/TieDan/d2ros2/chapt3/chapt3_ws/install/example_ros2_interfaces/share/example_ros2_interfaces/cmake/export_example_ros2_interfaces__rosidl_generator_cExport.cmake
[2.068s] -- Up-to-date: /home/rdpi/Documents/TieDan/d2ros2/chapt3/chapt3_ws/install/example_ros2_interfaces/share/example_ros2_interfaces/cmake/export_example_ros2_interfaces__rosidl_generator_cExport-noconfig.cmake
[2.069s] -- Up-to-date: /home/rdpi/Documents/TieDan/d2ros2/chapt3/chapt3_ws/install/example_ros2_interfaces/share/example_ros2_interfaces/cmake/export_example_ros2_interfaces__rosidl_typesupport_fastrtps_cExport.cmake
[2.069s] -- Up-to-date: /home/rdpi/Documents/TieDan/d2ros2/chapt3/chapt3_ws/install/example_ros2_interfaces/share/example_ros2_interfaces/cmake/export_example_ros2_interfaces__rosidl_typesupport_fastrtps_cExport-noconfig.cmake
[2.069s] -- Up-to-date: /home/rdpi/Documents/TieDan/d2ros2/chapt3/chapt3_ws/install/example_ros2_interfaces/share/example_ros2_interfaces/cmake/example_ros2_interfaces__rosidl_typesupport_introspection_cExport.cmake
[2.069s] -- Up-to-date: /home/rdpi/Documents/TieDan/d2ros2/chapt3/chapt3_ws/install/example_ros2_interfaces/share/example_ros2_interfaces/cmake/example_ros2_interfaces__rosidl_typesupport_introspection_cExport-noconfig.cmake
[2.070s] -- Up-to-date: /home/rdpi/Documents/TieDan/d2ros2/chapt3/chapt3_ws/install/example_ros2_interfaces/share/example_ros2_interfaces/cmake/example_ros2_interfaces__rosidl_typesupport_cExport.cmake
[2.070s] -- Up-to-date: /home/rdpi/Documents/TieDan/d2ros2/chapt3/chapt3_ws/install/example_ros2_interfaces/share/example_ros2_interfaces/cmake/example_ros2_interfaces__rosidl_typesupport_cExport-noconfig.cmake
[2.070s] -- Up-to-date: /home/rdpi/Documents/TieDan/d2ros2/chapt3/chapt3_ws/install/example_ros2_interfaces/share/example_ros2_interfaces/cmake/export_example_ros2_interfaces__rosidl_generator_cppExport.cmake
[2.070s] -- Up-to-date: /home/rdpi/Documents/TieDan/d2ros2/chapt3/chapt3_ws/install/example_ros2_interfaces/share/example_ros2_interfaces/cmake/export_example_ros2_interfaces__rosidl_typesupport_fastrtps_cppExport.cmake
[2.076s] -- Up-to-date: /home/rdpi/Documents/TieDan/d2ros2/chapt3/chapt3_ws/install/example_ros2_interfaces/share/example_ros2_interfaces/cmake/export_example_ros2_interfaces__rosidl_typesupport_fastrtps_cppExport-noconfig.cmake
[2.076s] -- Up-to-date: /home/rdpi/Documents/TieDan/d2ros2/chapt3/chapt3_ws/install/example_ros2_interfaces/share/example_ros2_interfaces/cmake/example_ros2_interfaces__rosidl_typesupport_introspection_cppExport.cmake
[2.076s] -- Up-to-date: /home/rdpi/Documents/TieDan/d2ros2/chapt3/chapt3_ws/install/example_ros2_interfaces/share/example_ros2_interfaces/cmake/example_ros2_interfaces__rosidl_typesupport_introspection_cppExport-noconfig.cmake
[2.077s] -- Up-to-date: /home/rdpi/Documents/TieDan/d2ros2/chapt3/chapt3_ws/install/example_ros2_interfaces/share/example_ros2_interfaces/cmake/example_ros2_interfaces__rosidl_typesupport_cppExport.cmake
[2.077s] -- Up-to-date: /home/rdpi/Documents/TieDan/d2ros2/chapt3/chapt3_ws/install/example_ros2_interfaces/share/example_ros2_interfaces/cmake/example_ros2_interfaces__rosidl_typesupport_cppExport-noconfig.cmake
[2.077s] -- Up-to-date: /home/rdpi/Documents/TieDan/d2ros2/chapt3/chapt3_ws/install/example_ros2_interfaces/share/example_ros2_interfaces/cmake/export_example_ros2_interfaces__rosidl_generator_pyExport.cmake
[2.077s] -- Up-to-date: /home/rdpi/Documents/TieDan/d2ros2/chapt3/chapt3_ws/install/example_ros2_interfaces/share/example_ros2_interfaces/cmake/export_example_ros2_interfaces__rosidl_generator_pyExport-noconfig.cmake
[2.078s] -- Up-to-date: /home/rdpi/Documents/TieDan/d2ros2/chapt3/chapt3_ws/install/example_ros2_interfaces/share/example_ros2_interfaces/cmake/rosidl_cmake-extras.cmake
[2.078s] -- Up-to-date: /home/rdpi/Documents/TieDan/d2ros2/chapt3/chapt3_ws/install/example_ros2_interfaces/share/example_ros2_interfaces/cmake/ament_cmake_export_dependencies-extras.cmake
[2.079s] -- Up-to-date: /home/rdpi/Documents/TieDan/d2ros2/chapt3/chapt3_ws/install/example_ros2_interfaces/share/example_ros2_interfaces/cmake/ament_cmake_export_include_directories-extras.cmake
[2.080s] -- Up-to-date: /home/rdpi/Documents/TieDan/d2ros2/chapt3/chapt3_ws/install/example_ros2_interfaces/share/example_ros2_interfaces/cmake/ament_cmake_export_libraries-extras.cmake
[2.081s] -- Up-to-date: /home/rdpi/Documents/TieDan/d2ros2/chapt3/chapt3_ws/install/example_ros2_interfaces/share/example_ros2_interfaces/cmake/ament_cmake_export_targets-extras.cmake
[2.081s] -- Up-to-date: /home/rdpi/Documents/TieDan/d2ros2/chapt3/chapt3_ws/install/example_ros2_interfaces/share/example_ros2_interfaces/cmake/rosidl_cmake_export_typesupport_targets-extras.cmake
[2.082s] -- Up-to-date: /home/rdpi/Documents/TieDan/d2ros2/chapt3/chapt3_ws/install/example_ros2_interfaces/share/example_ros2_interfaces/cmake/rosidl_cmake_export_typesupport_libraries-extras.cmake
[2.084s] -- Up-to-date: /home/rdpi/Documents/TieDan/d2ros2/chapt3/chapt3_ws/install/example_ros2_interfaces/share/example_ros2_interfaces/cmake/example_ros2_interfacesConfig.cmake
[2.084s] -- Up-to-date: /home/rdpi/Documents/TieDan/d2ros2/chapt3/chapt3_ws/install/example_ros2_interfaces/share/example_ros2_interfaces/cmake/example_ros2_interfacesConfig-version.cmake
[2.084s] -- Up-to-date: /home/rdpi/Documents/TieDan/d2ros2/chapt3/chapt3_ws/install/example_ros2_interfaces/share/example_ros2_interfaces/package.xml
[2.085s] Invoked command in '/home/rdpi/Documents/TieDan/d2ros2/chapt3/chapt3_ws/build/example_ros2_interfaces' returned '0': CMAKE_PREFIX_PATH=/home/rdpi/Documents/TieDan/d2ros2/chapt3/chapt3_ws/src/install/example_service_rclpy:/home/rdpi/Documents/TieDan/d2ros2/chapt3/chapt3_ws/src/install/example_interfaces_rclpy:/opt/ros/humble /usr/bin/cmake --install /home/rdpi/Documents/TieDan/d2ros2/chapt3/chapt3_ws/build/example_ros2_interfaces
