[1.347s] Invoking command in '/home/rdpi/Documents/TieDan/d2ros2/chapt3/chapt3_ws/src/example_service_rclpy': PYTHONPATH=/home/rdpi/Documents/TieDan/d2ros2/chapt3/chapt3_ws/install/example_service_rclpy/lib/python3.10/site-packages:${PYTHONPATH} /usr/bin/python3 setup.py egg_info --egg-base ../../build/example_service_rclpy build --build-base /home/rdpi/Documents/TieDan/d2ros2/chapt3/chapt3_ws/build/example_service_rclpy/build install --prefix /home/rdpi/Documents/TieDan/d2ros2/chapt3/chapt3_ws/install/example_service_rclpy --record /home/rdpi/Documents/TieDan/d2ros2/chapt3/chapt3_ws/build/example_service_rclpy/install.log --single-version-externally-managed
[1.758s] running egg_info
[1.759s] writing ../../build/example_service_rclpy/example_service_rclpy.egg-info/PKG-INFO
[1.762s] writing dependency_links to ../../build/example_service_rclpy/example_service_rclpy.egg-info/dependency_links.txt
[1.762s] writing entry points to ../../build/example_service_rclpy/example_service_rclpy.egg-info/entry_points.txt
[1.763s] writing requirements to ../../build/example_service_rclpy/example_service_rclpy.egg-info/requires.txt
[1.764s] writing top-level names to ../../build/example_service_rclpy/example_service_rclpy.egg-info/top_level.txt
[1.768s] reading manifest file '../../build/example_service_rclpy/example_service_rclpy.egg-info/SOURCES.txt'
[1.771s] writing manifest file '../../build/example_service_rclpy/example_service_rclpy.egg-info/SOURCES.txt'
[1.774s] running build
[1.775s] running build_py
[1.776s] copying example_service_rclpy/service_client_02.py -> /home/rdpi/Documents/TieDan/d2ros2/chapt3/chapt3_ws/build/example_service_rclpy/build/lib/example_service_rclpy
[1.779s] running install
[1.779s] /usr/lib/python3/dist-packages/setuptools/command/install.py:34: SetuptoolsDeprecationWarning: setup.py install is deprecated. Use build and pip and other standards-based tools.
[1.780s]   warnings.warn(
[1.782s] running install_lib
[1.784s] copying /home/rdpi/Documents/TieDan/d2ros2/chapt3/chapt3_ws/build/example_service_rclpy/build/lib/example_service_rclpy/service_client_02.py -> /home/rdpi/Documents/TieDan/d2ros2/chapt3/chapt3_ws/install/example_service_rclpy/lib/python3.10/site-packages/example_service_rclpy
[1.785s] byte-compiling /home/rdpi/Documents/TieDan/d2ros2/chapt3/chapt3_ws/install/example_service_rclpy/lib/python3.10/site-packages/example_service_rclpy/service_client_02.py to service_client_02.cpython-310.pyc
[1.787s] running install_data
[1.788s] running install_egg_info
[1.790s] removing '/home/rdpi/Documents/TieDan/d2ros2/chapt3/chapt3_ws/install/example_service_rclpy/lib/python3.10/site-packages/example_service_rclpy-0.0.0-py3.10.egg-info' (and everything under it)
[1.792s] Copying ../../build/example_service_rclpy/example_service_rclpy.egg-info to /home/rdpi/Documents/TieDan/d2ros2/chapt3/chapt3_ws/install/example_service_rclpy/lib/python3.10/site-packages/example_service_rclpy-0.0.0-py3.10.egg-info
[1.793s] running install_scripts
[1.824s] Installing service_client_02 script to /home/rdpi/Documents/TieDan/d2ros2/chapt3/chapt3_ws/install/example_service_rclpy/lib/example_service_rclpy
[1.825s] Installing service_server_02 script to /home/rdpi/Documents/TieDan/d2ros2/chapt3/chapt3_ws/install/example_service_rclpy/lib/example_service_rclpy
[1.827s] writing list of installed files to '/home/rdpi/Documents/TieDan/d2ros2/chapt3/chapt3_ws/build/example_service_rclpy/install.log'
[1.916s] Invoked command in '/home/rdpi/Documents/TieDan/d2ros2/chapt3/chapt3_ws/src/example_service_rclpy' returned '0': PYTHONPATH=/home/rdpi/Documents/TieDan/d2ros2/chapt3/chapt3_ws/install/example_service_rclpy/lib/python3.10/site-packages:${PYTHONPATH} /usr/bin/python3 setup.py egg_info --egg-base ../../build/example_service_rclpy build --build-base /home/rdpi/Documents/TieDan/d2ros2/chapt3/chapt3_ws/build/example_service_rclpy/build install --prefix /home/rdpi/Documents/TieDan/d2ros2/chapt3/chapt3_ws/install/example_service_rclpy --record /home/rdpi/Documents/TieDan/d2ros2/chapt3/chapt3_ws/build/example_service_rclpy/install.log --single-version-externally-managed
