[0.273s] DEBUG:colcon:Command line arguments: ['/usr/bin/colcon', 'build']
[0.273s] DEBUG:colcon:Parsed command line arguments: Namespace(log_base=None, log_level=None, verb_name='build', build_base='build', install_base='install', merge_install=False, symlink_install=False, test_result_base=None, continue_on_error=False, executor='parallel', parallel_workers=2, event_handlers=None, ignore_user_meta=False, metas=['./colcon.meta'], base_paths=['.'], packages_ignore=None, packages_ignore_regex=None, paths=None, packages_up_to=None, packages_up_to_regex=None, packages_above=None, packages_above_and_dependencies=None, packages_above_depth=None, packages_select_by_dep=None, packages_skip_by_dep=None, packages_skip_up_to=None, packages_select_build_failed=False, packages_skip_build_finished=False, packages_select_test_failures=False, packages_skip_test_passed=False, packages_select=None, packages_skip=None, packages_select_regex=None, packages_skip_regex=None, packages_start=None, packages_end=None, cmake_args=None, cmake_target=None, cmake_target_skip_unavailable=False, cmake_clean_cache=False, cmake_clean_first=False, cmake_force_configure=False, ament_cmake_args=None, catkin_cmake_args=None, catkin_skip_building_tests=False, mixin_files=None, mixin=None, verb_parser=<colcon_mixin.mixin.mixin_argument.MixinArgumentDecorator object at 0x7f4e8646db40>, verb_extension=<colcon_core.verb.build.BuildVerb object at 0x7f4e86deaf80>, main=<bound method BuildVerb.main of <colcon_core.verb.build.BuildVerb object at 0x7f4e86deaf80>>, mixin_verb=('build',))
[0.295s] Level 1:colcon.colcon_core.package_discovery:discover_packages(colcon_meta) check parameters
[0.296s] INFO:colcon.colcon_metadata.package_discovery.colcon_meta:Using configuration from '/root/.colcon/metadata/default/Gazebo.meta'
[0.296s] INFO:colcon.colcon_metadata.package_discovery.colcon_meta:Using configuration from '/root/.colcon/metadata/default/fastrtps.meta'
[0.296s] Level 1:colcon.colcon_core.package_discovery:discover_packages(recursive) check parameters
[0.296s] Level 1:colcon.colcon_core.package_discovery:discover_packages(ignore) check parameters
[0.296s] Level 1:colcon.colcon_core.package_discovery:discover_packages(path) check parameters
[0.297s] Level 1:colcon.colcon_core.package_discovery:discover_packages(colcon_meta) discover
[0.297s] Level 1:colcon.colcon_core.package_discovery:discover_packages(recursive) discover
[0.297s] INFO:colcon.colcon_core.package_discovery:Crawling recursively for packages in '/home/rdpi/Documents/TieDan/d2ros2/chapt3/chapt3_ws'
[0.297s] Level 1:colcon.colcon_core.package_identification:_identify(.) by extensions ['ignore', 'ignore_ament_install']
[0.297s] Level 1:colcon.colcon_core.package_identification:_identify(.) by extension 'ignore'
[0.297s] Level 1:colcon.colcon_core.package_identification:_identify(.) by extension 'ignore_ament_install'
[0.297s] Level 1:colcon.colcon_core.package_identification:_identify(.) by extensions ['colcon_pkg']
[0.297s] Level 1:colcon.colcon_core.package_identification:_identify(.) by extension 'colcon_pkg'
[0.297s] Level 1:colcon.colcon_core.package_identification:_identify(.) by extensions ['colcon_meta']
[0.298s] Level 1:colcon.colcon_core.package_identification:_identify(.) by extension 'colcon_meta'
[0.298s] Level 1:colcon.colcon_core.package_identification:_identify(.) by extensions ['ros']
[0.298s] Level 1:colcon.colcon_core.package_identification:_identify(.) by extension 'ros'
[0.311s] Level 1:colcon.colcon_core.package_identification:_identify(.) by extensions ['cmake', 'python']
[0.311s] Level 1:colcon.colcon_core.package_identification:_identify(.) by extension 'cmake'
[0.312s] Level 1:colcon.colcon_core.package_identification:_identify(.) by extension 'python'
[0.312s] Level 1:colcon.colcon_core.package_identification:_identify(.) by extensions ['python_setup_py']
[0.312s] Level 1:colcon.colcon_core.package_identification:_identify(.) by extension 'python_setup_py'
[0.312s] Level 1:colcon.colcon_core.package_identification:_identify(build) by extensions ['ignore', 'ignore_ament_install']
[0.312s] Level 1:colcon.colcon_core.package_identification:_identify(build) by extension 'ignore'
[0.312s] Level 1:colcon.colcon_core.package_identification:_identify(build) ignored
[0.312s] Level 1:colcon.colcon_core.package_identification:_identify(install) by extensions ['ignore', 'ignore_ament_install']
[0.312s] Level 1:colcon.colcon_core.package_identification:_identify(install) by extension 'ignore'
[0.313s] Level 1:colcon.colcon_core.package_identification:_identify(install) ignored
[0.313s] Level 1:colcon.colcon_core.package_identification:_identify(log) by extensions ['ignore', 'ignore_ament_install']
[0.313s] Level 1:colcon.colcon_core.package_identification:_identify(log) by extension 'ignore'
[0.313s] Level 1:colcon.colcon_core.package_identification:_identify(log) ignored
[0.313s] Level 1:colcon.colcon_core.package_identification:_identify(src) by extensions ['ignore', 'ignore_ament_install']
[0.313s] Level 1:colcon.colcon_core.package_identification:_identify(src) by extension 'ignore'
[0.313s] Level 1:colcon.colcon_core.package_identification:_identify(src) by extension 'ignore_ament_install'
[0.313s] Level 1:colcon.colcon_core.package_identification:_identify(src) by extensions ['colcon_pkg']
[0.313s] Level 1:colcon.colcon_core.package_identification:_identify(src) by extension 'colcon_pkg'
[0.314s] Level 1:colcon.colcon_core.package_identification:_identify(src) by extensions ['colcon_meta']
[0.314s] Level 1:colcon.colcon_core.package_identification:_identify(src) by extension 'colcon_meta'
[0.314s] Level 1:colcon.colcon_core.package_identification:_identify(src) by extensions ['ros']
[0.314s] Level 1:colcon.colcon_core.package_identification:_identify(src) by extension 'ros'
[0.314s] Level 1:colcon.colcon_core.package_identification:_identify(src) by extensions ['cmake', 'python']
[0.314s] Level 1:colcon.colcon_core.package_identification:_identify(src) by extension 'cmake'
[0.314s] Level 1:colcon.colcon_core.package_identification:_identify(src) by extension 'python'
[0.314s] Level 1:colcon.colcon_core.package_identification:_identify(src) by extensions ['python_setup_py']
[0.314s] Level 1:colcon.colcon_core.package_identification:_identify(src) by extension 'python_setup_py'
[0.315s] Level 1:colcon.colcon_core.package_identification:_identify(src/build) by extensions ['ignore', 'ignore_ament_install']
[0.315s] Level 1:colcon.colcon_core.package_identification:_identify(src/build) by extension 'ignore'
[0.315s] Level 1:colcon.colcon_core.package_identification:_identify(src/build) ignored
[0.315s] Level 1:colcon.colcon_core.package_identification:_identify(src/example_interfaces_rclpy) by extensions ['ignore', 'ignore_ament_install']
[0.315s] Level 1:colcon.colcon_core.package_identification:_identify(src/example_interfaces_rclpy) by extension 'ignore'
[0.315s] Level 1:colcon.colcon_core.package_identification:_identify(src/example_interfaces_rclpy) by extension 'ignore_ament_install'
[0.315s] Level 1:colcon.colcon_core.package_identification:_identify(src/example_interfaces_rclpy) by extensions ['colcon_pkg']
[0.315s] Level 1:colcon.colcon_core.package_identification:_identify(src/example_interfaces_rclpy) by extension 'colcon_pkg'
[0.316s] Level 1:colcon.colcon_core.package_identification:_identify(src/example_interfaces_rclpy) by extensions ['colcon_meta']
[0.316s] Level 1:colcon.colcon_core.package_identification:_identify(src/example_interfaces_rclpy) by extension 'colcon_meta'
[0.316s] Level 1:colcon.colcon_core.package_identification:_identify(src/example_interfaces_rclpy) by extensions ['ros']
[0.316s] Level 1:colcon.colcon_core.package_identification:_identify(src/example_interfaces_rclpy) by extension 'ros'
[0.318s] DEBUG:colcon.colcon_core.package_identification:Package 'src/example_interfaces_rclpy' with type 'ros.ament_python' and name 'example_interfaces_rclpy'
[0.319s] Level 1:colcon.colcon_core.package_identification:_identify(src/example_ros2_interfaces) by extensions ['ignore', 'ignore_ament_install']
[0.319s] Level 1:colcon.colcon_core.package_identification:_identify(src/example_ros2_interfaces) by extension 'ignore'
[0.319s] Level 1:colcon.colcon_core.package_identification:_identify(src/example_ros2_interfaces) by extension 'ignore_ament_install'
[0.319s] Level 1:colcon.colcon_core.package_identification:_identify(src/example_ros2_interfaces) by extensions ['colcon_pkg']
[0.319s] Level 1:colcon.colcon_core.package_identification:_identify(src/example_ros2_interfaces) by extension 'colcon_pkg'
[0.319s] Level 1:colcon.colcon_core.package_identification:_identify(src/example_ros2_interfaces) by extensions ['colcon_meta']
[0.319s] Level 1:colcon.colcon_core.package_identification:_identify(src/example_ros2_interfaces) by extension 'colcon_meta'
[0.320s] Level 1:colcon.colcon_core.package_identification:_identify(src/example_ros2_interfaces) by extensions ['ros']
[0.320s] Level 1:colcon.colcon_core.package_identification:_identify(src/example_ros2_interfaces) by extension 'ros'
[0.320s] DEBUG:colcon.colcon_core.package_identification:Package 'src/example_ros2_interfaces' with type 'ros.ament_cmake' and name 'example_ros2_interfaces'
[0.321s] Level 1:colcon.colcon_core.package_identification:_identify(src/example_service_rclpy) by extensions ['ignore', 'ignore_ament_install']
[0.321s] Level 1:colcon.colcon_core.package_identification:_identify(src/example_service_rclpy) by extension 'ignore'
[0.321s] Level 1:colcon.colcon_core.package_identification:_identify(src/example_service_rclpy) by extension 'ignore_ament_install'
[0.321s] Level 1:colcon.colcon_core.package_identification:_identify(src/example_service_rclpy) by extensions ['colcon_pkg']
[0.321s] Level 1:colcon.colcon_core.package_identification:_identify(src/example_service_rclpy) by extension 'colcon_pkg'
[0.321s] Level 1:colcon.colcon_core.package_identification:_identify(src/example_service_rclpy) by extensions ['colcon_meta']
[0.321s] Level 1:colcon.colcon_core.package_identification:_identify(src/example_service_rclpy) by extension 'colcon_meta'
[0.321s] Level 1:colcon.colcon_core.package_identification:_identify(src/example_service_rclpy) by extensions ['ros']
[0.321s] Level 1:colcon.colcon_core.package_identification:_identify(src/example_service_rclpy) by extension 'ros'
[0.322s] DEBUG:colcon.colcon_core.package_identification:Package 'src/example_service_rclpy' with type 'ros.ament_python' and name 'example_service_rclpy'
[0.323s] Level 1:colcon.colcon_core.package_identification:_identify(src/install) by extensions ['ignore', 'ignore_ament_install']
[0.323s] Level 1:colcon.colcon_core.package_identification:_identify(src/install) by extension 'ignore'
[0.323s] Level 1:colcon.colcon_core.package_identification:_identify(src/install) ignored
[0.323s] Level 1:colcon.colcon_core.package_identification:_identify(src/log) by extensions ['ignore', 'ignore_ament_install']
[0.323s] Level 1:colcon.colcon_core.package_identification:_identify(src/log) by extension 'ignore'
[0.323s] Level 1:colcon.colcon_core.package_identification:_identify(src/log) ignored
[0.323s] Level 1:colcon.colcon_core.package_discovery:discover_packages(recursive) using defaults
[0.323s] Level 1:colcon.colcon_core.package_discovery:discover_packages(ignore) discover
[0.323s] Level 1:colcon.colcon_core.package_discovery:discover_packages(ignore) using defaults
[0.323s] Level 1:colcon.colcon_core.package_discovery:discover_packages(path) discover
[0.324s] Level 1:colcon.colcon_core.package_discovery:discover_packages(path) using defaults
[0.363s] Level 5:colcon.colcon_core.verb:set package 'example_ros2_interfaces' build argument 'cmake_args' from command line to 'None'
[0.363s] Level 5:colcon.colcon_core.verb:set package 'example_ros2_interfaces' build argument 'cmake_target' from command line to 'None'
[0.363s] Level 5:colcon.colcon_core.verb:set package 'example_ros2_interfaces' build argument 'cmake_target_skip_unavailable' from command line to 'False'
[0.363s] Level 5:colcon.colcon_core.verb:set package 'example_ros2_interfaces' build argument 'cmake_clean_cache' from command line to 'False'
[0.363s] Level 5:colcon.colcon_core.verb:set package 'example_ros2_interfaces' build argument 'cmake_clean_first' from command line to 'False'
[0.363s] Level 5:colcon.colcon_core.verb:set package 'example_ros2_interfaces' build argument 'cmake_force_configure' from command line to 'False'
[0.363s] Level 5:colcon.colcon_core.verb:set package 'example_ros2_interfaces' build argument 'ament_cmake_args' from command line to 'None'
[0.363s] Level 5:colcon.colcon_core.verb:set package 'example_ros2_interfaces' build argument 'catkin_cmake_args' from command line to 'None'
[0.363s] Level 5:colcon.colcon_core.verb:set package 'example_ros2_interfaces' build argument 'catkin_skip_building_tests' from command line to 'False'
[0.363s] DEBUG:colcon.colcon_core.verb:Building package 'example_ros2_interfaces' with the following arguments: {'ament_cmake_args': None, 'build_base': '/home/rdpi/Documents/TieDan/d2ros2/chapt3/chapt3_ws/build/example_ros2_interfaces', 'catkin_cmake_args': None, 'catkin_skip_building_tests': False, 'cmake_args': None, 'cmake_clean_cache': False, 'cmake_clean_first': False, 'cmake_force_configure': False, 'cmake_target': None, 'cmake_target_skip_unavailable': False, 'install_base': '/home/rdpi/Documents/TieDan/d2ros2/chapt3/chapt3_ws/install/example_ros2_interfaces', 'merge_install': False, 'path': '/home/rdpi/Documents/TieDan/d2ros2/chapt3/chapt3_ws/src/example_ros2_interfaces', 'symlink_install': False, 'test_result_base': None}
[0.364s] Level 5:colcon.colcon_core.verb:set package 'example_service_rclpy' build argument 'cmake_args' from command line to 'None'
[0.364s] Level 5:colcon.colcon_core.verb:set package 'example_service_rclpy' build argument 'cmake_target' from command line to 'None'
[0.364s] Level 5:colcon.colcon_core.verb:set package 'example_service_rclpy' build argument 'cmake_target_skip_unavailable' from command line to 'False'
[0.364s] Level 5:colcon.colcon_core.verb:set package 'example_service_rclpy' build argument 'cmake_clean_cache' from command line to 'False'
[0.364s] Level 5:colcon.colcon_core.verb:set package 'example_service_rclpy' build argument 'cmake_clean_first' from command line to 'False'
[0.365s] Level 5:colcon.colcon_core.verb:set package 'example_service_rclpy' build argument 'cmake_force_configure' from command line to 'False'
[0.365s] Level 5:colcon.colcon_core.verb:set package 'example_service_rclpy' build argument 'ament_cmake_args' from command line to 'None'
[0.365s] Level 5:colcon.colcon_core.verb:set package 'example_service_rclpy' build argument 'catkin_cmake_args' from command line to 'None'
[0.365s] Level 5:colcon.colcon_core.verb:set package 'example_service_rclpy' build argument 'catkin_skip_building_tests' from command line to 'False'
[0.365s] DEBUG:colcon.colcon_core.verb:Building package 'example_service_rclpy' with the following arguments: {'ament_cmake_args': None, 'build_base': '/home/rdpi/Documents/TieDan/d2ros2/chapt3/chapt3_ws/build/example_service_rclpy', 'catkin_cmake_args': None, 'catkin_skip_building_tests': False, 'cmake_args': None, 'cmake_clean_cache': False, 'cmake_clean_first': False, 'cmake_force_configure': False, 'cmake_target': None, 'cmake_target_skip_unavailable': False, 'install_base': '/home/rdpi/Documents/TieDan/d2ros2/chapt3/chapt3_ws/install/example_service_rclpy', 'merge_install': False, 'path': '/home/rdpi/Documents/TieDan/d2ros2/chapt3/chapt3_ws/src/example_service_rclpy', 'symlink_install': False, 'test_result_base': None}
[0.366s] Level 5:colcon.colcon_core.verb:set package 'example_interfaces_rclpy' build argument 'cmake_args' from command line to 'None'
[0.366s] Level 5:colcon.colcon_core.verb:set package 'example_interfaces_rclpy' build argument 'cmake_target' from command line to 'None'
[0.366s] Level 5:colcon.colcon_core.verb:set package 'example_interfaces_rclpy' build argument 'cmake_target_skip_unavailable' from command line to 'False'
[0.366s] Level 5:colcon.colcon_core.verb:set package 'example_interfaces_rclpy' build argument 'cmake_clean_cache' from command line to 'False'
[0.366s] Level 5:colcon.colcon_core.verb:set package 'example_interfaces_rclpy' build argument 'cmake_clean_first' from command line to 'False'
[0.366s] Level 5:colcon.colcon_core.verb:set package 'example_interfaces_rclpy' build argument 'cmake_force_configure' from command line to 'False'
[0.366s] Level 5:colcon.colcon_core.verb:set package 'example_interfaces_rclpy' build argument 'ament_cmake_args' from command line to 'None'
[0.366s] Level 5:colcon.colcon_core.verb:set package 'example_interfaces_rclpy' build argument 'catkin_cmake_args' from command line to 'None'
[0.366s] Level 5:colcon.colcon_core.verb:set package 'example_interfaces_rclpy' build argument 'catkin_skip_building_tests' from command line to 'False'
[0.366s] DEBUG:colcon.colcon_core.verb:Building package 'example_interfaces_rclpy' with the following arguments: {'ament_cmake_args': None, 'build_base': '/home/rdpi/Documents/TieDan/d2ros2/chapt3/chapt3_ws/build/example_interfaces_rclpy', 'catkin_cmake_args': None, 'catkin_skip_building_tests': False, 'cmake_args': None, 'cmake_clean_cache': False, 'cmake_clean_first': False, 'cmake_force_configure': False, 'cmake_target': None, 'cmake_target_skip_unavailable': False, 'install_base': '/home/rdpi/Documents/TieDan/d2ros2/chapt3/chapt3_ws/install/example_interfaces_rclpy', 'merge_install': False, 'path': '/home/rdpi/Documents/TieDan/d2ros2/chapt3/chapt3_ws/src/example_interfaces_rclpy', 'symlink_install': False, 'test_result_base': None}
[0.367s] INFO:colcon.colcon_core.executor:Executing jobs using 'parallel' executor
[0.369s] DEBUG:colcon.colcon_parallel_executor.executor.parallel:run_until_complete
[0.370s] INFO:colcon.colcon_ros.task.ament_cmake.build:Building ROS package in '/home/rdpi/Documents/TieDan/d2ros2/chapt3/chapt3_ws/src/example_ros2_interfaces' with build type 'ament_cmake'
[0.370s] INFO:colcon.colcon_cmake.task.cmake.build:Building CMake package in '/home/rdpi/Documents/TieDan/d2ros2/chapt3/chapt3_ws/src/example_ros2_interfaces'
[0.377s] INFO:colcon.colcon_core.plugin_system:Skipping extension 'colcon_core.shell.bat': Not used on non-Windows systems
[0.378s] INFO:colcon.colcon_core.shell:Skip shell extension 'powershell' for command environment: Not usable outside of PowerShell
[0.378s] DEBUG:colcon.colcon_core.shell:Skip shell extension 'dsv' for command environment
[0.387s] INFO:colcon.colcon_ros.task.ament_python.build:Building ROS package in '/home/rdpi/Documents/TieDan/d2ros2/chapt3/chapt3_ws/src/example_service_rclpy' with build type 'ament_python'
[0.387s] Level 1:colcon.colcon_core.shell:create_environment_hook('example_service_rclpy', 'ament_prefix_path')
[0.388s] INFO:colcon.colcon_core.shell:Creating environment hook '/home/rdpi/Documents/TieDan/d2ros2/chapt3/chapt3_ws/install/example_service_rclpy/share/example_service_rclpy/hook/ament_prefix_path.ps1'
[0.389s] INFO:colcon.colcon_core.shell:Creating environment descriptor '/home/rdpi/Documents/TieDan/d2ros2/chapt3/chapt3_ws/install/example_service_rclpy/share/example_service_rclpy/hook/ament_prefix_path.dsv'
[0.393s] INFO:colcon.colcon_core.shell:Creating environment hook '/home/rdpi/Documents/TieDan/d2ros2/chapt3/chapt3_ws/install/example_service_rclpy/share/example_service_rclpy/hook/ament_prefix_path.sh'
[0.397s] INFO:colcon.colcon_core.shell:Skip shell extension 'powershell' for command environment: Not usable outside of PowerShell
[0.397s] DEBUG:colcon.colcon_core.shell:Skip shell extension 'dsv' for command environment
[0.419s] DEBUG:colcon.colcon_core.event_handler.log_command:Invoking command in '/home/rdpi/Documents/TieDan/d2ros2/chapt3/chapt3_ws/build/example_ros2_interfaces': CMAKE_PREFIX_PATH=${CMAKE_PREFIX_PATH}:/home/rdpi/Documents/TieDan/d2ros2/chapt3/chapt3_ws/install/example_service_rclpy:/home/rdpi/Documents/TieDan/d2ros2/chapt3/chapt3_ws/install/example_interfaces_rclpy:/home/rdpi/Documents/TieDan/d2ros2/chapt3/chapt3_ws/src/install/example_service_rclpy:/home/rdpi/Documents/TieDan/d2ros2/chapt3/chapt3_ws/src/install/example_interfaces_rclpy:/opt/ros/humble /usr/bin/cmake --build /home/rdpi/Documents/TieDan/d2ros2/chapt3/chapt3_ws/build/example_ros2_interfaces -- -j2 -l2
[1.438s] INFO:colcon.colcon_core.task.python.build:Building Python package in '/home/rdpi/Documents/TieDan/d2ros2/chapt3/chapt3_ws/src/example_service_rclpy'
[1.439s] INFO:colcon.colcon_core.shell:Skip shell extension 'powershell' for command environment: Not usable outside of PowerShell
[1.439s] DEBUG:colcon.colcon_core.shell:Skip shell extension 'dsv' for command environment
[2.340s] DEBUG:colcon.colcon_core.event_handler.log_command:Invoked command in '/home/rdpi/Documents/TieDan/d2ros2/chapt3/chapt3_ws/build/example_ros2_interfaces' returned '0': CMAKE_PREFIX_PATH=${CMAKE_PREFIX_PATH}:/home/rdpi/Documents/TieDan/d2ros2/chapt3/chapt3_ws/install/example_service_rclpy:/home/rdpi/Documents/TieDan/d2ros2/chapt3/chapt3_ws/install/example_interfaces_rclpy:/home/rdpi/Documents/TieDan/d2ros2/chapt3/chapt3_ws/src/install/example_service_rclpy:/home/rdpi/Documents/TieDan/d2ros2/chapt3/chapt3_ws/src/install/example_interfaces_rclpy:/opt/ros/humble /usr/bin/cmake --build /home/rdpi/Documents/TieDan/d2ros2/chapt3/chapt3_ws/build/example_ros2_interfaces -- -j2 -l2
[2.689s] DEBUG:colcon.colcon_core.event_handler.log_command:Invoking command in '/home/rdpi/Documents/TieDan/d2ros2/chapt3/chapt3_ws/build/example_ros2_interfaces': CMAKE_PREFIX_PATH=${CMAKE_PREFIX_PATH}:/home/rdpi/Documents/TieDan/d2ros2/chapt3/chapt3_ws/install/example_service_rclpy:/home/rdpi/Documents/TieDan/d2ros2/chapt3/chapt3_ws/install/example_interfaces_rclpy:/home/rdpi/Documents/TieDan/d2ros2/chapt3/chapt3_ws/src/install/example_service_rclpy:/home/rdpi/Documents/TieDan/d2ros2/chapt3/chapt3_ws/src/install/example_interfaces_rclpy:/opt/ros/humble /usr/bin/cmake --install /home/rdpi/Documents/TieDan/d2ros2/chapt3/chapt3_ws/build/example_ros2_interfaces
[2.810s] DEBUG:colcon.colcon_core.event_handler.log_command:Invoking command in '/home/rdpi/Documents/TieDan/d2ros2/chapt3/chapt3_ws/src/example_service_rclpy': PYTHONPATH=/home/rdpi/Documents/TieDan/d2ros2/chapt3/chapt3_ws/install/example_service_rclpy/lib/python3.10/site-packages:${PYTHONPATH} /usr/bin/python3 setup.py egg_info --egg-base ../../build/example_service_rclpy build --build-base /home/rdpi/Documents/TieDan/d2ros2/chapt3/chapt3_ws/build/example_service_rclpy/build install --prefix /home/rdpi/Documents/TieDan/d2ros2/chapt3/chapt3_ws/install/example_service_rclpy --record /home/rdpi/Documents/TieDan/d2ros2/chapt3/chapt3_ws/build/example_service_rclpy/install.log --single-version-externally-managed
[2.907s] Level 1:colcon.colcon_core.environment:create_environment_scripts_only(example_ros2_interfaces)
[2.914s] Level 1:colcon.colcon_core.environment:checking '/home/rdpi/Documents/TieDan/d2ros2/chapt3/chapt3_ws/install/example_ros2_interfaces' for CMake module files
[2.919s] Level 1:colcon.colcon_core.environment:checking '/home/rdpi/Documents/TieDan/d2ros2/chapt3/chapt3_ws/install/example_ros2_interfaces' for CMake config files
[2.920s] Level 1:colcon.colcon_core.shell:create_environment_hook('example_ros2_interfaces', 'cmake_prefix_path')
[2.928s] INFO:colcon.colcon_core.shell:Creating environment hook '/home/rdpi/Documents/TieDan/d2ros2/chapt3/chapt3_ws/install/example_ros2_interfaces/share/example_ros2_interfaces/hook/cmake_prefix_path.ps1'
[2.936s] DEBUG:colcon.colcon_core.event_handler.log_command:Invoked command in '/home/rdpi/Documents/TieDan/d2ros2/chapt3/chapt3_ws/build/example_ros2_interfaces' returned '0': CMAKE_PREFIX_PATH=${CMAKE_PREFIX_PATH}:/home/rdpi/Documents/TieDan/d2ros2/chapt3/chapt3_ws/install/example_service_rclpy:/home/rdpi/Documents/TieDan/d2ros2/chapt3/chapt3_ws/install/example_interfaces_rclpy:/home/rdpi/Documents/TieDan/d2ros2/chapt3/chapt3_ws/src/install/example_service_rclpy:/home/rdpi/Documents/TieDan/d2ros2/chapt3/chapt3_ws/src/install/example_interfaces_rclpy:/opt/ros/humble /usr/bin/cmake --install /home/rdpi/Documents/TieDan/d2ros2/chapt3/chapt3_ws/build/example_ros2_interfaces
[2.949s] INFO:colcon.colcon_core.shell:Creating environment descriptor '/home/rdpi/Documents/TieDan/d2ros2/chapt3/chapt3_ws/install/example_ros2_interfaces/share/example_ros2_interfaces/hook/cmake_prefix_path.dsv'
[2.958s] INFO:colcon.colcon_core.shell:Creating environment hook '/home/rdpi/Documents/TieDan/d2ros2/chapt3/chapt3_ws/install/example_ros2_interfaces/share/example_ros2_interfaces/hook/cmake_prefix_path.sh'
[2.961s] Level 1:colcon.colcon_core.environment:checking '/home/rdpi/Documents/TieDan/d2ros2/chapt3/chapt3_ws/install/example_ros2_interfaces/lib'
[2.966s] Level 1:colcon.colcon_core.shell:create_environment_hook('example_ros2_interfaces', 'ld_library_path_lib')
[2.968s] INFO:colcon.colcon_core.shell:Creating environment hook '/home/rdpi/Documents/TieDan/d2ros2/chapt3/chapt3_ws/install/example_ros2_interfaces/share/example_ros2_interfaces/hook/ld_library_path_lib.ps1'
[2.969s] INFO:colcon.colcon_core.shell:Creating environment descriptor '/home/rdpi/Documents/TieDan/d2ros2/chapt3/chapt3_ws/install/example_ros2_interfaces/share/example_ros2_interfaces/hook/ld_library_path_lib.dsv'
[2.975s] INFO:colcon.colcon_core.shell:Creating environment hook '/home/rdpi/Documents/TieDan/d2ros2/chapt3/chapt3_ws/install/example_ros2_interfaces/share/example_ros2_interfaces/hook/ld_library_path_lib.sh'
[2.976s] Level 1:colcon.colcon_core.environment:checking '/home/rdpi/Documents/TieDan/d2ros2/chapt3/chapt3_ws/install/example_ros2_interfaces/bin'
[2.977s] Level 1:colcon.colcon_core.environment:checking '/home/rdpi/Documents/TieDan/d2ros2/chapt3/chapt3_ws/install/example_ros2_interfaces/lib/pkgconfig/example_ros2_interfaces.pc'
[2.977s] Level 1:colcon.colcon_core.environment:checking '/home/rdpi/Documents/TieDan/d2ros2/chapt3/chapt3_ws/install/example_ros2_interfaces/lib/python3.10/site-packages'
[2.977s] Level 1:colcon.colcon_core.environment:checking '/home/rdpi/Documents/TieDan/d2ros2/chapt3/chapt3_ws/install/example_ros2_interfaces/bin'
[2.978s] INFO:colcon.colcon_core.shell:Creating package script '/home/rdpi/Documents/TieDan/d2ros2/chapt3/chapt3_ws/install/example_ros2_interfaces/share/example_ros2_interfaces/package.ps1'
[2.982s] INFO:colcon.colcon_core.shell:Creating package descriptor '/home/rdpi/Documents/TieDan/d2ros2/chapt3/chapt3_ws/install/example_ros2_interfaces/share/example_ros2_interfaces/package.dsv'
[2.987s] INFO:colcon.colcon_core.shell:Creating package script '/home/rdpi/Documents/TieDan/d2ros2/chapt3/chapt3_ws/install/example_ros2_interfaces/share/example_ros2_interfaces/package.sh'
[2.989s] INFO:colcon.colcon_core.shell:Creating package script '/home/rdpi/Documents/TieDan/d2ros2/chapt3/chapt3_ws/install/example_ros2_interfaces/share/example_ros2_interfaces/package.bash'
[2.990s] INFO:colcon.colcon_core.shell:Creating package script '/home/rdpi/Documents/TieDan/d2ros2/chapt3/chapt3_ws/install/example_ros2_interfaces/share/example_ros2_interfaces/package.zsh'
[2.991s] Level 1:colcon.colcon_core.environment:create_file_with_runtime_dependencies(/home/rdpi/Documents/TieDan/d2ros2/chapt3/chapt3_ws/install/example_ros2_interfaces/share/colcon-core/packages/example_ros2_interfaces)
[3.700s] Level 1:colcon.colcon_core.environment:checking '/home/rdpi/Documents/TieDan/d2ros2/chapt3/chapt3_ws/install/example_service_rclpy' for CMake module files
[3.701s] Level 1:colcon.colcon_core.environment:checking '/home/rdpi/Documents/TieDan/d2ros2/chapt3/chapt3_ws/install/example_service_rclpy' for CMake config files
[3.701s] Level 1:colcon.colcon_core.environment:checking '/home/rdpi/Documents/TieDan/d2ros2/chapt3/chapt3_ws/install/example_service_rclpy/lib'
[3.701s] Level 1:colcon.colcon_core.environment:checking '/home/rdpi/Documents/TieDan/d2ros2/chapt3/chapt3_ws/install/example_service_rclpy/bin'
[3.701s] Level 1:colcon.colcon_core.environment:checking '/home/rdpi/Documents/TieDan/d2ros2/chapt3/chapt3_ws/install/example_service_rclpy/lib/pkgconfig/example_service_rclpy.pc'
[3.702s] Level 1:colcon.colcon_core.environment:checking '/home/rdpi/Documents/TieDan/d2ros2/chapt3/chapt3_ws/install/example_service_rclpy/lib/python3.10/site-packages'
[3.703s] DEBUG:colcon.colcon_core.event_handler.log_command:Invoked command in '/home/rdpi/Documents/TieDan/d2ros2/chapt3/chapt3_ws/src/example_service_rclpy' returned '0': PYTHONPATH=/home/rdpi/Documents/TieDan/d2ros2/chapt3/chapt3_ws/install/example_service_rclpy/lib/python3.10/site-packages:${PYTHONPATH} /usr/bin/python3 setup.py egg_info --egg-base ../../build/example_service_rclpy build --build-base /home/rdpi/Documents/TieDan/d2ros2/chapt3/chapt3_ws/build/example_service_rclpy/build install --prefix /home/rdpi/Documents/TieDan/d2ros2/chapt3/chapt3_ws/install/example_service_rclpy --record /home/rdpi/Documents/TieDan/d2ros2/chapt3/chapt3_ws/build/example_service_rclpy/install.log --single-version-externally-managed
[3.703s] Level 1:colcon.colcon_core.shell:create_environment_hook('example_service_rclpy', 'pythonpath')
[3.703s] INFO:colcon.colcon_core.shell:Creating environment hook '/home/rdpi/Documents/TieDan/d2ros2/chapt3/chapt3_ws/install/example_service_rclpy/share/example_service_rclpy/hook/pythonpath.ps1'
[3.704s] INFO:colcon.colcon_core.shell:Creating environment descriptor '/home/rdpi/Documents/TieDan/d2ros2/chapt3/chapt3_ws/install/example_service_rclpy/share/example_service_rclpy/hook/pythonpath.dsv'
[3.705s] INFO:colcon.colcon_core.shell:Creating environment hook '/home/rdpi/Documents/TieDan/d2ros2/chapt3/chapt3_ws/install/example_service_rclpy/share/example_service_rclpy/hook/pythonpath.sh'
[3.706s] Level 1:colcon.colcon_core.environment:checking '/home/rdpi/Documents/TieDan/d2ros2/chapt3/chapt3_ws/install/example_service_rclpy/bin'
[3.706s] Level 1:colcon.colcon_core.environment:create_environment_scripts_only(example_service_rclpy)
[3.707s] INFO:colcon.colcon_core.shell:Creating package script '/home/rdpi/Documents/TieDan/d2ros2/chapt3/chapt3_ws/install/example_service_rclpy/share/example_service_rclpy/package.ps1'
[3.712s] INFO:colcon.colcon_core.shell:Creating package descriptor '/home/rdpi/Documents/TieDan/d2ros2/chapt3/chapt3_ws/install/example_service_rclpy/share/example_service_rclpy/package.dsv'
[3.713s] INFO:colcon.colcon_core.shell:Creating package script '/home/rdpi/Documents/TieDan/d2ros2/chapt3/chapt3_ws/install/example_service_rclpy/share/example_service_rclpy/package.sh'
[3.719s] INFO:colcon.colcon_core.shell:Creating package script '/home/rdpi/Documents/TieDan/d2ros2/chapt3/chapt3_ws/install/example_service_rclpy/share/example_service_rclpy/package.bash'
[3.720s] INFO:colcon.colcon_core.shell:Creating package script '/home/rdpi/Documents/TieDan/d2ros2/chapt3/chapt3_ws/install/example_service_rclpy/share/example_service_rclpy/package.zsh'
[3.725s] Level 1:colcon.colcon_core.environment:create_file_with_runtime_dependencies(/home/rdpi/Documents/TieDan/d2ros2/chapt3/chapt3_ws/install/example_service_rclpy/share/colcon-core/packages/example_service_rclpy)
[4.171s] Level 1:colcon.colcon_core.environment:create_environment_scripts_only(example_ros2_interfaces)
[4.172s] Level 1:colcon.colcon_core.environment:checking '/home/rdpi/Documents/TieDan/d2ros2/chapt3/chapt3_ws/install/example_ros2_interfaces' for CMake module files
[4.172s] Level 1:colcon.colcon_core.environment:checking '/home/rdpi/Documents/TieDan/d2ros2/chapt3/chapt3_ws/install/example_ros2_interfaces' for CMake config files
[4.173s] Level 1:colcon.colcon_core.shell:create_environment_hook('example_ros2_interfaces', 'cmake_prefix_path')
[4.174s] INFO:colcon.colcon_core.shell:Creating environment hook '/home/rdpi/Documents/TieDan/d2ros2/chapt3/chapt3_ws/install/example_ros2_interfaces/share/example_ros2_interfaces/hook/cmake_prefix_path.ps1'
[4.176s] INFO:colcon.colcon_core.shell:Creating environment descriptor '/home/rdpi/Documents/TieDan/d2ros2/chapt3/chapt3_ws/install/example_ros2_interfaces/share/example_ros2_interfaces/hook/cmake_prefix_path.dsv'
[4.177s] INFO:colcon.colcon_core.shell:Creating environment hook '/home/rdpi/Documents/TieDan/d2ros2/chapt3/chapt3_ws/install/example_ros2_interfaces/share/example_ros2_interfaces/hook/cmake_prefix_path.sh'
[4.179s] Level 1:colcon.colcon_core.environment:checking '/home/rdpi/Documents/TieDan/d2ros2/chapt3/chapt3_ws/install/example_ros2_interfaces/lib'
[4.179s] Level 1:colcon.colcon_core.shell:create_environment_hook('example_ros2_interfaces', 'ld_library_path_lib')
[4.180s] INFO:colcon.colcon_core.shell:Creating environment hook '/home/rdpi/Documents/TieDan/d2ros2/chapt3/chapt3_ws/install/example_ros2_interfaces/share/example_ros2_interfaces/hook/ld_library_path_lib.ps1'
[4.182s] INFO:colcon.colcon_core.shell:Creating environment descriptor '/home/rdpi/Documents/TieDan/d2ros2/chapt3/chapt3_ws/install/example_ros2_interfaces/share/example_ros2_interfaces/hook/ld_library_path_lib.dsv'
[4.183s] INFO:colcon.colcon_core.shell:Creating environment hook '/home/rdpi/Documents/TieDan/d2ros2/chapt3/chapt3_ws/install/example_ros2_interfaces/share/example_ros2_interfaces/hook/ld_library_path_lib.sh'
[4.184s] Level 1:colcon.colcon_core.environment:checking '/home/rdpi/Documents/TieDan/d2ros2/chapt3/chapt3_ws/install/example_ros2_interfaces/bin'
[4.184s] Level 1:colcon.colcon_core.environment:checking '/home/rdpi/Documents/TieDan/d2ros2/chapt3/chapt3_ws/install/example_ros2_interfaces/lib/pkgconfig/example_ros2_interfaces.pc'
[4.185s] Level 1:colcon.colcon_core.environment:checking '/home/rdpi/Documents/TieDan/d2ros2/chapt3/chapt3_ws/install/example_ros2_interfaces/lib/python3.10/site-packages'
[4.185s] Level 1:colcon.colcon_core.environment:checking '/home/rdpi/Documents/TieDan/d2ros2/chapt3/chapt3_ws/install/example_ros2_interfaces/bin'
[4.186s] INFO:colcon.colcon_core.shell:Creating package script '/home/rdpi/Documents/TieDan/d2ros2/chapt3/chapt3_ws/install/example_ros2_interfaces/share/example_ros2_interfaces/package.ps1'
[4.188s] INFO:colcon.colcon_core.shell:Creating package descriptor '/home/rdpi/Documents/TieDan/d2ros2/chapt3/chapt3_ws/install/example_ros2_interfaces/share/example_ros2_interfaces/package.dsv'
[4.189s] INFO:colcon.colcon_core.shell:Creating package script '/home/rdpi/Documents/TieDan/d2ros2/chapt3/chapt3_ws/install/example_ros2_interfaces/share/example_ros2_interfaces/package.sh'
[4.192s] INFO:colcon.colcon_core.shell:Creating package script '/home/rdpi/Documents/TieDan/d2ros2/chapt3/chapt3_ws/install/example_ros2_interfaces/share/example_ros2_interfaces/package.bash'
[4.193s] INFO:colcon.colcon_core.shell:Creating package script '/home/rdpi/Documents/TieDan/d2ros2/chapt3/chapt3_ws/install/example_ros2_interfaces/share/example_ros2_interfaces/package.zsh'
[4.195s] Level 1:colcon.colcon_core.environment:create_file_with_runtime_dependencies(/home/rdpi/Documents/TieDan/d2ros2/chapt3/chapt3_ws/install/example_ros2_interfaces/share/colcon-core/packages/example_ros2_interfaces)
[4.197s] INFO:colcon.colcon_ros.task.ament_python.build:Building ROS package in '/home/rdpi/Documents/TieDan/d2ros2/chapt3/chapt3_ws/src/example_interfaces_rclpy' with build type 'ament_python'
[4.197s] Level 1:colcon.colcon_core.shell:create_environment_hook('example_interfaces_rclpy', 'ament_prefix_path')
[4.198s] INFO:colcon.colcon_core.shell:Creating environment hook '/home/rdpi/Documents/TieDan/d2ros2/chapt3/chapt3_ws/install/example_interfaces_rclpy/share/example_interfaces_rclpy/hook/ament_prefix_path.ps1'
[4.205s] INFO:colcon.colcon_core.shell:Creating environment descriptor '/home/rdpi/Documents/TieDan/d2ros2/chapt3/chapt3_ws/install/example_interfaces_rclpy/share/example_interfaces_rclpy/hook/ament_prefix_path.dsv'
[4.220s] INFO:colcon.colcon_core.shell:Creating environment hook '/home/rdpi/Documents/TieDan/d2ros2/chapt3/chapt3_ws/install/example_interfaces_rclpy/share/example_interfaces_rclpy/hook/ament_prefix_path.sh'
[4.221s] INFO:colcon.colcon_core.shell:Skip shell extension 'powershell' for command environment: Not usable outside of PowerShell
[4.222s] DEBUG:colcon.colcon_core.shell:Skip shell extension 'dsv' for command environment
[4.983s] INFO:colcon.colcon_core.task.python.build:Building Python package in '/home/rdpi/Documents/TieDan/d2ros2/chapt3/chapt3_ws/src/example_interfaces_rclpy'
[4.984s] INFO:colcon.colcon_core.shell:Skip shell extension 'powershell' for command environment: Not usable outside of PowerShell
[4.984s] DEBUG:colcon.colcon_core.shell:Skip shell extension 'dsv' for command environment
[5.992s] DEBUG:colcon.colcon_core.event_handler.log_command:Invoking command in '/home/rdpi/Documents/TieDan/d2ros2/chapt3/chapt3_ws/src/example_interfaces_rclpy': PYTHONPATH=/home/rdpi/Documents/TieDan/d2ros2/chapt3/chapt3_ws/install/example_interfaces_rclpy/lib/python3.10/site-packages:${PYTHONPATH} /usr/bin/python3 setup.py egg_info --egg-base ../../build/example_interfaces_rclpy build --build-base /home/rdpi/Documents/TieDan/d2ros2/chapt3/chapt3_ws/build/example_interfaces_rclpy/build install --prefix /home/rdpi/Documents/TieDan/d2ros2/chapt3/chapt3_ws/install/example_interfaces_rclpy --record /home/rdpi/Documents/TieDan/d2ros2/chapt3/chapt3_ws/build/example_interfaces_rclpy/install.log --single-version-externally-managed
[6.565s] Level 1:colcon.colcon_core.environment:checking '/home/rdpi/Documents/TieDan/d2ros2/chapt3/chapt3_ws/install/example_interfaces_rclpy' for CMake module files
[6.566s] DEBUG:colcon.colcon_core.event_handler.log_command:Invoked command in '/home/rdpi/Documents/TieDan/d2ros2/chapt3/chapt3_ws/src/example_interfaces_rclpy' returned '0': PYTHONPATH=/home/rdpi/Documents/TieDan/d2ros2/chapt3/chapt3_ws/install/example_interfaces_rclpy/lib/python3.10/site-packages:${PYTHONPATH} /usr/bin/python3 setup.py egg_info --egg-base ../../build/example_interfaces_rclpy build --build-base /home/rdpi/Documents/TieDan/d2ros2/chapt3/chapt3_ws/build/example_interfaces_rclpy/build install --prefix /home/rdpi/Documents/TieDan/d2ros2/chapt3/chapt3_ws/install/example_interfaces_rclpy --record /home/rdpi/Documents/TieDan/d2ros2/chapt3/chapt3_ws/build/example_interfaces_rclpy/install.log --single-version-externally-managed
[6.567s] Level 1:colcon.colcon_core.environment:checking '/home/rdpi/Documents/TieDan/d2ros2/chapt3/chapt3_ws/install/example_interfaces_rclpy' for CMake config files
[6.567s] Level 1:colcon.colcon_core.environment:checking '/home/rdpi/Documents/TieDan/d2ros2/chapt3/chapt3_ws/install/example_interfaces_rclpy/lib'
[6.567s] Level 1:colcon.colcon_core.environment:checking '/home/rdpi/Documents/TieDan/d2ros2/chapt3/chapt3_ws/install/example_interfaces_rclpy/bin'
[6.567s] Level 1:colcon.colcon_core.environment:checking '/home/rdpi/Documents/TieDan/d2ros2/chapt3/chapt3_ws/install/example_interfaces_rclpy/lib/pkgconfig/example_interfaces_rclpy.pc'
[6.568s] Level 1:colcon.colcon_core.environment:checking '/home/rdpi/Documents/TieDan/d2ros2/chapt3/chapt3_ws/install/example_interfaces_rclpy/lib/python3.10/site-packages'
[6.568s] Level 1:colcon.colcon_core.shell:create_environment_hook('example_interfaces_rclpy', 'pythonpath')
[6.568s] INFO:colcon.colcon_core.shell:Creating environment hook '/home/rdpi/Documents/TieDan/d2ros2/chapt3/chapt3_ws/install/example_interfaces_rclpy/share/example_interfaces_rclpy/hook/pythonpath.ps1'
[6.569s] INFO:colcon.colcon_core.shell:Creating environment descriptor '/home/rdpi/Documents/TieDan/d2ros2/chapt3/chapt3_ws/install/example_interfaces_rclpy/share/example_interfaces_rclpy/hook/pythonpath.dsv'
[6.570s] INFO:colcon.colcon_core.shell:Creating environment hook '/home/rdpi/Documents/TieDan/d2ros2/chapt3/chapt3_ws/install/example_interfaces_rclpy/share/example_interfaces_rclpy/hook/pythonpath.sh'
[6.571s] Level 1:colcon.colcon_core.environment:checking '/home/rdpi/Documents/TieDan/d2ros2/chapt3/chapt3_ws/install/example_interfaces_rclpy/bin'
[6.571s] Level 1:colcon.colcon_core.environment:create_environment_scripts_only(example_interfaces_rclpy)
[6.572s] INFO:colcon.colcon_core.shell:Creating package script '/home/rdpi/Documents/TieDan/d2ros2/chapt3/chapt3_ws/install/example_interfaces_rclpy/share/example_interfaces_rclpy/package.ps1'
[6.573s] INFO:colcon.colcon_core.shell:Creating package descriptor '/home/rdpi/Documents/TieDan/d2ros2/chapt3/chapt3_ws/install/example_interfaces_rclpy/share/example_interfaces_rclpy/package.dsv'
[6.574s] INFO:colcon.colcon_core.shell:Creating package script '/home/rdpi/Documents/TieDan/d2ros2/chapt3/chapt3_ws/install/example_interfaces_rclpy/share/example_interfaces_rclpy/package.sh'
[6.575s] INFO:colcon.colcon_core.shell:Creating package script '/home/rdpi/Documents/TieDan/d2ros2/chapt3/chapt3_ws/install/example_interfaces_rclpy/share/example_interfaces_rclpy/package.bash'
[6.575s] INFO:colcon.colcon_core.shell:Creating package script '/home/rdpi/Documents/TieDan/d2ros2/chapt3/chapt3_ws/install/example_interfaces_rclpy/share/example_interfaces_rclpy/package.zsh'
[6.576s] Level 1:colcon.colcon_core.environment:create_file_with_runtime_dependencies(/home/rdpi/Documents/TieDan/d2ros2/chapt3/chapt3_ws/install/example_interfaces_rclpy/share/colcon-core/packages/example_interfaces_rclpy)
[6.577s] DEBUG:colcon.colcon_parallel_executor.executor.parallel:closing loop
[6.578s] DEBUG:colcon.colcon_parallel_executor.executor.parallel:loop closed
[6.578s] DEBUG:colcon.colcon_parallel_executor.executor.parallel:run_until_complete finished with '0'
[6.578s] DEBUG:colcon.colcon_core.event_reactor:joining thread
[6.609s] INFO:colcon.colcon_core.plugin_system:Skipping extension 'colcon_notification.desktop_notification.notify_send': Could not find 'notify-send'
[6.610s] INFO:colcon.colcon_core.plugin_system:Skipping extension 'colcon_notification.desktop_notification.terminal_notifier': Not used on non-Darwin systems
[6.610s] INFO:colcon.colcon_core.plugin_system:Skipping extension 'colcon_notification.desktop_notification.win32': Not used on non-Windows systems
[6.610s] INFO:colcon.colcon_notification.desktop_notification:Sending desktop notification using 'notify2'
[6.615s] DEBUG:colcon.colcon_notification.desktop_notification.notify2:Failed to initialize notify2: org.freedesktop.DBus.Error.Spawn.ExecFailed: /usr/bin/dbus-launch terminated abnormally without any error message
[6.615s] DEBUG:colcon.colcon_core.event_reactor:joined thread
[6.616s] INFO:colcon.colcon_core.shell:Creating prefix script '/home/rdpi/Documents/TieDan/d2ros2/chapt3/chapt3_ws/install/local_setup.ps1'
[6.618s] INFO:colcon.colcon_core.shell:Creating prefix util module '/home/rdpi/Documents/TieDan/d2ros2/chapt3/chapt3_ws/install/_local_setup_util_ps1.py'
[6.620s] INFO:colcon.colcon_core.shell:Creating prefix chain script '/home/rdpi/Documents/TieDan/d2ros2/chapt3/chapt3_ws/install/setup.ps1'
[6.623s] INFO:colcon.colcon_core.shell:Creating prefix script '/home/rdpi/Documents/TieDan/d2ros2/chapt3/chapt3_ws/install/local_setup.sh'
[6.624s] INFO:colcon.colcon_core.shell:Creating prefix util module '/home/rdpi/Documents/TieDan/d2ros2/chapt3/chapt3_ws/install/_local_setup_util_sh.py'
[6.625s] INFO:colcon.colcon_core.shell:Creating prefix chain script '/home/rdpi/Documents/TieDan/d2ros2/chapt3/chapt3_ws/install/setup.sh'
[6.628s] INFO:colcon.colcon_core.shell:Creating prefix script '/home/rdpi/Documents/TieDan/d2ros2/chapt3/chapt3_ws/install/local_setup.bash'
[6.629s] INFO:colcon.colcon_core.shell:Creating prefix chain script '/home/rdpi/Documents/TieDan/d2ros2/chapt3/chapt3_ws/install/setup.bash'
[6.632s] INFO:colcon.colcon_core.shell:Creating prefix script '/home/rdpi/Documents/TieDan/d2ros2/chapt3/chapt3_ws/install/local_setup.zsh'
[6.633s] INFO:colcon.colcon_core.shell:Creating prefix chain script '/home/rdpi/Documents/TieDan/d2ros2/chapt3/chapt3_ws/install/setup.zsh'
