[0.030s] Invoking command in '/home/rdpi/Documents/TieDan/d2ros2/chapt3/chapt3_ws/build/example_ros2_interfaces': CMAKE_PREFIX_PATH=/home/rdpi/Documents/TieDan/d2ros2/chapt3/chapt3_ws/src/install/example_service_rclpy:/home/rdpi/Documents/TieDan/d2ros2/chapt3/chapt3_ws/src/install/example_interfaces_rclpy:/opt/ros/humble /usr/bin/cmake --build /home/rdpi/Documents/TieDan/d2ros2/chapt3/chapt3_ws/build/example_ros2_interfaces -- -j2 -l2
[0.071s] -- Found ament_cmake: 1.3.2 (/opt/ros/humble/share/ament_cmake/cmake)
[0.281s] -- Found rosidl_default_generators: 1.2.0 (/opt/ros/humble/share/rosidl_default_generators/cmake)
[0.284s] -- Using all available rosidl_typesupport_c: rosidl_typesupport_fastrtps_c;rosidl_typesupport_introspection_c
[0.288s] -- Found rosidl_adapter: 3.1.3 (/opt/ros/humble/share/rosidl_adapter/cmake)
[0.325s] -- Using all available rosidl_typesupport_cpp: rosidl_typesupport_fastrtps_cpp;rosidl_typesupport_introspection_cpp
[0.358s] -- Found geometry_msgs: 4.2.2 (/opt/ros/humble/share/geometry_msgs/cmake)
[0.898s] -- Found ament_cmake_ros: 0.10.0 (/opt/ros/humble/share/ament_cmake_ros/cmake)
[1.309s] -- Using all available rosidl_typesupport_c: rosidl_typesupport_fastrtps_c;rosidl_typesupport_introspection_c
[1.830s] -- Using all available rosidl_typesupport_cpp: rosidl_typesupport_fastrtps_cpp;rosidl_typesupport_introspection_cpp
[1.862s] -- Found python_cmake_module: 0.10.0 (/opt/ros/humble/share/python_cmake_module/cmake)
[1.890s] -- Using PYTHON_EXECUTABLE: /usr/bin/python3
[1.890s] -- Using PYTHON_INCLUDE_DIRS: /usr/include/python3.10
[1.890s] -- Using PYTHON_LIBRARIES: /usr/lib/x86_64-linux-gnu/libpython3.10.so
[1.945s] -- Found ament_lint_auto: 0.12.4 (/opt/ros/humble/share/ament_lint_auto/cmake)
[1.962s] -- Added test 'lint_cmake' to check CMake code style
[1.964s] -- Added test 'xmllint' to check XML markup files
[1.967s] -- Configuring done
[2.069s] -- Generating done
[2.081s] -- Build files have been written to: /home/rdpi/Documents/TieDan/d2ros2/chapt3/chapt3_ws/build/example_ros2_interfaces
[2.212s] [  2%] Built target example_ros2_interfaces__cpp
[2.234s] [35m[1mConsolidate compiler generated dependencies of target example_ros2_interfaces__rosidl_generator_c[0m
[2.279s] [ 12%] Built target example_ros2_interfaces__rosidl_generator_c
[2.298s] [35m[1mConsolidate compiler generated dependencies of target example_ros2_interfaces__rosidl_typesupport_cpp[0m
[2.310s] [ 12%] Built target ament_cmake_python_copy_example_ros2_interfaces
[2.342s] [ 17%] [34m[1mGenerating C type support for eProsima Fast-RTPS[0m
[2.342s] [ 17%] [32mBuilding CXX object CMakeFiles/example_ros2_interfaces__rosidl_typesupport_cpp.dir/rosidl_typesupport_cpp/example_ros2_interfaces/srv/move_robot__type_support.cpp.o[0m
[3.104s] [ 19%] [32m[1mLinking CXX shared library libexample_ros2_interfaces__rosidl_typesupport_cpp.so[0m
[3.258s] [ 25%] Built target example_ros2_interfaces__rosidl_typesupport_cpp
[3.276s] [ 27%] [34m[1mGenerating C introspection for ROS interfaces[0m
[3.304s] [ 29%] [32mBuilding CXX object CMakeFiles/example_ros2_interfaces__rosidl_typesupport_fastrtps_c.dir/rosidl_typesupport_fastrtps_c/example_ros2_interfaces/msg/detail/robot_pose__type_support_c.cpp.o[0m
[4.030s] [ 31%] [32mBuilding CXX object CMakeFiles/example_ros2_interfaces__rosidl_typesupport_fastrtps_c.dir/rosidl_typesupport_fastrtps_c/example_ros2_interfaces/msg/detail/robot_status__type_support_c.cpp.o[0m
[4.722s] [ 34%] [32mBuilding C object CMakeFiles/example_ros2_interfaces__rosidl_typesupport_introspection_c.dir/rosidl_typesupport_introspection_c/example_ros2_interfaces/msg/detail/robot_pose__type_support.c.o[0m
[4.736s] [ 36%] [32mBuilding CXX object CMakeFiles/example_ros2_interfaces__rosidl_typesupport_fastrtps_c.dir/rosidl_typesupport_fastrtps_c/example_ros2_interfaces/srv/detail/move_robot__type_support_c.cpp.o[0m
[4.875s] [ 38%] [32mBuilding C object CMakeFiles/example_ros2_interfaces__rosidl_typesupport_introspection_c.dir/rosidl_typesupport_introspection_c/example_ros2_interfaces/msg/detail/robot_status__type_support.c.o[0m
[4.922s] [ 40%] [32mBuilding C object CMakeFiles/example_ros2_interfaces__rosidl_typesupport_introspection_c.dir/rosidl_typesupport_introspection_c/example_ros2_interfaces/srv/detail/move_robot__type_support.c.o[0m
[4.999s] [ 42%] [32m[1mLinking C shared library libexample_ros2_interfaces__rosidl_typesupport_introspection_c.so[0m
[5.097s] [ 42%] Built target example_ros2_interfaces__rosidl_typesupport_introspection_c
[5.652s] [ 44%] [32m[1mLinking CXX shared library libexample_ros2_interfaces__rosidl_typesupport_fastrtps_c.so[0m
[5.836s] [ 44%] Built target example_ros2_interfaces__rosidl_typesupport_fastrtps_c
[5.856s] [ 46%] [34m[1mGenerating C type support dispatch for ROS interfaces[0m
[6.259s] [ 48%] [32mBuilding CXX object CMakeFiles/example_ros2_interfaces__rosidl_typesupport_c.dir/rosidl_typesupport_c/example_ros2_interfaces/msg/robot_pose__type_support.cpp.o[0m
[6.309s] [ 51%] [32mBuilding CXX object CMakeFiles/example_ros2_interfaces__rosidl_typesupport_c.dir/rosidl_typesupport_c/example_ros2_interfaces/msg/robot_status__type_support.cpp.o[0m
[6.346s] [ 53%] [32mBuilding CXX object CMakeFiles/example_ros2_interfaces__rosidl_typesupport_c.dir/rosidl_typesupport_c/example_ros2_interfaces/srv/move_robot__type_support.cpp.o[0m
[6.396s] [ 55%] [32m[1mLinking CXX shared library libexample_ros2_interfaces__rosidl_typesupport_c.so[0m
[6.454s] [ 55%] Built target example_ros2_interfaces__rosidl_typesupport_c
[6.477s] [35m[1mConsolidate compiler generated dependencies of target example_ros2_interfaces__rosidl_typesupport_fastrtps_cpp[0m
[6.517s] [ 57%] [32mBuilding CXX object CMakeFiles/example_ros2_interfaces__rosidl_typesupport_fastrtps_cpp.dir/rosidl_typesupport_fastrtps_cpp/example_ros2_interfaces/msg/detail/dds_fastrtps/robot_status__type_support.cpp.o[0m
[7.145s] [ 59%] [32mBuilding CXX object CMakeFiles/example_ros2_interfaces__rosidl_typesupport_fastrtps_cpp.dir/rosidl_typesupport_fastrtps_cpp/example_ros2_interfaces/srv/detail/dds_fastrtps/move_robot__type_support.cpp.o[0m
[7.977s] [ 61%] [32m[1mLinking CXX shared library libexample_ros2_interfaces__rosidl_typesupport_fastrtps_cpp.so[0m
[8.331s] [ 65%] Built target example_ros2_interfaces__rosidl_typesupport_fastrtps_cpp
[8.392s] [ 68%] [34m[1mGenerating C++ introspection for ROS interfaces[0m
[8.925s] [ 70%] [32mBuilding CXX object CMakeFiles/example_ros2_interfaces__rosidl_typesupport_introspection_cpp.dir/rosidl_typesupport_introspection_cpp/example_ros2_interfaces/msg/detail/robot_pose__type_support.cpp.o[0m
[9.464s] [ 72%] [32mBuilding CXX object CMakeFiles/example_ros2_interfaces__rosidl_typesupport_introspection_cpp.dir/rosidl_typesupport_introspection_cpp/example_ros2_interfaces/msg/detail/robot_status__type_support.cpp.o[0m
[9.919s] [ 74%] [32mBuilding CXX object CMakeFiles/example_ros2_interfaces__rosidl_typesupport_introspection_cpp.dir/rosidl_typesupport_introspection_cpp/example_ros2_interfaces/srv/detail/move_robot__type_support.cpp.o[0m
[10.402s] [ 76%] [32m[1mLinking CXX shared library libexample_ros2_interfaces__rosidl_typesupport_introspection_cpp.so[0m
[10.546s] [ 76%] Built target example_ros2_interfaces__rosidl_typesupport_introspection_cpp
[10.827s] running egg_info
[10.828s] creating example_ros2_interfaces.egg-info
[10.829s] writing example_ros2_interfaces.egg-info/PKG-INFO
[10.830s] writing dependency_links to example_ros2_interfaces.egg-info/dependency_links.txt
[10.833s] writing top-level names to example_ros2_interfaces.egg-info/top_level.txt
[10.833s] writing manifest file 'example_ros2_interfaces.egg-info/SOURCES.txt'
[10.833s] reading manifest file 'example_ros2_interfaces.egg-info/SOURCES.txt'
[10.840s] writing manifest file 'example_ros2_interfaces.egg-info/SOURCES.txt'
[10.880s] [ 76%] Built target ament_cmake_python_build_example_ros2_interfaces_egg
[10.913s] [ 76%] Built target example_ros2_interfaces
[10.948s] [ 78%] [34m[1mGenerating Python code for ROS interfaces[0m
[12.105s] [ 78%] Built target example_ros2_interfaces__py
[12.134s] [ 80%] [32mBuilding C object CMakeFiles/example_ros2_interfaces__rosidl_generator_py.dir/rosidl_generator_py/example_ros2_interfaces/msg/_robot_pose_s.c.o[0m
[12.542s] [ 82%] [32mBuilding C object CMakeFiles/example_ros2_interfaces__rosidl_generator_py.dir/rosidl_generator_py/example_ros2_interfaces/msg/_robot_status_s.c.o[0m
[12.704s] [ 85%] [32mBuilding C object CMakeFiles/example_ros2_interfaces__rosidl_generator_py.dir/rosidl_generator_py/example_ros2_interfaces/srv/_move_robot_s.c.o[0m
[12.869s] [ 87%] [32m[1mLinking C shared library rosidl_generator_py/example_ros2_interfaces/libexample_ros2_interfaces__rosidl_generator_py.so[0m
[12.961s] [ 87%] Built target example_ros2_interfaces__rosidl_generator_py
[13.013s] [ 89%] [32mBuilding C object CMakeFiles/example_ros2_interfaces__rosidl_typesupport_fastrtps_c__pyext.dir/rosidl_generator_py/example_ros2_interfaces/_example_ros2_interfaces_s.ep.rosidl_typesupport_fastrtps_c.c.o[0m
[13.211s] [ 91%] [32m[1mLinking C shared library rosidl_generator_py/example_ros2_interfaces/example_ros2_interfaces_s__rosidl_typesupport_fastrtps_c.cpython-310-x86_64-linux-gnu.so[0m
[13.294s] [ 91%] Built target example_ros2_interfaces__rosidl_typesupport_fastrtps_c__pyext
[13.333s] [ 93%] [32mBuilding C object CMakeFiles/example_ros2_interfaces__rosidl_typesupport_introspection_c__pyext.dir/rosidl_generator_py/example_ros2_interfaces/_example_ros2_interfaces_s.ep.rosidl_typesupport_introspection_c.c.o[0m
[13.564s] [ 95%] [32m[1mLinking C shared library rosidl_generator_py/example_ros2_interfaces/example_ros2_interfaces_s__rosidl_typesupport_introspection_c.cpython-310-x86_64-linux-gnu.so[0m
[13.694s] [ 95%] Built target example_ros2_interfaces__rosidl_typesupport_introspection_c__pyext
[13.740s] [ 97%] [32mBuilding C object CMakeFiles/example_ros2_interfaces__rosidl_typesupport_c__pyext.dir/rosidl_generator_py/example_ros2_interfaces/_example_ros2_interfaces_s.ep.rosidl_typesupport_c.c.o[0m
[13.992s] [100%] [32m[1mLinking C shared library rosidl_generator_py/example_ros2_interfaces/example_ros2_interfaces_s__rosidl_typesupport_c.cpython-310-x86_64-linux-gnu.so[0m
[14.076s] [100%] Built target example_ros2_interfaces__rosidl_typesupport_c__pyext
[14.113s] Invoked command in '/home/rdpi/Documents/TieDan/d2ros2/chapt3/chapt3_ws/build/example_ros2_interfaces' returned '0': CMAKE_PREFIX_PATH=/home/rdpi/Documents/TieDan/d2ros2/chapt3/chapt3_ws/src/install/example_service_rclpy:/home/rdpi/Documents/TieDan/d2ros2/chapt3/chapt3_ws/src/install/example_interfaces_rclpy:/opt/ros/humble /usr/bin/cmake --build /home/rdpi/Documents/TieDan/d2ros2/chapt3/chapt3_ws/build/example_ros2_interfaces -- -j2 -l2
[14.455s] Invoking command in '/home/rdpi/Documents/TieDan/d2ros2/chapt3/chapt3_ws/build/example_ros2_interfaces': CMAKE_PREFIX_PATH=/home/rdpi/Documents/TieDan/d2ros2/chapt3/chapt3_ws/src/install/example_service_rclpy:/home/rdpi/Documents/TieDan/d2ros2/chapt3/chapt3_ws/src/install/example_interfaces_rclpy:/opt/ros/humble /usr/bin/cmake --install /home/rdpi/Documents/TieDan/d2ros2/chapt3/chapt3_ws/build/example_ros2_interfaces
[14.475s] -- Install configuration: ""
[14.476s] -- Installing: /home/rdpi/Documents/TieDan/d2ros2/chapt3/chapt3_ws/install/example_ros2_interfaces/share/ament_index/resource_index/rosidl_interfaces/example_ros2_interfaces
[14.478s] -- Installing: /home/rdpi/Documents/TieDan/d2ros2/chapt3/chapt3_ws/install/example_ros2_interfaces/include/example_ros2_interfaces/example_ros2_interfaces
[14.479s] -- Installing: /home/rdpi/Documents/TieDan/d2ros2/chapt3/chapt3_ws/install/example_ros2_interfaces/include/example_ros2_interfaces/example_ros2_interfaces/msg
[14.480s] -- Installing: /home/rdpi/Documents/TieDan/d2ros2/chapt3/chapt3_ws/install/example_ros2_interfaces/include/example_ros2_interfaces/example_ros2_interfaces/msg/robot_status.h
[14.480s] -- Installing: /home/rdpi/Documents/TieDan/d2ros2/chapt3/chapt3_ws/install/example_ros2_interfaces/include/example_ros2_interfaces/example_ros2_interfaces/msg/rosidl_generator_c__visibility_control.h
[14.481s] -- Installing: /home/rdpi/Documents/TieDan/d2ros2/chapt3/chapt3_ws/install/example_ros2_interfaces/include/example_ros2_interfaces/example_ros2_interfaces/msg/robot_pose.h
[14.481s] -- Installing: /home/rdpi/Documents/TieDan/d2ros2/chapt3/chapt3_ws/install/example_ros2_interfaces/include/example_ros2_interfaces/example_ros2_interfaces/msg/detail
[14.481s] -- Installing: /home/rdpi/Documents/TieDan/d2ros2/chapt3/chapt3_ws/install/example_ros2_interfaces/include/example_ros2_interfaces/example_ros2_interfaces/msg/detail/robot_status__type_support.h
[14.481s] -- Installing: /home/rdpi/Documents/TieDan/d2ros2/chapt3/chapt3_ws/install/example_ros2_interfaces/include/example_ros2_interfaces/example_ros2_interfaces/msg/detail/robot_pose__functions.h
[14.489s] -- Installing: /home/rdpi/Documents/TieDan/d2ros2/chapt3/chapt3_ws/install/example_ros2_interfaces/include/example_ros2_interfaces/example_ros2_interfaces/msg/detail/robot_pose__functions.c
[14.489s] -- Installing: /home/rdpi/Documents/TieDan/d2ros2/chapt3/chapt3_ws/install/example_ros2_interfaces/include/example_ros2_interfaces/example_ros2_interfaces/msg/detail/robot_status__functions.h
[14.490s] -- Installing: /home/rdpi/Documents/TieDan/d2ros2/chapt3/chapt3_ws/install/example_ros2_interfaces/include/example_ros2_interfaces/example_ros2_interfaces/msg/detail/robot_status__functions.c
[14.490s] -- Installing: /home/rdpi/Documents/TieDan/d2ros2/chapt3/chapt3_ws/install/example_ros2_interfaces/include/example_ros2_interfaces/example_ros2_interfaces/msg/detail/robot_pose__struct.h
[14.490s] -- Installing: /home/rdpi/Documents/TieDan/d2ros2/chapt3/chapt3_ws/install/example_ros2_interfaces/include/example_ros2_interfaces/example_ros2_interfaces/msg/detail/robot_pose__type_support.h
[14.491s] -- Installing: /home/rdpi/Documents/TieDan/d2ros2/chapt3/chapt3_ws/install/example_ros2_interfaces/include/example_ros2_interfaces/example_ros2_interfaces/msg/detail/robot_status__struct.h
[14.492s] -- Installing: /home/rdpi/Documents/TieDan/d2ros2/chapt3/chapt3_ws/install/example_ros2_interfaces/include/example_ros2_interfaces/example_ros2_interfaces/srv
[14.492s] -- Installing: /home/rdpi/Documents/TieDan/d2ros2/chapt3/chapt3_ws/install/example_ros2_interfaces/include/example_ros2_interfaces/example_ros2_interfaces/srv/move_robot.h
[14.492s] -- Installing: /home/rdpi/Documents/TieDan/d2ros2/chapt3/chapt3_ws/install/example_ros2_interfaces/include/example_ros2_interfaces/example_ros2_interfaces/srv/detail
[14.494s] -- Installing: /home/rdpi/Documents/TieDan/d2ros2/chapt3/chapt3_ws/install/example_ros2_interfaces/include/example_ros2_interfaces/example_ros2_interfaces/srv/detail/move_robot__type_support.h
[14.495s] -- Installing: /home/rdpi/Documents/TieDan/d2ros2/chapt3/chapt3_ws/install/example_ros2_interfaces/include/example_ros2_interfaces/example_ros2_interfaces/srv/detail/move_robot__functions.h
[14.495s] -- Installing: /home/rdpi/Documents/TieDan/d2ros2/chapt3/chapt3_ws/install/example_ros2_interfaces/include/example_ros2_interfaces/example_ros2_interfaces/srv/detail/move_robot__struct.h
[14.495s] -- Installing: /home/rdpi/Documents/TieDan/d2ros2/chapt3/chapt3_ws/install/example_ros2_interfaces/include/example_ros2_interfaces/example_ros2_interfaces/srv/detail/move_robot__functions.c
[14.496s] -- Installing: /home/rdpi/Documents/TieDan/d2ros2/chapt3/chapt3_ws/install/example_ros2_interfaces/share/example_ros2_interfaces/environment/library_path.sh
[14.497s] -- Installing: /home/rdpi/Documents/TieDan/d2ros2/chapt3/chapt3_ws/install/example_ros2_interfaces/share/example_ros2_interfaces/environment/library_path.dsv
[14.498s] -- Installing: /home/rdpi/Documents/TieDan/d2ros2/chapt3/chapt3_ws/install/example_ros2_interfaces/lib/libexample_ros2_interfaces__rosidl_generator_c.so
[14.498s] -- Set runtime path of "/home/rdpi/Documents/TieDan/d2ros2/chapt3/chapt3_ws/install/example_ros2_interfaces/lib/libexample_ros2_interfaces__rosidl_generator_c.so" to ""
[14.498s] -- Up-to-date: /home/rdpi/Documents/TieDan/d2ros2/chapt3/chapt3_ws/install/example_ros2_interfaces/include/example_ros2_interfaces/example_ros2_interfaces
[14.499s] -- Up-to-date: /home/rdpi/Documents/TieDan/d2ros2/chapt3/chapt3_ws/install/example_ros2_interfaces/include/example_ros2_interfaces/example_ros2_interfaces/msg
[14.499s] -- Installing: /home/rdpi/Documents/TieDan/d2ros2/chapt3/chapt3_ws/install/example_ros2_interfaces/include/example_ros2_interfaces/example_ros2_interfaces/msg/rosidl_typesupport_fastrtps_c__visibility_control.h
[14.499s] -- Up-to-date: /home/rdpi/Documents/TieDan/d2ros2/chapt3/chapt3_ws/install/example_ros2_interfaces/include/example_ros2_interfaces/example_ros2_interfaces/msg/detail
[14.499s] -- Installing: /home/rdpi/Documents/TieDan/d2ros2/chapt3/chapt3_ws/install/example_ros2_interfaces/include/example_ros2_interfaces/example_ros2_interfaces/msg/detail/robot_pose__rosidl_typesupport_fastrtps_c.h
[14.500s] -- Installing: /home/rdpi/Documents/TieDan/d2ros2/chapt3/chapt3_ws/install/example_ros2_interfaces/include/example_ros2_interfaces/example_ros2_interfaces/msg/detail/robot_status__rosidl_typesupport_fastrtps_c.h
[14.500s] -- Up-to-date: /home/rdpi/Documents/TieDan/d2ros2/chapt3/chapt3_ws/install/example_ros2_interfaces/include/example_ros2_interfaces/example_ros2_interfaces/srv
[14.500s] -- Up-to-date: /home/rdpi/Documents/TieDan/d2ros2/chapt3/chapt3_ws/install/example_ros2_interfaces/include/example_ros2_interfaces/example_ros2_interfaces/srv/detail
[14.501s] -- Installing: /home/rdpi/Documents/TieDan/d2ros2/chapt3/chapt3_ws/install/example_ros2_interfaces/include/example_ros2_interfaces/example_ros2_interfaces/srv/detail/move_robot__rosidl_typesupport_fastrtps_c.h
[14.502s] -- Installing: /home/rdpi/Documents/TieDan/d2ros2/chapt3/chapt3_ws/install/example_ros2_interfaces/lib/libexample_ros2_interfaces__rosidl_typesupport_fastrtps_c.so
[14.503s] -- Set runtime path of "/home/rdpi/Documents/TieDan/d2ros2/chapt3/chapt3_ws/install/example_ros2_interfaces/lib/libexample_ros2_interfaces__rosidl_typesupport_fastrtps_c.so" to ""
[14.503s] -- Up-to-date: /home/rdpi/Documents/TieDan/d2ros2/chapt3/chapt3_ws/install/example_ros2_interfaces/include/example_ros2_interfaces/example_ros2_interfaces
[14.504s] -- Up-to-date: /home/rdpi/Documents/TieDan/d2ros2/chapt3/chapt3_ws/install/example_ros2_interfaces/include/example_ros2_interfaces/example_ros2_interfaces/msg
[14.504s] -- Installing: /home/rdpi/Documents/TieDan/d2ros2/chapt3/chapt3_ws/install/example_ros2_interfaces/include/example_ros2_interfaces/example_ros2_interfaces/msg/rosidl_typesupport_introspection_c__visibility_control.h
[14.505s] -- Up-to-date: /home/rdpi/Documents/TieDan/d2ros2/chapt3/chapt3_ws/install/example_ros2_interfaces/include/example_ros2_interfaces/example_ros2_interfaces/msg/detail
[14.505s] -- Installing: /home/rdpi/Documents/TieDan/d2ros2/chapt3/chapt3_ws/install/example_ros2_interfaces/include/example_ros2_interfaces/example_ros2_interfaces/msg/detail/robot_pose__type_support.c
[14.506s] -- Installing: /home/rdpi/Documents/TieDan/d2ros2/chapt3/chapt3_ws/install/example_ros2_interfaces/include/example_ros2_interfaces/example_ros2_interfaces/msg/detail/robot_pose__rosidl_typesupport_introspection_c.h
[14.506s] -- Installing: /home/rdpi/Documents/TieDan/d2ros2/chapt3/chapt3_ws/install/example_ros2_interfaces/include/example_ros2_interfaces/example_ros2_interfaces/msg/detail/robot_status__type_support.c
[14.507s] -- Installing: /home/rdpi/Documents/TieDan/d2ros2/chapt3/chapt3_ws/install/example_ros2_interfaces/include/example_ros2_interfaces/example_ros2_interfaces/msg/detail/robot_status__rosidl_typesupport_introspection_c.h
[14.508s] -- Up-to-date: /home/rdpi/Documents/TieDan/d2ros2/chapt3/chapt3_ws/install/example_ros2_interfaces/include/example_ros2_interfaces/example_ros2_interfaces/srv
[14.508s] -- Up-to-date: /home/rdpi/Documents/TieDan/d2ros2/chapt3/chapt3_ws/install/example_ros2_interfaces/include/example_ros2_interfaces/example_ros2_interfaces/srv/detail
[14.509s] -- Installing: /home/rdpi/Documents/TieDan/d2ros2/chapt3/chapt3_ws/install/example_ros2_interfaces/include/example_ros2_interfaces/example_ros2_interfaces/srv/detail/move_robot__type_support.c
[14.509s] -- Installing: /home/rdpi/Documents/TieDan/d2ros2/chapt3/chapt3_ws/install/example_ros2_interfaces/include/example_ros2_interfaces/example_ros2_interfaces/srv/detail/move_robot__rosidl_typesupport_introspection_c.h
[14.510s] -- Installing: /home/rdpi/Documents/TieDan/d2ros2/chapt3/chapt3_ws/install/example_ros2_interfaces/lib/libexample_ros2_interfaces__rosidl_typesupport_introspection_c.so
[14.510s] -- Set runtime path of "/home/rdpi/Documents/TieDan/d2ros2/chapt3/chapt3_ws/install/example_ros2_interfaces/lib/libexample_ros2_interfaces__rosidl_typesupport_introspection_c.so" to ""
[14.510s] -- Installing: /home/rdpi/Documents/TieDan/d2ros2/chapt3/chapt3_ws/install/example_ros2_interfaces/lib/libexample_ros2_interfaces__rosidl_typesupport_c.so
[14.512s] -- Set runtime path of "/home/rdpi/Documents/TieDan/d2ros2/chapt3/chapt3_ws/install/example_ros2_interfaces/lib/libexample_ros2_interfaces__rosidl_typesupport_c.so" to ""
[14.512s] -- Up-to-date: /home/rdpi/Documents/TieDan/d2ros2/chapt3/chapt3_ws/install/example_ros2_interfaces/include/example_ros2_interfaces/example_ros2_interfaces
[14.513s] -- Up-to-date: /home/rdpi/Documents/TieDan/d2ros2/chapt3/chapt3_ws/install/example_ros2_interfaces/include/example_ros2_interfaces/example_ros2_interfaces/msg
[14.513s] -- Installing: /home/rdpi/Documents/TieDan/d2ros2/chapt3/chapt3_ws/install/example_ros2_interfaces/include/example_ros2_interfaces/example_ros2_interfaces/msg/robot_status.hpp
[14.514s] -- Installing: /home/rdpi/Documents/TieDan/d2ros2/chapt3/chapt3_ws/install/example_ros2_interfaces/include/example_ros2_interfaces/example_ros2_interfaces/msg/robot_pose.hpp
[14.514s] -- Up-to-date: /home/rdpi/Documents/TieDan/d2ros2/chapt3/chapt3_ws/install/example_ros2_interfaces/include/example_ros2_interfaces/example_ros2_interfaces/msg/detail
[14.515s] -- Installing: /home/rdpi/Documents/TieDan/d2ros2/chapt3/chapt3_ws/install/example_ros2_interfaces/include/example_ros2_interfaces/example_ros2_interfaces/msg/detail/robot_status__struct.hpp
[14.515s] -- Installing: /home/rdpi/Documents/TieDan/d2ros2/chapt3/chapt3_ws/install/example_ros2_interfaces/include/example_ros2_interfaces/example_ros2_interfaces/msg/detail/robot_pose__struct.hpp
[14.515s] -- Installing: /home/rdpi/Documents/TieDan/d2ros2/chapt3/chapt3_ws/install/example_ros2_interfaces/include/example_ros2_interfaces/example_ros2_interfaces/msg/detail/robot_status__traits.hpp
[14.516s] -- Installing: /home/rdpi/Documents/TieDan/d2ros2/chapt3/chapt3_ws/install/example_ros2_interfaces/include/example_ros2_interfaces/example_ros2_interfaces/msg/detail/robot_pose__builder.hpp
[14.516s] -- Installing: /home/rdpi/Documents/TieDan/d2ros2/chapt3/chapt3_ws/install/example_ros2_interfaces/include/example_ros2_interfaces/example_ros2_interfaces/msg/detail/robot_status__builder.hpp
[14.517s] -- Installing: /home/rdpi/Documents/TieDan/d2ros2/chapt3/chapt3_ws/install/example_ros2_interfaces/include/example_ros2_interfaces/example_ros2_interfaces/msg/detail/robot_pose__traits.hpp
[14.517s] -- Up-to-date: /home/rdpi/Documents/TieDan/d2ros2/chapt3/chapt3_ws/install/example_ros2_interfaces/include/example_ros2_interfaces/example_ros2_interfaces/srv
[14.518s] -- Installing: /home/rdpi/Documents/TieDan/d2ros2/chapt3/chapt3_ws/install/example_ros2_interfaces/include/example_ros2_interfaces/example_ros2_interfaces/srv/move_robot.hpp
[14.518s] -- Up-to-date: /home/rdpi/Documents/TieDan/d2ros2/chapt3/chapt3_ws/install/example_ros2_interfaces/include/example_ros2_interfaces/example_ros2_interfaces/srv/detail
[14.519s] -- Installing: /home/rdpi/Documents/TieDan/d2ros2/chapt3/chapt3_ws/install/example_ros2_interfaces/include/example_ros2_interfaces/example_ros2_interfaces/srv/detail/move_robot__builder.hpp
[14.519s] -- Installing: /home/rdpi/Documents/TieDan/d2ros2/chapt3/chapt3_ws/install/example_ros2_interfaces/include/example_ros2_interfaces/example_ros2_interfaces/srv/detail/move_robot__traits.hpp
[14.520s] -- Installing: /home/rdpi/Documents/TieDan/d2ros2/chapt3/chapt3_ws/install/example_ros2_interfaces/include/example_ros2_interfaces/example_ros2_interfaces/srv/detail/move_robot__struct.hpp
[14.520s] -- Up-to-date: /home/rdpi/Documents/TieDan/d2ros2/chapt3/chapt3_ws/install/example_ros2_interfaces/include/example_ros2_interfaces/example_ros2_interfaces
[14.520s] -- Up-to-date: /home/rdpi/Documents/TieDan/d2ros2/chapt3/chapt3_ws/install/example_ros2_interfaces/include/example_ros2_interfaces/example_ros2_interfaces/msg
[14.521s] -- Installing: /home/rdpi/Documents/TieDan/d2ros2/chapt3/chapt3_ws/install/example_ros2_interfaces/include/example_ros2_interfaces/example_ros2_interfaces/msg/rosidl_typesupport_fastrtps_cpp__visibility_control.h
[14.521s] -- Up-to-date: /home/rdpi/Documents/TieDan/d2ros2/chapt3/chapt3_ws/install/example_ros2_interfaces/include/example_ros2_interfaces/example_ros2_interfaces/msg/detail
[14.522s] -- Installing: /home/rdpi/Documents/TieDan/d2ros2/chapt3/chapt3_ws/install/example_ros2_interfaces/include/example_ros2_interfaces/example_ros2_interfaces/msg/detail/robot_pose__rosidl_typesupport_fastrtps_cpp.hpp
[14.522s] -- Installing: /home/rdpi/Documents/TieDan/d2ros2/chapt3/chapt3_ws/install/example_ros2_interfaces/include/example_ros2_interfaces/example_ros2_interfaces/msg/detail/dds_fastrtps
[14.523s] -- Installing: /home/rdpi/Documents/TieDan/d2ros2/chapt3/chapt3_ws/install/example_ros2_interfaces/include/example_ros2_interfaces/example_ros2_interfaces/msg/detail/robot_status__rosidl_typesupport_fastrtps_cpp.hpp
[14.523s] -- Up-to-date: /home/rdpi/Documents/TieDan/d2ros2/chapt3/chapt3_ws/install/example_ros2_interfaces/include/example_ros2_interfaces/example_ros2_interfaces/srv
[14.524s] -- Up-to-date: /home/rdpi/Documents/TieDan/d2ros2/chapt3/chapt3_ws/install/example_ros2_interfaces/include/example_ros2_interfaces/example_ros2_interfaces/srv/detail
[14.524s] -- Installing: /home/rdpi/Documents/TieDan/d2ros2/chapt3/chapt3_ws/install/example_ros2_interfaces/include/example_ros2_interfaces/example_ros2_interfaces/srv/detail/dds_fastrtps
[14.524s] -- Installing: /home/rdpi/Documents/TieDan/d2ros2/chapt3/chapt3_ws/install/example_ros2_interfaces/include/example_ros2_interfaces/example_ros2_interfaces/srv/detail/move_robot__rosidl_typesupport_fastrtps_cpp.hpp
[14.525s] -- Installing: /home/rdpi/Documents/TieDan/d2ros2/chapt3/chapt3_ws/install/example_ros2_interfaces/lib/libexample_ros2_interfaces__rosidl_typesupport_fastrtps_cpp.so
[14.525s] -- Set runtime path of "/home/rdpi/Documents/TieDan/d2ros2/chapt3/chapt3_ws/install/example_ros2_interfaces/lib/libexample_ros2_interfaces__rosidl_typesupport_fastrtps_cpp.so" to ""
[14.526s] -- Up-to-date: /home/rdpi/Documents/TieDan/d2ros2/chapt3/chapt3_ws/install/example_ros2_interfaces/include/example_ros2_interfaces/example_ros2_interfaces
[14.526s] -- Up-to-date: /home/rdpi/Documents/TieDan/d2ros2/chapt3/chapt3_ws/install/example_ros2_interfaces/include/example_ros2_interfaces/example_ros2_interfaces/msg
[14.527s] -- Up-to-date: /home/rdpi/Documents/TieDan/d2ros2/chapt3/chapt3_ws/install/example_ros2_interfaces/include/example_ros2_interfaces/example_ros2_interfaces/msg/detail
[14.528s] -- Installing: /home/rdpi/Documents/TieDan/d2ros2/chapt3/chapt3_ws/install/example_ros2_interfaces/include/example_ros2_interfaces/example_ros2_interfaces/msg/detail/robot_pose__type_support.cpp
[14.528s] -- Installing: /home/rdpi/Documents/TieDan/d2ros2/chapt3/chapt3_ws/install/example_ros2_interfaces/include/example_ros2_interfaces/example_ros2_interfaces/msg/detail/robot_status__rosidl_typesupport_introspection_cpp.hpp
[14.529s] -- Installing: /home/rdpi/Documents/TieDan/d2ros2/chapt3/chapt3_ws/install/example_ros2_interfaces/include/example_ros2_interfaces/example_ros2_interfaces/msg/detail/robot_pose__rosidl_typesupport_introspection_cpp.hpp
[14.529s] -- Installing: /home/rdpi/Documents/TieDan/d2ros2/chapt3/chapt3_ws/install/example_ros2_interfaces/include/example_ros2_interfaces/example_ros2_interfaces/msg/detail/robot_status__type_support.cpp
[14.530s] -- Up-to-date: /home/rdpi/Documents/TieDan/d2ros2/chapt3/chapt3_ws/install/example_ros2_interfaces/include/example_ros2_interfaces/example_ros2_interfaces/srv
[14.530s] -- Up-to-date: /home/rdpi/Documents/TieDan/d2ros2/chapt3/chapt3_ws/install/example_ros2_interfaces/include/example_ros2_interfaces/example_ros2_interfaces/srv/detail
[14.530s] -- Installing: /home/rdpi/Documents/TieDan/d2ros2/chapt3/chapt3_ws/install/example_ros2_interfaces/include/example_ros2_interfaces/example_ros2_interfaces/srv/detail/move_robot__rosidl_typesupport_introspection_cpp.hpp
[14.531s] -- Installing: /home/rdpi/Documents/TieDan/d2ros2/chapt3/chapt3_ws/install/example_ros2_interfaces/include/example_ros2_interfaces/example_ros2_interfaces/srv/detail/move_robot__type_support.cpp
[14.531s] -- Installing: /home/rdpi/Documents/TieDan/d2ros2/chapt3/chapt3_ws/install/example_ros2_interfaces/lib/libexample_ros2_interfaces__rosidl_typesupport_introspection_cpp.so
[14.531s] -- Set runtime path of "/home/rdpi/Documents/TieDan/d2ros2/chapt3/chapt3_ws/install/example_ros2_interfaces/lib/libexample_ros2_interfaces__rosidl_typesupport_introspection_cpp.so" to ""
[14.531s] -- Installing: /home/rdpi/Documents/TieDan/d2ros2/chapt3/chapt3_ws/install/example_ros2_interfaces/lib/libexample_ros2_interfaces__rosidl_typesupport_cpp.so
[14.531s] -- Set runtime path of "/home/rdpi/Documents/TieDan/d2ros2/chapt3/chapt3_ws/install/example_ros2_interfaces/lib/libexample_ros2_interfaces__rosidl_typesupport_cpp.so" to ""
[14.532s] -- Installing: /home/rdpi/Documents/TieDan/d2ros2/chapt3/chapt3_ws/install/example_ros2_interfaces/share/example_ros2_interfaces/environment/pythonpath.sh
[14.532s] -- Installing: /home/rdpi/Documents/TieDan/d2ros2/chapt3/chapt3_ws/install/example_ros2_interfaces/share/example_ros2_interfaces/environment/pythonpath.dsv
[14.532s] -- Installing: /home/rdpi/Documents/TieDan/d2ros2/chapt3/chapt3_ws/install/example_ros2_interfaces/local/lib/python3.10/dist-packages/example_ros2_interfaces-0.0.0-py3.10.egg-info
[14.532s] -- Installing: /home/rdpi/Documents/TieDan/d2ros2/chapt3/chapt3_ws/install/example_ros2_interfaces/local/lib/python3.10/dist-packages/example_ros2_interfaces-0.0.0-py3.10.egg-info/dependency_links.txt
[14.532s] -- Installing: /home/rdpi/Documents/TieDan/d2ros2/chapt3/chapt3_ws/install/example_ros2_interfaces/local/lib/python3.10/dist-packages/example_ros2_interfaces-0.0.0-py3.10.egg-info/SOURCES.txt
[14.532s] -- Installing: /home/rdpi/Documents/TieDan/d2ros2/chapt3/chapt3_ws/install/example_ros2_interfaces/local/lib/python3.10/dist-packages/example_ros2_interfaces-0.0.0-py3.10.egg-info/PKG-INFO
[14.533s] -- Installing: /home/rdpi/Documents/TieDan/d2ros2/chapt3/chapt3_ws/install/example_ros2_interfaces/local/lib/python3.10/dist-packages/example_ros2_interfaces-0.0.0-py3.10.egg-info/top_level.txt
[14.533s] -- Installing: /home/rdpi/Documents/TieDan/d2ros2/chapt3/chapt3_ws/install/example_ros2_interfaces/local/lib/python3.10/dist-packages/example_ros2_interfaces
[14.534s] -- Installing: /home/rdpi/Documents/TieDan/d2ros2/chapt3/chapt3_ws/install/example_ros2_interfaces/local/lib/python3.10/dist-packages/example_ros2_interfaces/example_ros2_interfaces_s__rosidl_typesupport_introspection_c.cpython-310-x86_64-linux-gnu.so
[14.534s] -- Installing: /home/rdpi/Documents/TieDan/d2ros2/chapt3/chapt3_ws/install/example_ros2_interfaces/local/lib/python3.10/dist-packages/example_ros2_interfaces/libexample_ros2_interfaces__rosidl_generator_py.so
[14.535s] -- Installing: /home/rdpi/Documents/TieDan/d2ros2/chapt3/chapt3_ws/install/example_ros2_interfaces/local/lib/python3.10/dist-packages/example_ros2_interfaces/msg
[14.535s] -- Installing: /home/rdpi/Documents/TieDan/d2ros2/chapt3/chapt3_ws/install/example_ros2_interfaces/local/lib/python3.10/dist-packages/example_ros2_interfaces/msg/_robot_status.py
[14.535s] -- Installing: /home/rdpi/Documents/TieDan/d2ros2/chapt3/chapt3_ws/install/example_ros2_interfaces/local/lib/python3.10/dist-packages/example_ros2_interfaces/msg/_robot_status_s.c
[14.536s] -- Installing: /home/rdpi/Documents/TieDan/d2ros2/chapt3/chapt3_ws/install/example_ros2_interfaces/local/lib/python3.10/dist-packages/example_ros2_interfaces/msg/_robot_pose_s.c
[14.536s] -- Installing: /home/rdpi/Documents/TieDan/d2ros2/chapt3/chapt3_ws/install/example_ros2_interfaces/local/lib/python3.10/dist-packages/example_ros2_interfaces/msg/__init__.py
[14.536s] -- Installing: /home/rdpi/Documents/TieDan/d2ros2/chapt3/chapt3_ws/install/example_ros2_interfaces/local/lib/python3.10/dist-packages/example_ros2_interfaces/msg/_robot_pose.py
[14.539s] -- Installing: /home/rdpi/Documents/TieDan/d2ros2/chapt3/chapt3_ws/install/example_ros2_interfaces/local/lib/python3.10/dist-packages/example_ros2_interfaces/_example_ros2_interfaces_s.ep.rosidl_typesupport_c.c
[14.539s] -- Installing: /home/rdpi/Documents/TieDan/d2ros2/chapt3/chapt3_ws/install/example_ros2_interfaces/local/lib/python3.10/dist-packages/example_ros2_interfaces/srv
[14.540s] -- Installing: /home/rdpi/Documents/TieDan/d2ros2/chapt3/chapt3_ws/install/example_ros2_interfaces/local/lib/python3.10/dist-packages/example_ros2_interfaces/srv/_move_robot_s.c
[14.540s] -- Installing: /home/rdpi/Documents/TieDan/d2ros2/chapt3/chapt3_ws/install/example_ros2_interfaces/local/lib/python3.10/dist-packages/example_ros2_interfaces/srv/__init__.py
[14.540s] -- Installing: /home/rdpi/Documents/TieDan/d2ros2/chapt3/chapt3_ws/install/example_ros2_interfaces/local/lib/python3.10/dist-packages/example_ros2_interfaces/srv/_move_robot.py
[14.540s] -- Installing: /home/rdpi/Documents/TieDan/d2ros2/chapt3/chapt3_ws/install/example_ros2_interfaces/local/lib/python3.10/dist-packages/example_ros2_interfaces/__init__.py
[14.541s] -- Installing: /home/rdpi/Documents/TieDan/d2ros2/chapt3/chapt3_ws/install/example_ros2_interfaces/local/lib/python3.10/dist-packages/example_ros2_interfaces/_example_ros2_interfaces_s.ep.rosidl_typesupport_fastrtps_c.c
[14.541s] -- Installing: /home/rdpi/Documents/TieDan/d2ros2/chapt3/chapt3_ws/install/example_ros2_interfaces/local/lib/python3.10/dist-packages/example_ros2_interfaces/example_ros2_interfaces_s__rosidl_typesupport_fastrtps_c.cpython-310-x86_64-linux-gnu.so
[14.541s] -- Installing: /home/rdpi/Documents/TieDan/d2ros2/chapt3/chapt3_ws/install/example_ros2_interfaces/local/lib/python3.10/dist-packages/example_ros2_interfaces/example_ros2_interfaces_s__rosidl_typesupport_c.cpython-310-x86_64-linux-gnu.so
[14.541s] -- Installing: /home/rdpi/Documents/TieDan/d2ros2/chapt3/chapt3_ws/install/example_ros2_interfaces/local/lib/python3.10/dist-packages/example_ros2_interfaces/_example_ros2_interfaces_s.ep.rosidl_typesupport_introspection_c.c
[14.591s] Listing '/home/rdpi/Documents/TieDan/d2ros2/chapt3/chapt3_ws/install/example_ros2_interfaces/local/lib/python3.10/dist-packages/example_ros2_interfaces'...
[14.592s] Compiling '/home/rdpi/Documents/TieDan/d2ros2/chapt3/chapt3_ws/install/example_ros2_interfaces/local/lib/python3.10/dist-packages/example_ros2_interfaces/__init__.py'...
[14.592s] Listing '/home/rdpi/Documents/TieDan/d2ros2/chapt3/chapt3_ws/install/example_ros2_interfaces/local/lib/python3.10/dist-packages/example_ros2_interfaces/msg'...
[14.592s] Compiling '/home/rdpi/Documents/TieDan/d2ros2/chapt3/chapt3_ws/install/example_ros2_interfaces/local/lib/python3.10/dist-packages/example_ros2_interfaces/msg/__init__.py'...
[14.592s] Compiling '/home/rdpi/Documents/TieDan/d2ros2/chapt3/chapt3_ws/install/example_ros2_interfaces/local/lib/python3.10/dist-packages/example_ros2_interfaces/msg/_robot_pose.py'...
[14.592s] Compiling '/home/rdpi/Documents/TieDan/d2ros2/chapt3/chapt3_ws/install/example_ros2_interfaces/local/lib/python3.10/dist-packages/example_ros2_interfaces/msg/_robot_status.py'...
[14.592s] Listing '/home/rdpi/Documents/TieDan/d2ros2/chapt3/chapt3_ws/install/example_ros2_interfaces/local/lib/python3.10/dist-packages/example_ros2_interfaces/srv'...
[14.592s] Compiling '/home/rdpi/Documents/TieDan/d2ros2/chapt3/chapt3_ws/install/example_ros2_interfaces/local/lib/python3.10/dist-packages/example_ros2_interfaces/srv/__init__.py'...
[14.592s] Compiling '/home/rdpi/Documents/TieDan/d2ros2/chapt3/chapt3_ws/install/example_ros2_interfaces/local/lib/python3.10/dist-packages/example_ros2_interfaces/srv/_move_robot.py'...
[14.604s] -- Installing: /home/rdpi/Documents/TieDan/d2ros2/chapt3/chapt3_ws/install/example_ros2_interfaces/local/lib/python3.10/dist-packages/example_ros2_interfaces/example_ros2_interfaces_s__rosidl_typesupport_fastrtps_c.cpython-310-x86_64-linux-gnu.so
[14.605s] -- Set runtime path of "/home/rdpi/Documents/TieDan/d2ros2/chapt3/chapt3_ws/install/example_ros2_interfaces/local/lib/python3.10/dist-packages/example_ros2_interfaces/example_ros2_interfaces_s__rosidl_typesupport_fastrtps_c.cpython-310-x86_64-linux-gnu.so" to ""
[14.606s] -- Installing: /home/rdpi/Documents/TieDan/d2ros2/chapt3/chapt3_ws/install/example_ros2_interfaces/local/lib/python3.10/dist-packages/example_ros2_interfaces/example_ros2_interfaces_s__rosidl_typesupport_introspection_c.cpython-310-x86_64-linux-gnu.so
[14.607s] -- Set runtime path of "/home/rdpi/Documents/TieDan/d2ros2/chapt3/chapt3_ws/install/example_ros2_interfaces/local/lib/python3.10/dist-packages/example_ros2_interfaces/example_ros2_interfaces_s__rosidl_typesupport_introspection_c.cpython-310-x86_64-linux-gnu.so" to ""
[14.607s] -- Installing: /home/rdpi/Documents/TieDan/d2ros2/chapt3/chapt3_ws/install/example_ros2_interfaces/local/lib/python3.10/dist-packages/example_ros2_interfaces/example_ros2_interfaces_s__rosidl_typesupport_c.cpython-310-x86_64-linux-gnu.so
[14.607s] -- Set runtime path of "/home/rdpi/Documents/TieDan/d2ros2/chapt3/chapt3_ws/install/example_ros2_interfaces/local/lib/python3.10/dist-packages/example_ros2_interfaces/example_ros2_interfaces_s__rosidl_typesupport_c.cpython-310-x86_64-linux-gnu.so" to ""
[14.608s] -- Installing: /home/rdpi/Documents/TieDan/d2ros2/chapt3/chapt3_ws/install/example_ros2_interfaces/lib/libexample_ros2_interfaces__rosidl_generator_py.so
[14.608s] -- Set runtime path of "/home/rdpi/Documents/TieDan/d2ros2/chapt3/chapt3_ws/install/example_ros2_interfaces/lib/libexample_ros2_interfaces__rosidl_generator_py.so" to ""
[14.609s] -- Installing: /home/rdpi/Documents/TieDan/d2ros2/chapt3/chapt3_ws/install/example_ros2_interfaces/share/example_ros2_interfaces/msg/RobotPose.idl
[14.609s] -- Installing: /home/rdpi/Documents/TieDan/d2ros2/chapt3/chapt3_ws/install/example_ros2_interfaces/share/example_ros2_interfaces/msg/RobotStatus.idl
[14.610s] -- Installing: /home/rdpi/Documents/TieDan/d2ros2/chapt3/chapt3_ws/install/example_ros2_interfaces/share/example_ros2_interfaces/srv/MoveRobot.idl
[14.610s] -- Installing: /home/rdpi/Documents/TieDan/d2ros2/chapt3/chapt3_ws/install/example_ros2_interfaces/share/example_ros2_interfaces/msg/RobotPose.msg
[14.611s] -- Installing: /home/rdpi/Documents/TieDan/d2ros2/chapt3/chapt3_ws/install/example_ros2_interfaces/share/example_ros2_interfaces/msg/RobotStatus.msg
[14.611s] -- Installing: /home/rdpi/Documents/TieDan/d2ros2/chapt3/chapt3_ws/install/example_ros2_interfaces/share/example_ros2_interfaces/srv/MoveRobot.srv
[14.612s] -- Installing: /home/rdpi/Documents/TieDan/d2ros2/chapt3/chapt3_ws/install/example_ros2_interfaces/share/example_ros2_interfaces/srv/MoveRobot_Request.msg
[14.612s] -- Installing: /home/rdpi/Documents/TieDan/d2ros2/chapt3/chapt3_ws/install/example_ros2_interfaces/share/example_ros2_interfaces/srv/MoveRobot_Response.msg
[14.612s] -- Installing: /home/rdpi/Documents/TieDan/d2ros2/chapt3/chapt3_ws/install/example_ros2_interfaces/share/ament_index/resource_index/package_run_dependencies/example_ros2_interfaces
[14.613s] -- Installing: /home/rdpi/Documents/TieDan/d2ros2/chapt3/chapt3_ws/install/example_ros2_interfaces/share/ament_index/resource_index/parent_prefix_path/example_ros2_interfaces
[14.613s] -- Installing: /home/rdpi/Documents/TieDan/d2ros2/chapt3/chapt3_ws/install/example_ros2_interfaces/share/example_ros2_interfaces/environment/ament_prefix_path.sh
[14.615s] -- Installing: /home/rdpi/Documents/TieDan/d2ros2/chapt3/chapt3_ws/install/example_ros2_interfaces/share/example_ros2_interfaces/environment/ament_prefix_path.dsv
[14.615s] -- Installing: /home/rdpi/Documents/TieDan/d2ros2/chapt3/chapt3_ws/install/example_ros2_interfaces/share/example_ros2_interfaces/environment/path.sh
[14.616s] -- Installing: /home/rdpi/Documents/TieDan/d2ros2/chapt3/chapt3_ws/install/example_ros2_interfaces/share/example_ros2_interfaces/environment/path.dsv
[14.616s] -- Installing: /home/rdpi/Documents/TieDan/d2ros2/chapt3/chapt3_ws/install/example_ros2_interfaces/share/example_ros2_interfaces/local_setup.bash
[14.617s] -- Installing: /home/rdpi/Documents/TieDan/d2ros2/chapt3/chapt3_ws/install/example_ros2_interfaces/share/example_ros2_interfaces/local_setup.sh
[14.617s] -- Installing: /home/rdpi/Documents/TieDan/d2ros2/chapt3/chapt3_ws/install/example_ros2_interfaces/share/example_ros2_interfaces/local_setup.zsh
[14.617s] -- Installing: /home/rdpi/Documents/TieDan/d2ros2/chapt3/chapt3_ws/install/example_ros2_interfaces/share/example_ros2_interfaces/local_setup.dsv
[14.618s] -- Installing: /home/rdpi/Documents/TieDan/d2ros2/chapt3/chapt3_ws/install/example_ros2_interfaces/share/example_ros2_interfaces/package.dsv
[14.618s] -- Installing: /home/rdpi/Documents/TieDan/d2ros2/chapt3/chapt3_ws/install/example_ros2_interfaces/share/ament_index/resource_index/packages/example_ros2_interfaces
[14.619s] -- Installing: /home/rdpi/Documents/TieDan/d2ros2/chapt3/chapt3_ws/install/example_ros2_interfaces/share/example_ros2_interfaces/cmake/export_example_ros2_interfaces__rosidl_generator_cExport.cmake
[14.620s] -- Installing: /home/rdpi/Documents/TieDan/d2ros2/chapt3/chapt3_ws/install/example_ros2_interfaces/share/example_ros2_interfaces/cmake/export_example_ros2_interfaces__rosidl_generator_cExport-noconfig.cmake
[14.620s] -- Installing: /home/rdpi/Documents/TieDan/d2ros2/chapt3/chapt3_ws/install/example_ros2_interfaces/share/example_ros2_interfaces/cmake/export_example_ros2_interfaces__rosidl_typesupport_fastrtps_cExport.cmake
[14.620s] -- Installing: /home/rdpi/Documents/TieDan/d2ros2/chapt3/chapt3_ws/install/example_ros2_interfaces/share/example_ros2_interfaces/cmake/export_example_ros2_interfaces__rosidl_typesupport_fastrtps_cExport-noconfig.cmake
[14.621s] -- Installing: /home/rdpi/Documents/TieDan/d2ros2/chapt3/chapt3_ws/install/example_ros2_interfaces/share/example_ros2_interfaces/cmake/example_ros2_interfaces__rosidl_typesupport_introspection_cExport.cmake
[14.621s] -- Installing: /home/rdpi/Documents/TieDan/d2ros2/chapt3/chapt3_ws/install/example_ros2_interfaces/share/example_ros2_interfaces/cmake/example_ros2_interfaces__rosidl_typesupport_introspection_cExport-noconfig.cmake
[14.622s] -- Installing: /home/rdpi/Documents/TieDan/d2ros2/chapt3/chapt3_ws/install/example_ros2_interfaces/share/example_ros2_interfaces/cmake/example_ros2_interfaces__rosidl_typesupport_cExport.cmake
[14.622s] -- Installing: /home/rdpi/Documents/TieDan/d2ros2/chapt3/chapt3_ws/install/example_ros2_interfaces/share/example_ros2_interfaces/cmake/example_ros2_interfaces__rosidl_typesupport_cExport-noconfig.cmake
[14.623s] -- Installing: /home/rdpi/Documents/TieDan/d2ros2/chapt3/chapt3_ws/install/example_ros2_interfaces/share/example_ros2_interfaces/cmake/export_example_ros2_interfaces__rosidl_generator_cppExport.cmake
[14.623s] -- Installing: /home/rdpi/Documents/TieDan/d2ros2/chapt3/chapt3_ws/install/example_ros2_interfaces/share/example_ros2_interfaces/cmake/export_example_ros2_interfaces__rosidl_typesupport_fastrtps_cppExport.cmake
[14.624s] -- Installing: /home/rdpi/Documents/TieDan/d2ros2/chapt3/chapt3_ws/install/example_ros2_interfaces/share/example_ros2_interfaces/cmake/export_example_ros2_interfaces__rosidl_typesupport_fastrtps_cppExport-noconfig.cmake
[14.624s] -- Installing: /home/rdpi/Documents/TieDan/d2ros2/chapt3/chapt3_ws/install/example_ros2_interfaces/share/example_ros2_interfaces/cmake/example_ros2_interfaces__rosidl_typesupport_introspection_cppExport.cmake
[14.625s] -- Installing: /home/rdpi/Documents/TieDan/d2ros2/chapt3/chapt3_ws/install/example_ros2_interfaces/share/example_ros2_interfaces/cmake/example_ros2_interfaces__rosidl_typesupport_introspection_cppExport-noconfig.cmake
[14.625s] -- Installing: /home/rdpi/Documents/TieDan/d2ros2/chapt3/chapt3_ws/install/example_ros2_interfaces/share/example_ros2_interfaces/cmake/example_ros2_interfaces__rosidl_typesupport_cppExport.cmake
[14.625s] -- Installing: /home/rdpi/Documents/TieDan/d2ros2/chapt3/chapt3_ws/install/example_ros2_interfaces/share/example_ros2_interfaces/cmake/example_ros2_interfaces__rosidl_typesupport_cppExport-noconfig.cmake
[14.626s] -- Installing: /home/rdpi/Documents/TieDan/d2ros2/chapt3/chapt3_ws/install/example_ros2_interfaces/share/example_ros2_interfaces/cmake/export_example_ros2_interfaces__rosidl_generator_pyExport.cmake
[14.626s] -- Installing: /home/rdpi/Documents/TieDan/d2ros2/chapt3/chapt3_ws/install/example_ros2_interfaces/share/example_ros2_interfaces/cmake/export_example_ros2_interfaces__rosidl_generator_pyExport-noconfig.cmake
[14.627s] -- Installing: /home/rdpi/Documents/TieDan/d2ros2/chapt3/chapt3_ws/install/example_ros2_interfaces/share/example_ros2_interfaces/cmake/rosidl_cmake-extras.cmake
[14.627s] -- Installing: /home/rdpi/Documents/TieDan/d2ros2/chapt3/chapt3_ws/install/example_ros2_interfaces/share/example_ros2_interfaces/cmake/ament_cmake_export_dependencies-extras.cmake
[14.627s] -- Installing: /home/rdpi/Documents/TieDan/d2ros2/chapt3/chapt3_ws/install/example_ros2_interfaces/share/example_ros2_interfaces/cmake/ament_cmake_export_include_directories-extras.cmake
[14.628s] -- Installing: /home/rdpi/Documents/TieDan/d2ros2/chapt3/chapt3_ws/install/example_ros2_interfaces/share/example_ros2_interfaces/cmake/ament_cmake_export_libraries-extras.cmake
[14.628s] -- Installing: /home/rdpi/Documents/TieDan/d2ros2/chapt3/chapt3_ws/install/example_ros2_interfaces/share/example_ros2_interfaces/cmake/ament_cmake_export_targets-extras.cmake
[14.629s] -- Installing: /home/rdpi/Documents/TieDan/d2ros2/chapt3/chapt3_ws/install/example_ros2_interfaces/share/example_ros2_interfaces/cmake/rosidl_cmake_export_typesupport_targets-extras.cmake
[14.629s] -- Installing: /home/rdpi/Documents/TieDan/d2ros2/chapt3/chapt3_ws/install/example_ros2_interfaces/share/example_ros2_interfaces/cmake/rosidl_cmake_export_typesupport_libraries-extras.cmake
[14.630s] -- Installing: /home/rdpi/Documents/TieDan/d2ros2/chapt3/chapt3_ws/install/example_ros2_interfaces/share/example_ros2_interfaces/cmake/example_ros2_interfacesConfig.cmake
[14.630s] -- Installing: /home/rdpi/Documents/TieDan/d2ros2/chapt3/chapt3_ws/install/example_ros2_interfaces/share/example_ros2_interfaces/cmake/example_ros2_interfacesConfig-version.cmake
[14.631s] -- Installing: /home/rdpi/Documents/TieDan/d2ros2/chapt3/chapt3_ws/install/example_ros2_interfaces/share/example_ros2_interfaces/package.xml
[14.633s] Invoked command in '/home/rdpi/Documents/TieDan/d2ros2/chapt3/chapt3_ws/build/example_ros2_interfaces' returned '0': CMAKE_PREFIX_PATH=/home/rdpi/Documents/TieDan/d2ros2/chapt3/chapt3_ws/src/install/example_service_rclpy:/home/rdpi/Documents/TieDan/d2ros2/chapt3/chapt3_ws/src/install/example_interfaces_rclpy:/opt/ros/humble /usr/bin/cmake --install /home/rdpi/Documents/TieDan/d2ros2/chapt3/chapt3_ws/build/example_ros2_interfaces
